{"C:\\Codingg\\Duasaku\\src\\components\\AddBudgetSheet.tsx": {"path":"C:\\Codingg\\Duasaku\\src\\components\\AddBudgetSheet.tsx","statementMap":{"0":{"start":{"line":37,"column":23},"end":{"line":536,"column":1}},"1":{"start":{"line":39,"column":24},"end":{"line":39,"column":38}},"2":{"start":{"line":40,"column":19},"end":{"line":40,"column":36}},"3":{"start":{"line":41,"column":88},"end":{"line":41,"column":106}},"4":{"start":{"line":42,"column":23},"end":{"line":42,"column":41}},"5":{"start":{"line":44,"column":52},"end":{"line":44,"column":81}},"6":{"start":{"line":45,"column":32},"end":{"line":45,"column":44}},"7":{"start":{"line":46,"column":44},"end":{"line":46,"column":56}},"8":{"start":{"line":47,"column":32},"end":{"line":47,"column":47}},"9":{"start":{"line":48,"column":30},"end":{"line":48,"column":59}},"10":{"start":{"line":51,"column":52},"end":{"line":51,"column":67}},"11":{"start":{"line":52,"column":40},"end":{"line":52,"column":52}},"12":{"start":{"line":53,"column":42},"end":{"line":53,"column":56}},"13":{"start":{"line":55,"column":23},"end":{"line":55,"column":92}},"14":{"start":{"line":55,"column":37},"end":{"line":55,"column":71}},"15":{"start":{"line":58,"column":4},"end":{"line":69,"column":36}},"16":{"start":{"line":59,"column":6},"end":{"line":67,"column":7}},"17":{"start":{"line":60,"column":8},"end":{"line":60,"column":47}},"18":{"start":{"line":61,"column":8},"end":{"line":61,"column":50}},"19":{"start":{"line":62,"column":8},"end":{"line":62,"column":110}},"20":{"start":{"line":64,"column":8},"end":{"line":64,"column":34}},"21":{"start":{"line":65,"column":8},"end":{"line":65,"column":22}},"22":{"start":{"line":66,"column":8},"end":{"line":66,"column":28}},"23":{"start":{"line":68,"column":6},"end":{"line":68,"column":21}},"24":{"start":{"line":71,"column":31},"end":{"line":81,"column":5}},"25":{"start":{"line":73,"column":8},"end":{"line":78,"column":9}},"26":{"start":{"line":74,"column":10},"end":{"line":74,"column":22}},"27":{"start":{"line":75,"column":10},"end":{"line":75,"column":36}},"28":{"start":{"line":76,"column":10},"end":{"line":76,"column":24}},"29":{"start":{"line":77,"column":10},"end":{"line":77,"column":25}},"30":{"start":{"line":83,"column":32},"end":{"line":87,"column":5}},"31":{"start":{"line":84,"column":18},"end":{"line":84,"column":54}},"32":{"start":{"line":85,"column":6},"end":{"line":85,"column":32}},"33":{"start":{"line":85,"column":22},"end":{"line":85,"column":32}},"34":{"start":{"line":86,"column":6},"end":{"line":86,"column":41}},"35":{"start":{"line":89,"column":31},"end":{"line":93,"column":5}},"36":{"start":{"line":91,"column":18},"end":{"line":91,"column":41}},"37":{"start":{"line":92,"column":6},"end":{"line":92,"column":21}},"38":{"start":{"line":95,"column":23},"end":{"line":156,"column":5}},"39":{"start":{"line":96,"column":27},"end":{"line":96,"column":43}},"40":{"start":{"line":98,"column":6},"end":{"line":110,"column":7}},"41":{"start":{"line":99,"column":8},"end":{"line":102,"column":9}},"42":{"start":{"line":100,"column":10},"end":{"line":100,"column":45}},"43":{"start":{"line":101,"column":10},"end":{"line":101,"column":17}},"44":{"start":{"line":103,"column":8},"end":{"line":108,"column":11}},"45":{"start":{"line":109,"column":8},"end":{"line":109,"column":43}},"46":{"start":{"line":112,"column":6},"end":{"line":115,"column":7}},"47":{"start":{"line":113,"column":8},"end":{"line":113,"column":40}},"48":{"start":{"line":114,"column":8},"end":{"line":114,"column":15}},"49":{"start":{"line":117,"column":24},"end":{"line":117,"column":44}},"50":{"start":{"line":118,"column":6},"end":{"line":121,"column":7}},"51":{"start":{"line":119,"column":8},"end":{"line":119,"column":48}},"52":{"start":{"line":120,"column":8},"end":{"line":120,"column":15}},"53":{"start":{"line":123,"column":6},"end":{"line":126,"column":7}},"54":{"start":{"line":124,"column":8},"end":{"line":124,"column":43}},"55":{"start":{"line":125,"column":8},"end":{"line":125,"column":15}},"56":{"start":{"line":128,"column":6},"end":{"line":128,"column":22}},"57":{"start":{"line":129,"column":6},"end":{"line":129,"column":21}},"58":{"start":{"line":131,"column":6},"end":{"line":155,"column":7}},"59":{"start":{"line":132,"column":26},"end":{"line":132,"column":79}},"60":{"start":{"line":135,"column":8},"end":{"line":137,"column":9}},"61":{"start":{"line":136,"column":10},"end":{"line":136,"column":55}},"62":{"start":{"line":140,"column":23},"end":{"line":140,"column":76}},"63":{"start":{"line":142,"column":8},"end":{"line":149,"column":9}},"64":{"start":{"line":143,"column":10},"end":{"line":143,"column":78}},"65":{"start":{"line":144,"column":10},"end":{"line":144,"column":22}},"66":{"start":{"line":145,"column":10},"end":{"line":145,"column":26}},"67":{"start":{"line":147,"column":10},"end":{"line":147,"column":61}},"68":{"start":{"line":148,"column":10},"end":{"line":148,"column":76}},"69":{"start":{"line":151,"column":8},"end":{"line":151,"column":59}},"70":{"start":{"line":152,"column":8},"end":{"line":152,"column":45}},"71":{"start":{"line":154,"column":8},"end":{"line":154,"column":25}},"72":{"start":{"line":158,"column":26},"end":{"line":166,"column":5}},"73":{"start":{"line":159,"column":6},"end":{"line":159,"column":33}},"74":{"start":{"line":160,"column":6},"end":{"line":160,"column":24}},"75":{"start":{"line":161,"column":6},"end":{"line":161,"column":27}},"76":{"start":{"line":162,"column":6},"end":{"line":162,"column":32}},"77":{"start":{"line":163,"column":6},"end":{"line":163,"column":20}},"78":{"start":{"line":164,"column":6},"end":{"line":164,"column":21}},"79":{"start":{"line":165,"column":6},"end":{"line":165,"column":37}},"80":{"start":{"line":168,"column":23},"end":{"line":176,"column":8}},"81":{"start":{"line":169,"column":17},"end":{"line":169,"column":38}},"82":{"start":{"line":170,"column":21},"end":{"line":170,"column":34}},"83":{"start":{"line":171,"column":21},"end":{"line":174,"column":7}},"84":{"start":{"line":175,"column":6},"end":{"line":175,"column":51}},"85":{"start":{"line":178,"column":4},"end":{"line":534,"column":6}},"86":{"start":{"line":233,"column":18},"end":{"line":233,"column":36}},"87":{"start":{"line":234,"column":18},"end":{"line":234,"column":73}},"88":{"start":{"line":261,"column":31},"end":{"line":261,"column":57}},"89":{"start":{"line":284,"column":20},"end":{"line":284,"column":46}},"90":{"start":{"line":285,"column":20},"end":{"line":285,"column":75}},"91":{"start":{"line":301,"column":37},"end":{"line":301,"column":65}},"92":{"start":{"line":302,"column":18},"end":{"line":333,"column":20}},"93":{"start":{"line":306,"column":24},"end":{"line":306,"column":53}},"94":{"start":{"line":307,"column":24},"end":{"line":307,"column":79}},"95":{"start":{"line":394,"column":14},"end":{"line":419,"column":33}},"96":{"start":{"line":397,"column":18},"end":{"line":397,"column":41}},"97":{"start":{"line":398,"column":18},"end":{"line":398,"column":73}},"98":{"start":{"line":457,"column":35},"end":{"line":457,"column":72}},"99":{"start":{"line":463,"column":14},"end":{"line":482,"column":33}},"100":{"start":{"line":466,"column":18},"end":{"line":466,"column":47}},"101":{"start":{"line":467,"column":18},"end":{"line":467,"column":73}},"102":{"start":{"line":538,"column":0},"end":{"line":538,"column":46}}},"fnMap":{"0":{"name":"(anonymous_0)","decl":{"start":{"line":38,"column":2},"end":{"line":38,"column":3}},"loc":{"start":{"line":38,"column":43},"end":{"line":535,"column":3}},"line":38},"1":{"name":"(anonymous_1)","decl":{"start":{"line":55,"column":31},"end":{"line":55,"column":32}},"loc":{"start":{"line":55,"column":37},"end":{"line":55,"column":71}},"line":55},"2":{"name":"(anonymous_2)","decl":{"start":{"line":58,"column":14},"end":{"line":58,"column":15}},"loc":{"start":{"line":58,"column":20},"end":{"line":69,"column":5}},"line":58},"3":{"name":"(anonymous_3)","decl":{"start":{"line":72,"column":6},"end":{"line":72,"column":7}},"loc":{"start":{"line":72,"column":25},"end":{"line":79,"column":7}},"line":72},"4":{"name":"(anonymous_4)","decl":{"start":{"line":83,"column":32},"end":{"line":83,"column":33}},"loc":{"start":{"line":83,"column":57},"end":{"line":87,"column":5}},"line":83},"5":{"name":"(anonymous_5)","decl":{"start":{"line":89,"column":31},"end":{"line":89,"column":32}},"loc":{"start":{"line":89,"column":49},"end":{"line":93,"column":5}},"line":89},"6":{"name":"(anonymous_6)","decl":{"start":{"line":95,"column":23},"end":{"line":95,"column":24}},"loc":{"start":{"line":95,"column":35},"end":{"line":156,"column":5}},"line":95},"7":{"name":"(anonymous_7)","decl":{"start":{"line":158,"column":26},"end":{"line":158,"column":27}},"loc":{"start":{"line":158,"column":32},"end":{"line":166,"column":5}},"line":158},"8":{"name":"(anonymous_8)","decl":{"start":{"line":168,"column":24},"end":{"line":168,"column":25}},"loc":{"start":{"line":168,"column":30},"end":{"line":176,"column":5}},"line":168},"9":{"name":"(anonymous_9)","decl":{"start":{"line":232,"column":26},"end":{"line":232,"column":27}},"loc":{"start":{"line":232,"column":33},"end":{"line":235,"column":17}},"line":232},"10":{"name":"(anonymous_10)","decl":{"start":{"line":261,"column":25},"end":{"line":261,"column":26}},"loc":{"start":{"line":261,"column":31},"end":{"line":261,"column":57}},"line":261},"11":{"name":"(anonymous_11)","decl":{"start":{"line":283,"column":27},"end":{"line":283,"column":28}},"loc":{"start":{"line":283,"column":33},"end":{"line":286,"column":19}},"line":283},"12":{"name":"(anonymous_12)","decl":{"start":{"line":300,"column":32},"end":{"line":300,"column":33}},"loc":{"start":{"line":300,"column":41},"end":{"line":334,"column":17}},"line":300},"13":{"name":"(anonymous_13)","decl":{"start":{"line":305,"column":31},"end":{"line":305,"column":32}},"loc":{"start":{"line":305,"column":37},"end":{"line":308,"column":23}},"line":305},"14":{"name":"(anonymous_14)","decl":{"start":{"line":393,"column":52},"end":{"line":393,"column":53}},"loc":{"start":{"line":394,"column":14},"end":{"line":419,"column":33}},"line":394},"15":{"name":"(anonymous_15)","decl":{"start":{"line":396,"column":25},"end":{"line":396,"column":26}},"loc":{"start":{"line":396,"column":31},"end":{"line":399,"column":17}},"line":396},"16":{"name":"(anonymous_16)","decl":{"start":{"line":457,"column":28},"end":{"line":457,"column":29}},"loc":{"start":{"line":457,"column":35},"end":{"line":457,"column":72}},"line":457},"17":{"name":"(anonymous_17)","decl":{"start":{"line":462,"column":51},"end":{"line":462,"column":52}},"loc":{"start":{"line":463,"column":14},"end":{"line":482,"column":33}},"line":463},"18":{"name":"(anonymous_18)","decl":{"start":{"line":465,"column":25},"end":{"line":465,"column":26}},"loc":{"start":{"line":465,"column":31},"end":{"line":468,"column":17}},"line":465}},"branchMap":{"0":{"loc":{"start":{"line":55,"column":38},"end":{"line":55,"column":70}},"type":"cond-expr","locations":[{"start":{"line":55,"column":57},"end":{"line":55,"column":62}},{"start":{"line":55,"column":65},"end":{"line":55,"column":70}}],"line":55},"1":{"loc":{"start":{"line":59,"column":6},"end":{"line":67,"column":7}},"type":"if","locations":[{"start":{"line":59,"column":6},"end":{"line":67,"column":7}},{"start":{"line":63,"column":13},"end":{"line":67,"column":7}}],"line":59},"2":{"loc":{"start":{"line":62,"column":24},"end":{"line":62,"column":108}},"type":"cond-expr","locations":[{"start":{"line":62,"column":61},"end":{"line":62,"column":103}},{"start":{"line":62,"column":106},"end":{"line":62,"column":108}}],"line":62},"3":{"loc":{"start":{"line":73,"column":8},"end":{"line":78,"column":9}},"type":"if","locations":[{"start":{"line":73,"column":8},"end":{"line":78,"column":9}},{"start":{},"end":{}}],"line":73},"4":{"loc":{"start":{"line":85,"column":6},"end":{"line":85,"column":32}},"type":"if","locations":[{"start":{"line":85,"column":6},"end":{"line":85,"column":32}},{"start":{},"end":{}}],"line":85},"5":{"loc":{"start":{"line":98,"column":6},"end":{"line":110,"column":7}},"type":"if","locations":[{"start":{"line":98,"column":6},"end":{"line":110,"column":7}},{"start":{},"end":{}}],"line":98},"6":{"loc":{"start":{"line":99,"column":8},"end":{"line":102,"column":9}},"type":"if","locations":[{"start":{"line":99,"column":8},"end":{"line":102,"column":9}},{"start":{},"end":{}}],"line":99},"7":{"loc":{"start":{"line":112,"column":6},"end":{"line":115,"column":7}},"type":"if","locations":[{"start":{"line":112,"column":6},"end":{"line":115,"column":7}},{"start":{},"end":{}}],"line":112},"8":{"loc":{"start":{"line":118,"column":6},"end":{"line":121,"column":7}},"type":"if","locations":[{"start":{"line":118,"column":6},"end":{"line":121,"column":7}},{"start":{},"end":{}}],"line":118},"9":{"loc":{"start":{"line":118,"column":10},"end":{"line":118,"column":38}},"type":"binary-expr","locations":[{"start":{"line":118,"column":10},"end":{"line":118,"column":20}},{"start":{"line":118,"column":24},"end":{"line":118,"column":38}}],"line":118},"10":{"loc":{"start":{"line":123,"column":6},"end":{"line":126,"column":7}},"type":"if","locations":[{"start":{"line":123,"column":6},"end":{"line":126,"column":7}},{"start":{},"end":{}}],"line":123},"11":{"loc":{"start":{"line":132,"column":26},"end":{"line":132,"column":79}},"type":"cond-expr","locations":[{"start":{"line":132,"column":41},"end":{"line":132,"column":67}},{"start":{"line":132,"column":70},"end":{"line":132,"column":79}}],"line":132},"12":{"loc":{"start":{"line":135,"column":8},"end":{"line":137,"column":9}},"type":"if","locations":[{"start":{"line":135,"column":8},"end":{"line":137,"column":9}},{"start":{},"end":{}}],"line":135},"13":{"loc":{"start":{"line":142,"column":8},"end":{"line":149,"column":9}},"type":"if","locations":[{"start":{"line":142,"column":8},"end":{"line":149,"column":9}},{"start":{"line":146,"column":15},"end":{"line":149,"column":9}}],"line":142},"14":{"loc":{"start":{"line":147,"column":19},"end":{"line":147,"column":59}},"type":"binary-expr","locations":[{"start":{"line":147,"column":19},"end":{"line":147,"column":31}},{"start":{"line":147,"column":35},"end":{"line":147,"column":59}}],"line":147},"15":{"loc":{"start":{"line":205,"column":17},"end":{"line":205,"column":98}},"type":"cond-expr","locations":[{"start":{"line":205,"column":36},"end":{"line":205,"column":53}},{"start":{"line":205,"column":56},"end":{"line":205,"column":98}}],"line":205},"16":{"loc":{"start":{"line":205,"column":56},"end":{"line":205,"column":98}},"type":"cond-expr","locations":[{"start":{"line":205,"column":67},"end":{"line":205,"column":80}},{"start":{"line":205,"column":83},"end":{"line":205,"column":98}}],"line":205},"17":{"loc":{"start":{"line":228,"column":11},"end":{"line":337,"column":11}},"type":"cond-expr","locations":[{"start":{"line":229,"column":12},"end":{"line":266,"column":19}},{"start":{"line":268,"column":12},"end":{"line":336,"column":15}}],"line":228},"18":{"loc":{"start":{"line":313,"column":41},"end":{"line":313,"column":82}},"type":"cond-expr","locations":[{"start":{"line":313,"column":54},"end":{"line":313,"column":70}},{"start":{"line":313,"column":73},"end":{"line":313,"column":82}}],"line":313},"19":{"loc":{"start":{"line":315,"column":37},"end":{"line":315,"column":71}},"type":"cond-expr","locations":[{"start":{"line":315,"column":50},"end":{"line":315,"column":59}},{"start":{"line":315,"column":62},"end":{"line":315,"column":71}}],"line":315},"20":{"loc":{"start":{"line":324,"column":38},"end":{"line":324,"column":77}},"type":"cond-expr","locations":[{"start":{"line":324,"column":51},"end":{"line":324,"column":67}},{"start":{"line":324,"column":70},"end":{"line":324,"column":77}}],"line":324},"21":{"loc":{"start":{"line":326,"column":33},"end":{"line":326,"column":67}},"type":"cond-expr","locations":[{"start":{"line":326,"column":46},"end":{"line":326,"column":55}},{"start":{"line":326,"column":58},"end":{"line":326,"column":67}}],"line":326},"22":{"loc":{"start":{"line":331,"column":23},"end":{"line":331,"column":74}},"type":"binary-expr","locations":[{"start":{"line":331,"column":23},"end":{"line":331,"column":33}},{"start":{"line":331,"column":37},"end":{"line":331,"column":74}}],"line":331},"23":{"loc":{"start":{"line":386,"column":21},"end":{"line":386,"column":62}},"type":"cond-expr","locations":[{"start":{"line":386,"column":30},"end":{"line":386,"column":57}},{"start":{"line":386,"column":60},"end":{"line":386,"column":62}}],"line":386},"24":{"loc":{"start":{"line":406,"column":31},"end":{"line":406,"column":77}},"type":"cond-expr","locations":[{"start":{"line":406,"column":56},"end":{"line":406,"column":65}},{"start":{"line":406,"column":68},"end":{"line":406,"column":77}}],"line":406},"25":{"loc":{"start":{"line":414,"column":27},"end":{"line":414,"column":73}},"type":"cond-expr","locations":[{"start":{"line":414,"column":52},"end":{"line":414,"column":61}},{"start":{"line":414,"column":64},"end":{"line":414,"column":73}}],"line":414},"26":{"loc":{"start":{"line":417,"column":19},"end":{"line":417,"column":76}},"type":"cond-expr","locations":[{"start":{"line":417,"column":36},"end":{"line":417,"column":56}},{"start":{"line":417,"column":59},"end":{"line":417,"column":76}}],"line":417},"27":{"loc":{"start":{"line":456,"column":21},"end":{"line":456,"column":74}},"type":"cond-expr","locations":[{"start":{"line":456,"column":36},"end":{"line":456,"column":69}},{"start":{"line":456,"column":72},"end":{"line":456,"column":74}}],"line":456},"28":{"loc":{"start":{"line":475,"column":31},"end":{"line":475,"column":83}},"type":"cond-expr","locations":[{"start":{"line":475,"column":62},"end":{"line":475,"column":71}},{"start":{"line":475,"column":74},"end":{"line":475,"column":83}}],"line":475},"29":{"loc":{"start":{"line":479,"column":82},"end":{"line":479,"column":134}},"type":"cond-expr","locations":[{"start":{"line":479,"column":113},"end":{"line":479,"column":122}},{"start":{"line":479,"column":125},"end":{"line":479,"column":134}}],"line":479},"30":{"loc":{"start":{"line":480,"column":19},"end":{"line":480,"column":76}},"type":"cond-expr","locations":[{"start":{"line":480,"column":36},"end":{"line":480,"column":56}},{"start":{"line":480,"column":59},"end":{"line":480,"column":76}}],"line":480},"31":{"loc":{"start":{"line":487,"column":11},"end":{"line":499,"column":11}},"type":"binary-expr","locations":[{"start":{"line":487,"column":11},"end":{"line":487,"column":16}},{"start":{"line":488,"column":12},"end":{"line":498,"column":19}}],"line":487},"32":{"loc":{"start":{"line":506,"column":31},"end":{"line":506,"column":61}},"type":"cond-expr","locations":[{"start":{"line":506,"column":40},"end":{"line":506,"column":49}},{"start":{"line":506,"column":52},"end":{"line":506,"column":61}}],"line":506},"33":{"loc":{"start":{"line":515,"column":13},"end":{"line":530,"column":13}},"type":"cond-expr","locations":[{"start":{"line":516,"column":14},"end":{"line":516,"column":64}},{"start":{"line":518,"column":14},"end":{"line":529,"column":17}}],"line":515},"34":{"loc":{"start":{"line":527,"column":19},"end":{"line":527,"column":66}},"type":"cond-expr","locations":[{"start":{"line":527,"column":30},"end":{"line":527,"column":48}},{"start":{"line":527,"column":51},"end":{"line":527,"column":66}}],"line":527}},"s":{"0":0,"1":0,"2":0,"3":0,"4":0,"5":0,"6":0,"7":0,"8":0,"9":0,"10":0,"11":0,"12":0,"13":0,"14":0,"15":0,"16":0,"17":0,"18":0,"19":0,"20":0,"21":0,"22":0,"23":0,"24":0,"25":0,"26":0,"27":0,"28":0,"29":0,"30":0,"31":0,"32":0,"33":0,"34":0,"35":0,"36":0,"37":0,"38":0,"39":0,"40":0,"41":0,"42":0,"43":0,"44":0,"45":0,"46":0,"47":0,"48":0,"49":0,"50":0,"51":0,"52":0,"53":0,"54":0,"55":0,"56":0,"57":0,"58":0,"59":0,"60":0,"61":0,"62":0,"63":0,"64":0,"65":0,"66":0,"67":0,"68":0,"69":0,"70":0,"71":0,"72":0,"73":0,"74":0,"75":0,"76":0,"77":0,"78":0,"79":0,"80":0,"81":0,"82":0,"83":0,"84":0,"85":0,"86":0,"87":0,"88":0,"89":0,"90":0,"91":0,"92":0,"93":0,"94":0,"95":0,"96":0,"97":0,"98":0,"99":0,"100":0,"101":0,"102":0},"f":{"0":0,"1":0,"2":0,"3":0,"4":0,"5":0,"6":0,"7":0,"8":0,"9":0,"10":0,"11":0,"12":0,"13":0,"14":0,"15":0,"16":0,"17":0,"18":0},"b":{"0":[0,0],"1":[0,0],"2":[0,0],"3":[0,0],"4":[0,0],"5":[0,0],"6":[0,0],"7":[0,0],"8":[0,0],"9":[0,0],"10":[0,0],"11":[0,0],"12":[0,0],"13":[0,0],"14":[0,0],"15":[0,0],"16":[0,0],"17":[0,0],"18":[0,0],"19":[0,0],"20":[0,0],"21":[0,0],"22":[0,0],"23":[0,0],"24":[0,0],"25":[0,0],"26":[0,0],"27":[0,0],"28":[0,0],"29":[0,0],"30":[0,0],"31":[0,0],"32":[0,0],"33":[0,0],"34":[0,0]}}
,"C:\\Codingg\\Duasaku\\src\\components\\AddRecurringSheet.tsx": {"path":"C:\\Codingg\\Duasaku\\src\\components\\AddRecurringSheet.tsx","statementMap":{"0":{"start":{"line":24,"column":88},"end":{"line":28,"column":1}},"1":{"start":{"line":30,"column":18},"end":{"line":30,"column":67}},"2":{"start":{"line":32,"column":24},"end":{"line":37,"column":1}},"3":{"start":{"line":39,"column":26},"end":{"line":470,"column":1}},"4":{"start":{"line":41,"column":23},"end":{"line":41,"column":49}},"5":{"start":{"line":41,"column":37},"end":{"line":41,"column":44}},"6":{"start":{"line":42,"column":30},"end":{"line":42,"column":42}},"7":{"start":{"line":43,"column":32},"end":{"line":43,"column":44}},"8":{"start":{"line":44,"column":36},"end":{"line":44,"column":52}},"9":{"start":{"line":45,"column":28},"end":{"line":45,"column":69}},"10":{"start":{"line":46,"column":38},"end":{"line":46,"column":78}},"11":{"start":{"line":47,"column":38},"end":{"line":47,"column":49}},"12":{"start":{"line":48,"column":40},"end":{"line":48,"column":51}},"13":{"start":{"line":49,"column":32},"end":{"line":49,"column":47}},"14":{"start":{"line":51,"column":31},"end":{"line":56,"column":5}},"15":{"start":{"line":53,"column":8},"end":{"line":53,"column":38}},"16":{"start":{"line":53,"column":26},"end":{"line":53,"column":38}},"17":{"start":{"line":58,"column":22},"end":{"line":66,"column":5}},"18":{"start":{"line":59,"column":6},"end":{"line":59,"column":19}},"19":{"start":{"line":60,"column":6},"end":{"line":60,"column":20}},"20":{"start":{"line":61,"column":6},"end":{"line":61,"column":26}},"21":{"start":{"line":62,"column":6},"end":{"line":62,"column":25}},"22":{"start":{"line":63,"column":6},"end":{"line":63,"column":30}},"23":{"start":{"line":64,"column":6},"end":{"line":64,"column":22}},"24":{"start":{"line":65,"column":6},"end":{"line":65,"column":23}},"25":{"start":{"line":68,"column":23},"end":{"line":105,"column":5}},"26":{"start":{"line":69,"column":27},"end":{"line":69,"column":66}},"27":{"start":{"line":70,"column":6},"end":{"line":73,"column":7}},"28":{"start":{"line":71,"column":8},"end":{"line":71,"column":59}},"29":{"start":{"line":72,"column":8},"end":{"line":72,"column":15}},"30":{"start":{"line":74,"column":6},"end":{"line":77,"column":7}},"31":{"start":{"line":75,"column":8},"end":{"line":75,"column":59}},"32":{"start":{"line":76,"column":8},"end":{"line":76,"column":15}},"33":{"start":{"line":79,"column":6},"end":{"line":79,"column":22}},"34":{"start":{"line":80,"column":6},"end":{"line":104,"column":7}},"35":{"start":{"line":81,"column":44},"end":{"line":89,"column":9}},"36":{"start":{"line":91,"column":23},"end":{"line":91,"column":51}},"37":{"start":{"line":92,"column":8},"end":{"line":98,"column":9}},"38":{"start":{"line":93,"column":10},"end":{"line":93,"column":22}},"39":{"start":{"line":94,"column":10},"end":{"line":94,"column":24}},"40":{"start":{"line":95,"column":10},"end":{"line":95,"column":40}},"41":{"start":{"line":97,"column":10},"end":{"line":97,"column":66}},"42":{"start":{"line":100,"column":8},"end":{"line":100,"column":52}},"43":{"start":{"line":101,"column":8},"end":{"line":101,"column":50}},"44":{"start":{"line":103,"column":8},"end":{"line":103,"column":25}},"45":{"start":{"line":107,"column":27},"end":{"line":114,"column":5}},"46":{"start":{"line":108,"column":6},"end":{"line":108,"column":27}},"47":{"start":{"line":109,"column":6},"end":{"line":109,"column":58}},"48":{"start":{"line":109,"column":27},"end":{"line":109,"column":58}},"49":{"start":{"line":110,"column":6},"end":{"line":110,"column":33}},"50":{"start":{"line":111,"column":6},"end":{"line":111,"column":65}},"51":{"start":{"line":112,"column":6},"end":{"line":112,"column":35}},"52":{"start":{"line":113,"column":6},"end":{"line":113,"column":58}},"53":{"start":{"line":113,"column":27},"end":{"line":113,"column":58}},"54":{"start":{"line":116,"column":4},"end":{"line":468,"column":6}},"55":{"start":{"line":172,"column":16},"end":{"line":188,"column":35}},"56":{"start":{"line":174,"column":33},"end":{"line":174,"column":53}},"57":{"start":{"line":253,"column":16},"end":{"line":281,"column":35}},"58":{"start":{"line":255,"column":33},"end":{"line":255,"column":43}},"59":{"start":{"line":291,"column":16},"end":{"line":312,"column":35}},"60":{"start":{"line":293,"column":33},"end":{"line":293,"column":53}},"61":{"start":{"line":317,"column":33},"end":{"line":317,"column":54}},"62":{"start":{"line":346,"column":16},"end":{"line":369,"column":35}},"63":{"start":{"line":348,"column":33},"end":{"line":348,"column":54}},"64":{"start":{"line":381,"column":20},"end":{"line":403,"column":39}},"65":{"start":{"line":383,"column":37},"end":{"line":383,"column":54}},"66":{"start":{"line":434,"column":32},"end":{"line":434,"column":47}},"67":{"start":{"line":435,"column":22},"end":{"line":436,"column":58}},"68":{"start":{"line":435,"column":58},"end":{"line":435,"column":75}},"69":{"start":{"line":436,"column":27},"end":{"line":436,"column":58}},"70":{"start":{"line":436,"column":41},"end":{"line":436,"column":58}},"71":{"start":{"line":472,"column":0},"end":{"line":472,"column":52}}},"fnMap":{"0":{"name":"(anonymous_0)","decl":{"start":{"line":40,"column":2},"end":{"line":40,"column":3}},"loc":{"start":{"line":40,"column":35},"end":{"line":469,"column":3}},"line":40},"1":{"name":"(anonymous_1)","decl":{"start":{"line":41,"column":31},"end":{"line":41,"column":32}},"loc":{"start":{"line":41,"column":37},"end":{"line":41,"column":44}},"line":41},"2":{"name":"(anonymous_2)","decl":{"start":{"line":52,"column":6},"end":{"line":52,"column":7}},"loc":{"start":{"line":52,"column":25},"end":{"line":54,"column":7}},"line":52},"3":{"name":"(anonymous_3)","decl":{"start":{"line":58,"column":22},"end":{"line":58,"column":23}},"loc":{"start":{"line":58,"column":28},"end":{"line":66,"column":5}},"line":58},"4":{"name":"(anonymous_4)","decl":{"start":{"line":68,"column":23},"end":{"line":68,"column":24}},"loc":{"start":{"line":68,"column":35},"end":{"line":105,"column":5}},"line":68},"5":{"name":"(anonymous_5)","decl":{"start":{"line":107,"column":27},"end":{"line":107,"column":28}},"loc":{"start":{"line":107,"column":64},"end":{"line":114,"column":5}},"line":107},"6":{"name":"(anonymous_6)","decl":{"start":{"line":171,"column":35},"end":{"line":171,"column":36}},"loc":{"start":{"line":172,"column":16},"end":{"line":188,"column":35}},"line":172},"7":{"name":"(anonymous_7)","decl":{"start":{"line":174,"column":27},"end":{"line":174,"column":28}},"loc":{"start":{"line":174,"column":33},"end":{"line":174,"column":53}},"line":174},"8":{"name":"(anonymous_8)","decl":{"start":{"line":252,"column":52},"end":{"line":252,"column":53}},"loc":{"start":{"line":253,"column":16},"end":{"line":281,"column":35}},"line":253},"9":{"name":"(anonymous_9)","decl":{"start":{"line":255,"column":27},"end":{"line":255,"column":28}},"loc":{"start":{"line":255,"column":33},"end":{"line":255,"column":43}},"line":255},"10":{"name":"(anonymous_10)","decl":{"start":{"line":290,"column":37},"end":{"line":290,"column":38}},"loc":{"start":{"line":291,"column":16},"end":{"line":312,"column":35}},"line":291},"11":{"name":"(anonymous_11)","decl":{"start":{"line":293,"column":27},"end":{"line":293,"column":28}},"loc":{"start":{"line":293,"column":33},"end":{"line":293,"column":53}},"line":293},"12":{"name":"(anonymous_12)","decl":{"start":{"line":317,"column":27},"end":{"line":317,"column":28}},"loc":{"start":{"line":317,"column":33},"end":{"line":317,"column":54}},"line":317},"13":{"name":"(anonymous_13)","decl":{"start":{"line":345,"column":37},"end":{"line":345,"column":38}},"loc":{"start":{"line":346,"column":16},"end":{"line":369,"column":35}},"line":346},"14":{"name":"(anonymous_14)","decl":{"start":{"line":348,"column":27},"end":{"line":348,"column":28}},"loc":{"start":{"line":348,"column":33},"end":{"line":348,"column":54}},"line":348},"15":{"name":"(anonymous_15)","decl":{"start":{"line":380,"column":33},"end":{"line":380,"column":34}},"loc":{"start":{"line":381,"column":20},"end":{"line":403,"column":39}},"line":381},"16":{"name":"(anonymous_16)","decl":{"start":{"line":383,"column":31},"end":{"line":383,"column":32}},"loc":{"start":{"line":383,"column":37},"end":{"line":383,"column":54}},"line":383},"17":{"name":"(anonymous_17)","decl":{"start":{"line":433,"column":34},"end":{"line":433,"column":35}},"loc":{"start":{"line":433,"column":41},"end":{"line":437,"column":21}},"line":433}},"branchMap":{"0":{"loc":{"start":{"line":53,"column":8},"end":{"line":53,"column":38}},"type":"if","locations":[{"start":{"line":53,"column":8},"end":{"line":53,"column":38}},{"start":{},"end":{}}],"line":53},"1":{"loc":{"start":{"line":70,"column":6},"end":{"line":73,"column":7}},"type":"if","locations":[{"start":{"line":70,"column":6},"end":{"line":73,"column":7}},{"start":{},"end":{}}],"line":70},"2":{"loc":{"start":{"line":74,"column":6},"end":{"line":77,"column":7}},"type":"if","locations":[{"start":{"line":74,"column":6},"end":{"line":77,"column":7}},{"start":{},"end":{}}],"line":74},"3":{"loc":{"start":{"line":74,"column":10},"end":{"line":74,"column":44}},"type":"binary-expr","locations":[{"start":{"line":74,"column":10},"end":{"line":74,"column":23}},{"start":{"line":74,"column":27},"end":{"line":74,"column":44}}],"line":74},"4":{"loc":{"start":{"line":87,"column":23},"end":{"line":87,"column":69}},"type":"cond-expr","locations":[{"start":{"line":87,"column":48},"end":{"line":87,"column":57}},{"start":{"line":87,"column":60},"end":{"line":87,"column":69}}],"line":87},"5":{"loc":{"start":{"line":88,"column":24},"end":{"line":88,"column":72}},"type":"cond-expr","locations":[{"start":{"line":88,"column":50},"end":{"line":88,"column":60}},{"start":{"line":88,"column":63},"end":{"line":88,"column":72}}],"line":88},"6":{"loc":{"start":{"line":92,"column":8},"end":{"line":98,"column":9}},"type":"if","locations":[{"start":{"line":92,"column":8},"end":{"line":98,"column":9}},{"start":{"line":96,"column":15},"end":{"line":98,"column":9}}],"line":92},"7":{"loc":{"start":{"line":97,"column":31},"end":{"line":97,"column":64}},"type":"binary-expr","locations":[{"start":{"line":97,"column":31},"end":{"line":97,"column":43}},{"start":{"line":97,"column":47},"end":{"line":97,"column":64}}],"line":97},"8":{"loc":{"start":{"line":109,"column":6},"end":{"line":109,"column":58}},"type":"if","locations":[{"start":{"line":109,"column":6},"end":{"line":109,"column":58}},{"start":{},"end":{}}],"line":109},"9":{"loc":{"start":{"line":111,"column":14},"end":{"line":111,"column":63}},"type":"cond-expr","locations":[{"start":{"line":111,"column":43},"end":{"line":111,"column":51}},{"start":{"line":111,"column":54},"end":{"line":111,"column":63}}],"line":111},"10":{"loc":{"start":{"line":113,"column":6},"end":{"line":113,"column":58}},"type":"if","locations":[{"start":{"line":113,"column":6},"end":{"line":113,"column":58}},{"start":{},"end":{}}],"line":113},"11":{"loc":{"start":{"line":260,"column":37},"end":{"line":262,"column":33}},"type":"cond-expr","locations":[{"start":{"line":261,"column":25},"end":{"line":261,"column":64}},{"start":{"line":262,"column":24},"end":{"line":262,"column":33}}],"line":260},"12":{"loc":{"start":{"line":261,"column":25},"end":{"line":261,"column":64}},"type":"cond-expr","locations":[{"start":{"line":261,"column":43},"end":{"line":261,"column":52}},{"start":{"line":261,"column":55},"end":{"line":261,"column":64}}],"line":261},"13":{"loc":{"start":{"line":264,"column":33},"end":{"line":266,"column":33}},"type":"cond-expr","locations":[{"start":{"line":265,"column":25},"end":{"line":265,"column":64}},{"start":{"line":266,"column":24},"end":{"line":266,"column":33}}],"line":264},"14":{"loc":{"start":{"line":265,"column":25},"end":{"line":265,"column":64}},"type":"cond-expr","locations":[{"start":{"line":265,"column":43},"end":{"line":265,"column":52}},{"start":{"line":265,"column":55},"end":{"line":265,"column":64}}],"line":265},"15":{"loc":{"start":{"line":274,"column":29},"end":{"line":276,"column":35}},"type":"cond-expr","locations":[{"start":{"line":275,"column":27},"end":{"line":275,"column":66}},{"start":{"line":276,"column":26},"end":{"line":276,"column":35}}],"line":274},"16":{"loc":{"start":{"line":275,"column":27},"end":{"line":275,"column":66}},"type":"cond-expr","locations":[{"start":{"line":275,"column":45},"end":{"line":275,"column":54}},{"start":{"line":275,"column":57},"end":{"line":275,"column":66}}],"line":275},"17":{"loc":{"start":{"line":279,"column":21},"end":{"line":279,"column":72}},"type":"cond-expr","locations":[{"start":{"line":279,"column":39},"end":{"line":279,"column":55}},{"start":{"line":279,"column":58},"end":{"line":279,"column":72}}],"line":279},"18":{"loc":{"start":{"line":298,"column":37},"end":{"line":298,"column":88}},"type":"cond-expr","locations":[{"start":{"line":298,"column":60},"end":{"line":298,"column":76}},{"start":{"line":298,"column":79},"end":{"line":298,"column":88}}],"line":298},"19":{"loc":{"start":{"line":300,"column":33},"end":{"line":300,"column":77}},"type":"cond-expr","locations":[{"start":{"line":300,"column":56},"end":{"line":300,"column":65}},{"start":{"line":300,"column":68},"end":{"line":300,"column":77}}],"line":300},"20":{"loc":{"start":{"line":307,"column":29},"end":{"line":307,"column":73}},"type":"cond-expr","locations":[{"start":{"line":307,"column":52},"end":{"line":307,"column":61}},{"start":{"line":307,"column":64},"end":{"line":307,"column":73}}],"line":307},"21":{"loc":{"start":{"line":315,"column":15},"end":{"line":337,"column":15}},"type":"binary-expr","locations":[{"start":{"line":315,"column":15},"end":{"line":315,"column":32}},{"start":{"line":316,"column":16},"end":{"line":336,"column":35}}],"line":315},"22":{"loc":{"start":{"line":322,"column":37},"end":{"line":322,"column":84}},"type":"cond-expr","locations":[{"start":{"line":322,"column":61},"end":{"line":322,"column":72}},{"start":{"line":322,"column":75},"end":{"line":322,"column":84}}],"line":322},"23":{"loc":{"start":{"line":324,"column":33},"end":{"line":324,"column":78}},"type":"cond-expr","locations":[{"start":{"line":324,"column":57},"end":{"line":324,"column":66}},{"start":{"line":324,"column":69},"end":{"line":324,"column":78}}],"line":324},"24":{"loc":{"start":{"line":331,"column":29},"end":{"line":331,"column":74}},"type":"cond-expr","locations":[{"start":{"line":331,"column":53},"end":{"line":331,"column":62}},{"start":{"line":331,"column":65},"end":{"line":331,"column":74}}],"line":331},"25":{"loc":{"start":{"line":353,"column":37},"end":{"line":353,"column":82}},"type":"cond-expr","locations":[{"start":{"line":353,"column":61},"end":{"line":353,"column":70}},{"start":{"line":353,"column":73},"end":{"line":353,"column":82}}],"line":353},"26":{"loc":{"start":{"line":355,"column":33},"end":{"line":355,"column":78}},"type":"cond-expr","locations":[{"start":{"line":355,"column":57},"end":{"line":355,"column":66}},{"start":{"line":355,"column":69},"end":{"line":355,"column":78}}],"line":355},"27":{"loc":{"start":{"line":364,"column":29},"end":{"line":364,"column":74}},"type":"cond-expr","locations":[{"start":{"line":364,"column":53},"end":{"line":364,"column":62}},{"start":{"line":364,"column":65},"end":{"line":364,"column":74}}],"line":364},"28":{"loc":{"start":{"line":374,"column":13},"end":{"line":407,"column":13}},"type":"binary-expr","locations":[{"start":{"line":374,"column":13},"end":{"line":374,"column":35}},{"start":{"line":375,"column":14},"end":{"line":406,"column":17}}],"line":374},"29":{"loc":{"start":{"line":388,"column":41},"end":{"line":388,"column":84}},"type":"cond-expr","locations":[{"start":{"line":388,"column":61},"end":{"line":388,"column":72}},{"start":{"line":388,"column":75},"end":{"line":388,"column":84}}],"line":388},"30":{"loc":{"start":{"line":390,"column":37},"end":{"line":390,"column":78}},"type":"cond-expr","locations":[{"start":{"line":390,"column":57},"end":{"line":390,"column":66}},{"start":{"line":390,"column":69},"end":{"line":390,"column":78}}],"line":390},"31":{"loc":{"start":{"line":398,"column":33},"end":{"line":398,"column":74}},"type":"cond-expr","locations":[{"start":{"line":398,"column":53},"end":{"line":398,"column":62}},{"start":{"line":398,"column":65},"end":{"line":398,"column":74}}],"line":398},"32":{"loc":{"start":{"line":410,"column":13},"end":{"line":443,"column":13}},"type":"binary-expr","locations":[{"start":{"line":410,"column":13},"end":{"line":410,"column":36}},{"start":{"line":411,"column":14},"end":{"line":442,"column":17}}],"line":410},"33":{"loc":{"start":{"line":435,"column":22},"end":{"line":436,"column":58}},"type":"if","locations":[{"start":{"line":435,"column":22},"end":{"line":436,"column":58}},{"start":{"line":436,"column":27},"end":{"line":436,"column":58}}],"line":435},"34":{"loc":{"start":{"line":435,"column":26},"end":{"line":435,"column":56}},"type":"binary-expr","locations":[{"start":{"line":435,"column":26},"end":{"line":435,"column":35}},{"start":{"line":435,"column":39},"end":{"line":435,"column":45}},{"start":{"line":435,"column":49},"end":{"line":435,"column":56}}],"line":435},"35":{"loc":{"start":{"line":436,"column":27},"end":{"line":436,"column":58}},"type":"if","locations":[{"start":{"line":436,"column":27},"end":{"line":436,"column":58}},{"start":{},"end":{}}],"line":436},"36":{"loc":{"start":{"line":450,"column":33},"end":{"line":450,"column":63}},"type":"cond-expr","locations":[{"start":{"line":450,"column":42},"end":{"line":450,"column":51}},{"start":{"line":450,"column":54},"end":{"line":450,"column":63}}],"line":450},"37":{"loc":{"start":{"line":457,"column":15},"end":{"line":463,"column":15}},"type":"cond-expr","locations":[{"start":{"line":458,"column":16},"end":{"line":458,"column":53}},{"start":{"line":460,"column":16},"end":{"line":462,"column":23}}],"line":457}},"s":{"0":0,"1":0,"2":0,"3":0,"4":0,"5":0,"6":0,"7":0,"8":0,"9":0,"10":0,"11":0,"12":0,"13":0,"14":0,"15":0,"16":0,"17":0,"18":0,"19":0,"20":0,"21":0,"22":0,"23":0,"24":0,"25":0,"26":0,"27":0,"28":0,"29":0,"30":0,"31":0,"32":0,"33":0,"34":0,"35":0,"36":0,"37":0,"38":0,"39":0,"40":0,"41":0,"42":0,"43":0,"44":0,"45":0,"46":0,"47":0,"48":0,"49":0,"50":0,"51":0,"52":0,"53":0,"54":0,"55":0,"56":0,"57":0,"58":0,"59":0,"60":0,"61":0,"62":0,"63":0,"64":0,"65":0,"66":0,"67":0,"68":0,"69":0,"70":0,"71":0},"f":{"0":0,"1":0,"2":0,"3":0,"4":0,"5":0,"6":0,"7":0,"8":0,"9":0,"10":0,"11":0,"12":0,"13":0,"14":0,"15":0,"16":0,"17":0},"b":{"0":[0,0],"1":[0,0],"2":[0,0],"3":[0,0],"4":[0,0],"5":[0,0],"6":[0,0],"7":[0,0],"8":[0,0],"9":[0,0],"10":[0,0],"11":[0,0],"12":[0,0],"13":[0,0],"14":[0,0],"15":[0,0],"16":[0,0],"17":[0,0],"18":[0,0],"19":[0,0],"20":[0,0],"21":[0,0],"22":[0,0],"23":[0,0],"24":[0,0],"25":[0,0],"26":[0,0],"27":[0,0],"28":[0,0],"29":[0,0],"30":[0,0],"31":[0,0],"32":[0,0],"33":[0,0],"34":[0,0,0],"35":[0,0],"36":[0,0],"37":[0,0]}}
,"C:\\Codingg\\Duasaku\\src\\components\\ExpenseChart.tsx": {"path":"C:\\Codingg\\Duasaku\\src\\components\\ExpenseChart.tsx","statementMap":{"0":{"start":{"line":7,"column":18},"end":{"line":13,"column":3}},"1":{"start":{"line":15,"column":2},"end":{"line":33,"column":4}}},"fnMap":{"0":{"name":"ExpenseChart","decl":{"start":{"line":5,"column":24},"end":{"line":5,"column":36}},"loc":{"start":{"line":5,"column":39},"end":{"line":34,"column":1}},"line":5}},"branchMap":{},"s":{"0":0,"1":0},"f":{"0":0},"b":{}}
,"C:\\Codingg\\Duasaku\\src\\components\\GoogleIcon.tsx": {"path":"C:\\Codingg\\Duasaku\\src\\components\\GoogleIcon.tsx","statementMap":{"0":{"start":{"line":4,"column":26},"end":{"line":23,"column":1}},"1":{"start":{"line":5,"column":2},"end":{"line":22,"column":8}}},"fnMap":{"0":{"name":"(anonymous_0)","decl":{"start":{"line":4,"column":26},"end":{"line":4,"column":27}},"loc":{"start":{"line":5,"column":2},"end":{"line":22,"column":8}},"line":5}},"branchMap":{"0":{"loc":{"start":{"line":4,"column":29},"end":{"line":4,"column":38}},"type":"default-arg","locations":[{"start":{"line":4,"column":36},"end":{"line":4,"column":38}}],"line":4}},"s":{"0":0,"1":0},"f":{"0":0},"b":{"0":[0]}}
,"C:\\Codingg\\Duasaku\\src\\components\\PremiumBackground.tsx": {"path":"C:\\Codingg\\Duasaku\\src\\components\\PremiumBackground.tsx","statementMap":{"0":{"start":{"line":13,"column":26},"end":{"line":13,"column":50}},"1":{"start":{"line":15,"column":33},"end":{"line":65,"column":1}},"2":{"start":{"line":16,"column":16},"end":{"line":16,"column":33}},"3":{"start":{"line":17,"column":16},"end":{"line":17,"column":33}},"4":{"start":{"line":19,"column":2},"end":{"line":30,"column":21}},"5":{"start":{"line":20,"column":4},"end":{"line":24,"column":6}},"6":{"start":{"line":25,"column":4},"end":{"line":29,"column":6}},"7":{"start":{"line":32,"column":20},"end":{"line":39,"column":5}},"8":{"start":{"line":32,"column":44},"end":{"line":39,"column":3}},"9":{"start":{"line":41,"column":20},"end":{"line":48,"column":5}},"10":{"start":{"line":41,"column":44},"end":{"line":48,"column":3}},"11":{"start":{"line":50,"column":2},"end":{"line":64,"column":4}},"12":{"start":{"line":67,"column":15},"end":{"line":78,"column":2}}},"fnMap":{"0":{"name":"(anonymous_0)","decl":{"start":{"line":15,"column":33},"end":{"line":15,"column":34}},"loc":{"start":{"line":15,"column":39},"end":{"line":65,"column":1}},"line":15},"1":{"name":"(anonymous_1)","decl":{"start":{"line":19,"column":12},"end":{"line":19,"column":13}},"loc":{"start":{"line":19,"column":18},"end":{"line":30,"column":3}},"line":19},"2":{"name":"(anonymous_2)","decl":{"start":{"line":32,"column":37},"end":{"line":32,"column":38}},"loc":{"start":{"line":32,"column":44},"end":{"line":39,"column":3}},"line":32},"3":{"name":"(anonymous_3)","decl":{"start":{"line":41,"column":37},"end":{"line":41,"column":38}},"loc":{"start":{"line":41,"column":44},"end":{"line":48,"column":3}},"line":41}},"branchMap":{},"s":{"0":0,"1":0,"2":0,"3":0,"4":0,"5":0,"6":0,"7":0,"8":0,"9":0,"10":0,"11":0,"12":0},"f":{"0":0,"1":0,"2":0,"3":0},"b":{}}
,"C:\\Codingg\\Duasaku\\src\\components\\Skeleton.tsx": {"path":"C:\\Codingg\\Duasaku\\src\\components\\Skeleton.tsx","statementMap":{"0":{"start":{"line":11,"column":24},"end":{"line":22,"column":1}},"1":{"start":{"line":12,"column":2},"end":{"line":21,"column":4}}},"fnMap":{"0":{"name":"(anonymous_0)","decl":{"start":{"line":11,"column":24},"end":{"line":11,"column":25}},"loc":{"start":{"line":11,"column":87},"end":{"line":22,"column":1}},"line":11}},"branchMap":{"0":{"loc":{"start":{"line":11,"column":42},"end":{"line":11,"column":52}},"type":"default-arg","locations":[{"start":{"line":11,"column":51},"end":{"line":11,"column":52}}],"line":11},"1":{"loc":{"start":{"line":11,"column":54},"end":{"line":11,"column":65}},"type":"default-arg","locations":[{"start":{"line":11,"column":61},"end":{"line":11,"column":65}}],"line":11}},"s":{"0":0,"1":0},"f":{"0":0},"b":{"0":[0],"1":[0]}}
,"C:\\Codingg\\Duasaku\\src\\components\\SmartInputSheet.tsx": {"path":"C:\\Codingg\\Duasaku\\src\\components\\SmartInputSheet.tsx","statementMap":{"0":{"start":{"line":38,"column":12},"end":{"line":38,"column":18}},"1":{"start":{"line":39,"column":13},"end":{"line":39,"column":33}},"2":{"start":{"line":40,"column":13},"end":{"line":40,"column":33}},"3":{"start":{"line":41,"column":13},"end":{"line":41,"column":42}},"4":{"start":{"line":42,"column":13},"end":{"line":42,"column":42}},"5":{"start":{"line":44,"column":12},"end":{"line":46,"column":39}},"6":{"start":{"line":47,"column":12},"end":{"line":47,"column":58}},"7":{"start":{"line":48,"column":2},"end":{"line":48,"column":15}},"8":{"start":{"line":51,"column":17},"end":{"line":51,"column":19}},"9":{"start":{"line":54,"column":16},"end":{"line":79,"column":1}},"10":{"start":{"line":55,"column":24},"end":{"line":64,"column":4}},"11":{"start":{"line":57,"column":18},"end":{"line":57,"column":42}},"12":{"start":{"line":58,"column":19},"end":{"line":58,"column":47}},"13":{"start":{"line":59,"column":19},"end":{"line":59,"column":53}},"14":{"start":{"line":60,"column":4},"end":{"line":63,"column":6}},"15":{"start":{"line":66,"column":2},"end":{"line":78,"column":4}},"16":{"start":{"line":85,"column":0},"end":{"line":85,"column":57}},"17":{"start":{"line":87,"column":24},"end":{"line":699,"column":2}},"18":{"start":{"line":88,"column":16},"end":{"line":88,"column":32}},"19":{"start":{"line":89,"column":45},"end":{"line":89,"column":59}},"20":{"start":{"line":90,"column":43},"end":{"line":90,"column":61}},"21":{"start":{"line":91,"column":31},"end":{"line":91,"column":49}},"22":{"start":{"line":92,"column":21},"end":{"line":92,"column":57}},"23":{"start":{"line":92,"column":49},"end":{"line":92,"column":56}},"24":{"start":{"line":93,"column":17},"end":{"line":93,"column":34}},"25":{"start":{"line":94,"column":36},"end":{"line":94,"column":48}},"26":{"start":{"line":95,"column":38},"end":{"line":95,"column":53}},"27":{"start":{"line":96,"column":38},"end":{"line":96,"column":67}},"28":{"start":{"line":97,"column":44},"end":{"line":97,"column":73}},"29":{"start":{"line":98,"column":40},"end":{"line":98,"column":55}},"30":{"start":{"line":99,"column":38},"end":{"line":99,"column":67}},"31":{"start":{"line":100,"column":48},"end":{"line":100,"column":63}},"32":{"start":{"line":101,"column":44},"end":{"line":101,"column":63}},"33":{"start":{"line":104,"column":36},"end":{"line":104,"column":65}},"34":{"start":{"line":105,"column":21},"end":{"line":105,"column":32}},"35":{"start":{"line":110,"column":27},"end":{"line":125,"column":3}},"36":{"start":{"line":111,"column":4},"end":{"line":111,"column":27}},"37":{"start":{"line":111,"column":17},"end":{"line":111,"column":27}},"38":{"start":{"line":112,"column":4},"end":{"line":124,"column":5}},"39":{"start":{"line":113,"column":23},"end":{"line":118,"column":17}},"40":{"start":{"line":120,"column":6},"end":{"line":120,"column":48}},"41":{"start":{"line":120,"column":38},"end":{"line":120,"column":48}},"42":{"start":{"line":121,"column":6},"end":{"line":121,"column":105}},"43":{"start":{"line":121,"column":27},"end":{"line":121,"column":92}},"44":{"start":{"line":123,"column":6},"end":{"line":123,"column":16}},"45":{"start":{"line":127,"column":2},"end":{"line":130,"column":15}},"46":{"start":{"line":129,"column":4},"end":{"line":129,"column":116}},"47":{"start":{"line":133,"column":40},"end":{"line":133,"column":55}},"48":{"start":{"line":134,"column":52},"end":{"line":134,"column":63}},"49":{"start":{"line":135,"column":23},"end":{"line":135,"column":59}},"50":{"start":{"line":136,"column":24},"end":{"line":136,"column":75}},"51":{"start":{"line":139,"column":25},"end":{"line":139,"column":78}},"52":{"start":{"line":142,"column":19},"end":{"line":142,"column":36}},"53":{"start":{"line":144,"column":2},"end":{"line":163,"column":12}},"54":{"start":{"line":145,"column":16},"end":{"line":151,"column":6}},"55":{"start":{"line":146,"column":6},"end":{"line":146,"column":25}},"56":{"start":{"line":147,"column":6},"end":{"line":149,"column":7}},"57":{"start":{"line":148,"column":8},"end":{"line":148,"column":32}},"58":{"start":{"line":150,"column":6},"end":{"line":150,"column":43}},"59":{"start":{"line":153,"column":20},"end":{"line":157,"column":6}},"60":{"start":{"line":154,"column":6},"end":{"line":154,"column":26}},"61":{"start":{"line":155,"column":6},"end":{"line":155,"column":47}},"62":{"start":{"line":156,"column":6},"end":{"line":156,"column":43}},"63":{"start":{"line":159,"column":4},"end":{"line":162,"column":6}},"64":{"start":{"line":160,"column":6},"end":{"line":160,"column":19}},"65":{"start":{"line":161,"column":6},"end":{"line":161,"column":23}},"66":{"start":{"line":165,"column":2},"end":{"line":180,"column":46}},"67":{"start":{"line":166,"column":4},"end":{"line":179,"column":5}},"68":{"start":{"line":167,"column":6},"end":{"line":174,"column":8}},"69":{"start":{"line":176,"column":6},"end":{"line":176,"column":56}},"70":{"start":{"line":178,"column":6},"end":{"line":178,"column":88}},"71":{"start":{"line":182,"column":23},"end":{"line":184,"column":5}},"72":{"start":{"line":182,"column":47},"end":{"line":184,"column":3}},"73":{"start":{"line":186,"column":21},"end":{"line":186,"column":61}},"74":{"start":{"line":186,"column":35},"end":{"line":186,"column":56}},"75":{"start":{"line":188,"column":29},"end":{"line":223,"column":15}},"76":{"start":{"line":189,"column":4},"end":{"line":222,"column":5}},"77":{"start":{"line":190,"column":6},"end":{"line":190,"column":16}},"78":{"start":{"line":191,"column":6},"end":{"line":191,"column":26}},"79":{"start":{"line":192,"column":6},"end":{"line":192,"column":29}},"80":{"start":{"line":193,"column":6},"end":{"line":193,"column":25}},"81":{"start":{"line":194,"column":6},"end":{"line":201,"column":7}},"82":{"start":{"line":195,"column":8},"end":{"line":197,"column":41}},"83":{"start":{"line":196,"column":10},"end":{"line":196,"column":58}},"84":{"start":{"line":198,"column":8},"end":{"line":198,"column":36}},"85":{"start":{"line":199,"column":8},"end":{"line":199,"column":30}},"86":{"start":{"line":200,"column":8},"end":{"line":200,"column":72}},"87":{"start":{"line":200,"column":35},"end":{"line":200,"column":72}},"88":{"start":{"line":202,"column":11},"end":{"line":222,"column":5}},"89":{"start":{"line":203,"column":25},"end":{"line":203,"column":71}},"90":{"start":{"line":204,"column":6},"end":{"line":221,"column":7}},"91":{"start":{"line":205,"column":8},"end":{"line":220,"column":9}},"92":{"start":{"line":206,"column":27},"end":{"line":206,"column":107}},"93":{"start":{"line":207,"column":22},"end":{"line":207,"column":46}},"94":{"start":{"line":208,"column":22},"end":{"line":208,"column":47}},"95":{"start":{"line":210,"column":24},"end":{"line":210,"column":43}},"96":{"start":{"line":211,"column":10},"end":{"line":217,"column":11}},"97":{"start":{"line":212,"column":29},"end":{"line":212,"column":70}},"98":{"start":{"line":213,"column":12},"end":{"line":216,"column":13}},"99":{"start":{"line":214,"column":14},"end":{"line":214,"column":91}},"100":{"start":{"line":215,"column":14},"end":{"line":215,"column":20}},"101":{"start":{"line":226,"column":34},"end":{"line":241,"column":22}},"102":{"start":{"line":227,"column":4},"end":{"line":227,"column":69}},"103":{"start":{"line":227,"column":62},"end":{"line":227,"column":69}},"104":{"start":{"line":230,"column":17},"end":{"line":230,"column":40}},"105":{"start":{"line":231,"column":23},"end":{"line":231,"column":65}},"106":{"start":{"line":234,"column":20},"end":{"line":234,"column":45}},"107":{"start":{"line":235,"column":4},"end":{"line":237,"column":5}},"108":{"start":{"line":235,"column":17},"end":{"line":235,"column":35}},"109":{"start":{"line":236,"column":6},"end":{"line":236,"column":34}},"110":{"start":{"line":238,"column":4},"end":{"line":238,"column":28}},"111":{"start":{"line":240,"column":4},"end":{"line":240,"column":65}},"112":{"start":{"line":244,"column":25},"end":{"line":278,"column":3}},"113":{"start":{"line":245,"column":4},"end":{"line":277,"column":5}},"114":{"start":{"line":246,"column":25},"end":{"line":246,"column":62}},"115":{"start":{"line":247,"column":6},"end":{"line":250,"column":7}},"116":{"start":{"line":248,"column":8},"end":{"line":248,"column":56}},"117":{"start":{"line":249,"column":8},"end":{"line":249,"column":15}},"118":{"start":{"line":252,"column":6},"end":{"line":255,"column":9}},"119":{"start":{"line":257,"column":28},"end":{"line":259,"column":7}},"120":{"start":{"line":262,"column":6},"end":{"line":262,"column":68}},"121":{"start":{"line":263,"column":6},"end":{"line":263,"column":46}},"122":{"start":{"line":265,"column":6},"end":{"line":265,"column":39}},"123":{"start":{"line":266,"column":6},"end":{"line":266,"column":27}},"124":{"start":{"line":267,"column":6},"end":{"line":267,"column":30}},"125":{"start":{"line":268,"column":6},"end":{"line":268,"column":29}},"126":{"start":{"line":269,"column":6},"end":{"line":269,"column":62}},"127":{"start":{"line":271,"column":6},"end":{"line":273,"column":15}},"128":{"start":{"line":272,"column":8},"end":{"line":272,"column":47}},"129":{"start":{"line":272,"column":37},"end":{"line":272,"column":45}},"130":{"start":{"line":275,"column":6},"end":{"line":275,"column":53}},"131":{"start":{"line":276,"column":6},"end":{"line":276,"column":50}},"132":{"start":{"line":281,"column":24},"end":{"line":345,"column":3}},"133":{"start":{"line":282,"column":4},"end":{"line":282,"column":38}},"134":{"start":{"line":282,"column":31},"end":{"line":282,"column":38}},"135":{"start":{"line":284,"column":4},"end":{"line":284,"column":26}},"136":{"start":{"line":285,"column":4},"end":{"line":288,"column":5}},"137":{"start":{"line":286,"column":6},"end":{"line":286,"column":43}},"138":{"start":{"line":287,"column":6},"end":{"line":287,"column":35}},"139":{"start":{"line":290,"column":4},"end":{"line":290,"column":24}},"140":{"start":{"line":291,"column":4},"end":{"line":291,"column":56}},"141":{"start":{"line":293,"column":4},"end":{"line":344,"column":5}},"142":{"start":{"line":294,"column":6},"end":{"line":294,"column":54}},"143":{"start":{"line":295,"column":18},"end":{"line":295,"column":47}},"144":{"start":{"line":296,"column":6},"end":{"line":296,"column":34}},"145":{"start":{"line":298,"column":6},"end":{"line":302,"column":7}},"146":{"start":{"line":299,"column":8},"end":{"line":299,"column":59}},"147":{"start":{"line":300,"column":8},"end":{"line":300,"column":29}},"148":{"start":{"line":301,"column":8},"end":{"line":301,"column":15}},"149":{"start":{"line":304,"column":24},"end":{"line":304,"column":37}},"150":{"start":{"line":305,"column":26},"end":{"line":305,"column":50}},"151":{"start":{"line":307,"column":23},"end":{"line":307,"column":34}},"152":{"start":{"line":309,"column":28},"end":{"line":309,"column":52}},"153":{"start":{"line":310,"column":39},"end":{"line":316,"column":7}},"154":{"start":{"line":318,"column":25},"end":{"line":318,"column":95}},"155":{"start":{"line":320,"column":6},"end":{"line":324,"column":7}},"156":{"start":{"line":321,"column":8},"end":{"line":321,"column":72}},"157":{"start":{"line":322,"column":8},"end":{"line":322,"column":29}},"158":{"start":{"line":323,"column":8},"end":{"line":323,"column":15}},"159":{"start":{"line":326,"column":6},"end":{"line":330,"column":7}},"160":{"start":{"line":327,"column":8},"end":{"line":327,"column":67}},"161":{"start":{"line":328,"column":8},"end":{"line":328,"column":29}},"162":{"start":{"line":329,"column":8},"end":{"line":329,"column":15}},"163":{"start":{"line":332,"column":6},"end":{"line":332,"column":40}},"164":{"start":{"line":333,"column":6},"end":{"line":337,"column":7}},"165":{"start":{"line":334,"column":8},"end":{"line":334,"column":27}},"166":{"start":{"line":336,"column":8},"end":{"line":336,"column":66}},"167":{"start":{"line":339,"column":6},"end":{"line":339,"column":60}},"168":{"start":{"line":340,"column":6},"end":{"line":340,"column":52}},"169":{"start":{"line":341,"column":6},"end":{"line":341,"column":72}},"170":{"start":{"line":343,"column":6},"end":{"line":343,"column":27}},"171":{"start":{"line":347,"column":25},"end":{"line":353,"column":3}},"172":{"start":{"line":348,"column":4},"end":{"line":352,"column":5}},"173":{"start":{"line":349,"column":6},"end":{"line":349,"column":22}},"174":{"start":{"line":351,"column":6},"end":{"line":351,"column":23}},"175":{"start":{"line":356,"column":26},"end":{"line":476,"column":3}},"176":{"start":{"line":363,"column":19},"end":{"line":363,"column":23}},"177":{"start":{"line":364,"column":20},"end":{"line":364,"column":24}},"178":{"start":{"line":365,"column":24},"end":{"line":365,"column":28}},"179":{"start":{"line":367,"column":23},"end":{"line":367,"column":73}},"180":{"start":{"line":368,"column":4},"end":{"line":382,"column":5}},"181":{"start":{"line":369,"column":6},"end":{"line":381,"column":7}},"182":{"start":{"line":370,"column":25},"end":{"line":370,"column":67}},"183":{"start":{"line":371,"column":8},"end":{"line":371,"column":44}},"184":{"start":{"line":372,"column":8},"end":{"line":372,"column":46}},"185":{"start":{"line":374,"column":24},"end":{"line":374,"column":83}},"186":{"start":{"line":375,"column":8},"end":{"line":378,"column":9}},"187":{"start":{"line":376,"column":22},"end":{"line":376,"column":32}},"188":{"start":{"line":377,"column":10},"end":{"line":377,"column":86}},"189":{"start":{"line":380,"column":8},"end":{"line":380,"column":42}},"190":{"start":{"line":384,"column":22},"end":{"line":386,"column":32}},"191":{"start":{"line":389,"column":19},"end":{"line":394,"column":6}},"192":{"start":{"line":396,"column":4},"end":{"line":405,"column":5}},"193":{"start":{"line":397,"column":6},"end":{"line":397,"column":76}},"194":{"start":{"line":398,"column":6},"end":{"line":398,"column":74}},"195":{"start":{"line":399,"column":6},"end":{"line":403,"column":15}},"196":{"start":{"line":400,"column":8},"end":{"line":400,"column":38}},"197":{"start":{"line":401,"column":8},"end":{"line":401,"column":25}},"198":{"start":{"line":402,"column":8},"end":{"line":402,"column":28}},"199":{"start":{"line":404,"column":6},"end":{"line":404,"column":13}},"200":{"start":{"line":407,"column":4},"end":{"line":432,"column":5}},"201":{"start":{"line":408,"column":6},"end":{"line":408,"column":53}},"202":{"start":{"line":409,"column":18},"end":{"line":414,"column":24}},"203":{"start":{"line":416,"column":6},"end":{"line":419,"column":7}},"204":{"start":{"line":417,"column":8},"end":{"line":417,"column":50}},"205":{"start":{"line":418,"column":8},"end":{"line":418,"column":15}},"206":{"start":{"line":421,"column":6},"end":{"line":431,"column":9}},"207":{"start":{"line":434,"column":19},"end":{"line":434,"column":35}},"208":{"start":{"line":435,"column":4},"end":{"line":440,"column":5}},"209":{"start":{"line":436,"column":6},"end":{"line":436,"column":45}},"210":{"start":{"line":437,"column":6},"end":{"line":437,"column":29}},"211":{"start":{"line":439,"column":6},"end":{"line":439,"column":67}},"212":{"start":{"line":442,"column":4},"end":{"line":442,"column":72}},"213":{"start":{"line":443,"column":4},"end":{"line":443,"column":27}},"214":{"start":{"line":444,"column":4},"end":{"line":444,"column":49}},"215":{"start":{"line":447,"column":30},"end":{"line":447,"column":111}},"216":{"start":{"line":447,"column":81},"end":{"line":447,"column":95}},"217":{"start":{"line":447,"column":106},"end":{"line":447,"column":110}},"218":{"start":{"line":448,"column":4},"end":{"line":448,"column":51}},"219":{"start":{"line":449,"column":4},"end":{"line":449,"column":51}},"220":{"start":{"line":449,"column":16},"end":{"line":449,"column":51}},"221":{"start":{"line":450,"column":30},"end":{"line":450,"column":96}},"222":{"start":{"line":450,"column":81},"end":{"line":450,"column":95}},"223":{"start":{"line":452,"column":26},"end":{"line":452,"column":88}},"224":{"start":{"line":452,"column":54},"end":{"line":452,"column":87}},"225":{"start":{"line":455,"column":4},"end":{"line":457,"column":5}},"226":{"start":{"line":456,"column":6},"end":{"line":456,"column":64}},"227":{"start":{"line":459,"column":4},"end":{"line":459,"column":21}},"228":{"start":{"line":460,"column":4},"end":{"line":460,"column":24}},"229":{"start":{"line":462,"column":4},"end":{"line":465,"column":5}},"230":{"start":{"line":463,"column":6},"end":{"line":463,"column":38}},"231":{"start":{"line":464,"column":6},"end":{"line":464,"column":31}},"232":{"start":{"line":468,"column":4},"end":{"line":468,"column":25}},"233":{"start":{"line":470,"column":4},"end":{"line":470,"column":72}},"234":{"start":{"line":472,"column":4},"end":{"line":475,"column":13}},"235":{"start":{"line":473,"column":6},"end":{"line":473,"column":28}},"236":{"start":{"line":474,"column":6},"end":{"line":474,"column":36}},"237":{"start":{"line":478,"column":23},"end":{"line":528,"column":3}},"238":{"start":{"line":479,"column":4},"end":{"line":479,"column":48}},"239":{"start":{"line":479,"column":41},"end":{"line":479,"column":48}},"240":{"start":{"line":481,"column":4},"end":{"line":481,"column":24}},"241":{"start":{"line":482,"column":4},"end":{"line":482,"column":27}},"242":{"start":{"line":483,"column":4},"end":{"line":527,"column":5}},"243":{"start":{"line":484,"column":28},"end":{"line":484,"column":52}},"244":{"start":{"line":485,"column":39},"end":{"line":491,"column":7}},"245":{"start":{"line":493,"column":23},"end":{"line":493,"column":87}},"246":{"start":{"line":495,"column":6},"end":{"line":512,"column":7}},"247":{"start":{"line":496,"column":28},"end":{"line":496,"column":76}},"248":{"start":{"line":497,"column":21},"end":{"line":497,"column":22}},"249":{"start":{"line":498,"column":8},"end":{"line":503,"column":9}},"250":{"start":{"line":499,"column":10},"end":{"line":499,"column":64}},"251":{"start":{"line":500,"column":10},"end":{"line":502,"column":11}},"252":{"start":{"line":501,"column":12},"end":{"line":501,"column":27}},"253":{"start":{"line":505,"column":8},"end":{"line":511,"column":10}},"254":{"start":{"line":514,"column":6},"end":{"line":518,"column":7}},"255":{"start":{"line":515,"column":8},"end":{"line":515,"column":56}},"256":{"start":{"line":516,"column":8},"end":{"line":516,"column":29}},"257":{"start":{"line":517,"column":8},"end":{"line":517,"column":15}},"258":{"start":{"line":520,"column":6},"end":{"line":520,"column":40}},"259":{"start":{"line":522,"column":6},"end":{"line":522,"column":54}},"260":{"start":{"line":523,"column":6},"end":{"line":523,"column":44}},"261":{"start":{"line":524,"column":6},"end":{"line":524,"column":72}},"262":{"start":{"line":526,"column":6},"end":{"line":526,"column":27}},"263":{"start":{"line":530,"column":20},"end":{"line":530,"column":37}},"264":{"start":{"line":532,"column":25},"end":{"line":536,"column":3}},"265":{"start":{"line":533,"column":14},"end":{"line":533,"column":35}},"266":{"start":{"line":534,"column":14},"end":{"line":534,"column":23}},"267":{"start":{"line":535,"column":4},"end":{"line":535,"column":48}},"268":{"start":{"line":538,"column":2},"end":{"line":698,"column":4}},"269":{"start":{"line":622,"column":20},"end":{"line":622,"column":73}},"270":{"start":{"line":701,"column":0},"end":{"line":701,"column":48}}},"fnMap":{"0":{"name":"getDistance","decl":{"start":{"line":37,"column":9},"end":{"line":37,"column":20}},"loc":{"start":{"line":37,"column":77},"end":{"line":49,"column":1}},"line":37},"1":{"name":"(anonymous_1)","decl":{"start":{"line":54,"column":16},"end":{"line":54,"column":17}},"loc":{"start":{"line":54,"column":89},"end":{"line":79,"column":1}},"line":54},"2":{"name":"(anonymous_2)","decl":{"start":{"line":55,"column":41},"end":{"line":55,"column":42}},"loc":{"start":{"line":55,"column":47},"end":{"line":64,"column":3}},"line":55},"3":{"name":"(anonymous_3)","decl":{"start":{"line":87,"column":70},"end":{"line":87,"column":71}},"loc":{"start":{"line":87,"column":92},"end":{"line":699,"column":1}},"line":87},"4":{"name":"(anonymous_4)","decl":{"start":{"line":92,"column":44},"end":{"line":92,"column":45}},"loc":{"start":{"line":92,"column":49},"end":{"line":92,"column":56}},"line":92},"5":{"name":"(anonymous_5)","decl":{"start":{"line":110,"column":27},"end":{"line":110,"column":28}},"loc":{"start":{"line":110,"column":56},"end":{"line":125,"column":3}},"line":110},"6":{"name":"(anonymous_6)","decl":{"start":{"line":121,"column":22},"end":{"line":121,"column":23}},"loc":{"start":{"line":121,"column":27},"end":{"line":121,"column":92}},"line":121},"7":{"name":"(anonymous_7)","decl":{"start":{"line":127,"column":12},"end":{"line":127,"column":13}},"loc":{"start":{"line":127,"column":18},"end":{"line":130,"column":3}},"line":127},"8":{"name":"(anonymous_8)","decl":{"start":{"line":144,"column":12},"end":{"line":144,"column":13}},"loc":{"start":{"line":144,"column":18},"end":{"line":163,"column":3}},"line":144},"9":{"name":"(anonymous_9)","decl":{"start":{"line":145,"column":67},"end":{"line":145,"column":68}},"loc":{"start":{"line":145,"column":97},"end":{"line":151,"column":5}},"line":145},"10":{"name":"(anonymous_10)","decl":{"start":{"line":153,"column":71},"end":{"line":153,"column":72}},"loc":{"start":{"line":153,"column":84},"end":{"line":157,"column":5}},"line":153},"11":{"name":"(anonymous_11)","decl":{"start":{"line":159,"column":11},"end":{"line":159,"column":12}},"loc":{"start":{"line":159,"column":17},"end":{"line":162,"column":5}},"line":159},"12":{"name":"(anonymous_12)","decl":{"start":{"line":165,"column":12},"end":{"line":165,"column":13}},"loc":{"start":{"line":165,"column":18},"end":{"line":180,"column":3}},"line":165},"13":{"name":"(anonymous_13)","decl":{"start":{"line":182,"column":40},"end":{"line":182,"column":41}},"loc":{"start":{"line":182,"column":47},"end":{"line":184,"column":3}},"line":182},"14":{"name":"(anonymous_14)","decl":{"start":{"line":186,"column":29},"end":{"line":186,"column":30}},"loc":{"start":{"line":186,"column":35},"end":{"line":186,"column":56}},"line":186},"15":{"name":"(anonymous_15)","decl":{"start":{"line":188,"column":41},"end":{"line":188,"column":42}},"loc":{"start":{"line":188,"column":66},"end":{"line":223,"column":3}},"line":188},"16":{"name":"(anonymous_16)","decl":{"start":{"line":226,"column":46},"end":{"line":226,"column":47}},"loc":{"start":{"line":226,"column":81},"end":{"line":241,"column":3}},"line":226},"17":{"name":"(anonymous_17)","decl":{"start":{"line":244,"column":25},"end":{"line":244,"column":26}},"loc":{"start":{"line":244,"column":37},"end":{"line":278,"column":3}},"line":244},"18":{"name":"(anonymous_18)","decl":{"start":{"line":271,"column":42},"end":{"line":271,"column":43}},"loc":{"start":{"line":271,"column":48},"end":{"line":273,"column":7}},"line":271},"19":{"name":"(anonymous_19)","decl":{"start":{"line":272,"column":29},"end":{"line":272,"column":30}},"loc":{"start":{"line":272,"column":37},"end":{"line":272,"column":45}},"line":272},"20":{"name":"(anonymous_20)","decl":{"start":{"line":281,"column":24},"end":{"line":281,"column":25}},"loc":{"start":{"line":281,"column":36},"end":{"line":345,"column":3}},"line":281},"21":{"name":"(anonymous_21)","decl":{"start":{"line":347,"column":25},"end":{"line":347,"column":26}},"loc":{"start":{"line":347,"column":31},"end":{"line":353,"column":3}},"line":347},"22":{"name":"(anonymous_22)","decl":{"start":{"line":356,"column":26},"end":{"line":356,"column":27}},"loc":{"start":{"line":362,"column":8},"end":{"line":476,"column":3}},"line":362},"23":{"name":"(anonymous_23)","decl":{"start":{"line":399,"column":17},"end":{"line":399,"column":18}},"loc":{"start":{"line":399,"column":23},"end":{"line":403,"column":7}},"line":399},"24":{"name":"(anonymous_24)","decl":{"start":{"line":447,"column":76},"end":{"line":447,"column":77}},"loc":{"start":{"line":447,"column":81},"end":{"line":447,"column":95}},"line":447},"25":{"name":"(anonymous_25)","decl":{"start":{"line":447,"column":101},"end":{"line":447,"column":102}},"loc":{"start":{"line":447,"column":106},"end":{"line":447,"column":110}},"line":447},"26":{"name":"(anonymous_26)","decl":{"start":{"line":450,"column":76},"end":{"line":450,"column":77}},"loc":{"start":{"line":450,"column":81},"end":{"line":450,"column":95}},"line":450},"27":{"name":"(anonymous_27)","decl":{"start":{"line":452,"column":49},"end":{"line":452,"column":50}},"loc":{"start":{"line":452,"column":54},"end":{"line":452,"column":87}},"line":452},"28":{"name":"(anonymous_28)","decl":{"start":{"line":472,"column":15},"end":{"line":472,"column":16}},"loc":{"start":{"line":472,"column":21},"end":{"line":475,"column":5}},"line":472},"29":{"name":"(anonymous_29)","decl":{"start":{"line":478,"column":23},"end":{"line":478,"column":24}},"loc":{"start":{"line":478,"column":35},"end":{"line":528,"column":3}},"line":478},"30":{"name":"(anonymous_30)","decl":{"start":{"line":532,"column":25},"end":{"line":532,"column":26}},"loc":{"start":{"line":532,"column":43},"end":{"line":536,"column":3}},"line":532},"31":{"name":"(anonymous_31)","decl":{"start":{"line":621,"column":56},"end":{"line":621,"column":57}},"loc":{"start":{"line":622,"column":20},"end":{"line":622,"column":73}},"line":622}},"branchMap":{"0":{"loc":{"start":{"line":57,"column":18},"end":{"line":57,"column":42}},"type":"binary-expr","locations":[{"start":{"line":57,"column":18},"end":{"line":57,"column":37}},{"start":{"line":57,"column":41},"end":{"line":57,"column":42}}],"line":57},"1":{"loc":{"start":{"line":111,"column":4},"end":{"line":111,"column":27}},"type":"if","locations":[{"start":{"line":111,"column":4},"end":{"line":111,"column":27}},{"start":{},"end":{}}],"line":111},"2":{"loc":{"start":{"line":120,"column":6},"end":{"line":120,"column":48}},"type":"if","locations":[{"start":{"line":120,"column":6},"end":{"line":120,"column":48}},{"start":{},"end":{}}],"line":120},"3":{"loc":{"start":{"line":120,"column":10},"end":{"line":120,"column":36}},"type":"binary-expr","locations":[{"start":{"line":120,"column":10},"end":{"line":120,"column":15}},{"start":{"line":120,"column":19},"end":{"line":120,"column":36}}],"line":120},"4":{"loc":{"start":{"line":121,"column":30},"end":{"line":121,"column":62}},"type":"cond-expr","locations":[{"start":{"line":121,"column":53},"end":{"line":121,"column":56}},{"start":{"line":121,"column":59},"end":{"line":121,"column":62}}],"line":121},"5":{"loc":{"start":{"line":147,"column":6},"end":{"line":149,"column":7}},"type":"if","locations":[{"start":{"line":147,"column":6},"end":{"line":149,"column":7}},{"start":{},"end":{}}],"line":147},"6":{"loc":{"start":{"line":166,"column":4},"end":{"line":179,"column":5}},"type":"if","locations":[{"start":{"line":166,"column":4},"end":{"line":179,"column":5}},{"start":{"line":175,"column":11},"end":{"line":179,"column":5}}],"line":166},"7":{"loc":{"start":{"line":189,"column":4},"end":{"line":222,"column":5}},"type":"if","locations":[{"start":{"line":189,"column":4},"end":{"line":222,"column":5}},{"start":{"line":202,"column":11},"end":{"line":222,"column":5}}],"line":189},"8":{"loc":{"start":{"line":189,"column":8},"end":{"line":189,"column":31}},"type":"binary-expr","locations":[{"start":{"line":189,"column":8},"end":{"line":189,"column":20}},{"start":{"line":189,"column":24},"end":{"line":189,"column":31}}],"line":189},"9":{"loc":{"start":{"line":194,"column":6},"end":{"line":201,"column":7}},"type":"if","locations":[{"start":{"line":194,"column":6},"end":{"line":201,"column":7}},{"start":{},"end":{}}],"line":194},"10":{"loc":{"start":{"line":200,"column":8},"end":{"line":200,"column":72}},"type":"if","locations":[{"start":{"line":200,"column":8},"end":{"line":200,"column":72}},{"start":{},"end":{}}],"line":200},"11":{"loc":{"start":{"line":202,"column":11},"end":{"line":222,"column":5}},"type":"if","locations":[{"start":{"line":202,"column":11},"end":{"line":222,"column":5}},{"start":{},"end":{}}],"line":202},"12":{"loc":{"start":{"line":204,"column":6},"end":{"line":221,"column":7}},"type":"if","locations":[{"start":{"line":204,"column":6},"end":{"line":221,"column":7}},{"start":{},"end":{}}],"line":204},"13":{"loc":{"start":{"line":213,"column":12},"end":{"line":216,"column":13}},"type":"if","locations":[{"start":{"line":213,"column":12},"end":{"line":216,"column":13}},{"start":{},"end":{}}],"line":213},"14":{"loc":{"start":{"line":214,"column":46},"end":{"line":214,"column":73}},"type":"binary-expr","locations":[{"start":{"line":214,"column":46},"end":{"line":214,"column":59}},{"start":{"line":214,"column":63},"end":{"line":214,"column":73}}],"line":214},"15":{"loc":{"start":{"line":227,"column":4},"end":{"line":227,"column":69}},"type":"if","locations":[{"start":{"line":227,"column":4},"end":{"line":227,"column":69}},{"start":{},"end":{}}],"line":227},"16":{"loc":{"start":{"line":227,"column":8},"end":{"line":227,"column":60}},"type":"binary-expr","locations":[{"start":{"line":227,"column":8},"end":{"line":227,"column":27}},{"start":{"line":227,"column":31},"end":{"line":227,"column":60}}],"line":227},"17":{"loc":{"start":{"line":230,"column":17},"end":{"line":230,"column":40}},"type":"binary-expr","locations":[{"start":{"line":230,"column":17},"end":{"line":230,"column":32}},{"start":{"line":230,"column":36},"end":{"line":230,"column":40}}],"line":230},"18":{"loc":{"start":{"line":247,"column":6},"end":{"line":250,"column":7}},"type":"if","locations":[{"start":{"line":247,"column":6},"end":{"line":250,"column":7}},{"start":{},"end":{}}],"line":247},"19":{"loc":{"start":{"line":282,"column":4},"end":{"line":282,"column":38}},"type":"if","locations":[{"start":{"line":282,"column":4},"end":{"line":282,"column":38}},{"start":{},"end":{}}],"line":282},"20":{"loc":{"start":{"line":285,"column":4},"end":{"line":288,"column":5}},"type":"if","locations":[{"start":{"line":285,"column":4},"end":{"line":288,"column":5}},{"start":{},"end":{}}],"line":285},"21":{"loc":{"start":{"line":298,"column":6},"end":{"line":302,"column":7}},"type":"if","locations":[{"start":{"line":298,"column":6},"end":{"line":302,"column":7}},{"start":{},"end":{}}],"line":298},"22":{"loc":{"start":{"line":311,"column":14},"end":{"line":311,"column":41}},"type":"binary-expr","locations":[{"start":{"line":311,"column":14},"end":{"line":311,"column":31}},{"start":{"line":311,"column":35},"end":{"line":311,"column":41}}],"line":311},"23":{"loc":{"start":{"line":312,"column":18},"end":{"line":312,"column":34}},"type":"binary-expr","locations":[{"start":{"line":312,"column":18},"end":{"line":312,"column":26}},{"start":{"line":312,"column":30},"end":{"line":312,"column":34}}],"line":312},"24":{"loc":{"start":{"line":313,"column":21},"end":{"line":313,"column":47}},"type":"binary-expr","locations":[{"start":{"line":313,"column":21},"end":{"line":313,"column":34}},{"start":{"line":313,"column":38},"end":{"line":313,"column":47}}],"line":313},"25":{"loc":{"start":{"line":315,"column":24},"end":{"line":315,"column":48}},"type":"binary-expr","locations":[{"start":{"line":315,"column":24},"end":{"line":315,"column":42}},{"start":{"line":315,"column":46},"end":{"line":315,"column":48}}],"line":315},"26":{"loc":{"start":{"line":320,"column":6},"end":{"line":324,"column":7}},"type":"if","locations":[{"start":{"line":320,"column":6},"end":{"line":324,"column":7}},{"start":{},"end":{}}],"line":320},"27":{"loc":{"start":{"line":326,"column":6},"end":{"line":330,"column":7}},"type":"if","locations":[{"start":{"line":326,"column":6},"end":{"line":330,"column":7}},{"start":{},"end":{}}],"line":326},"28":{"loc":{"start":{"line":348,"column":4},"end":{"line":352,"column":5}},"type":"if","locations":[{"start":{"line":348,"column":4},"end":{"line":352,"column":5}},{"start":{"line":350,"column":11},"end":{"line":352,"column":5}}],"line":348},"29":{"loc":{"start":{"line":368,"column":4},"end":{"line":382,"column":5}},"type":"if","locations":[{"start":{"line":368,"column":4},"end":{"line":382,"column":5}},{"start":{},"end":{}}],"line":368},"30":{"loc":{"start":{"line":375,"column":8},"end":{"line":378,"column":9}},"type":"if","locations":[{"start":{"line":375,"column":8},"end":{"line":378,"column":9}},{"start":{},"end":{}}],"line":375},"31":{"loc":{"start":{"line":384,"column":22},"end":{"line":386,"column":32}},"type":"cond-expr","locations":[{"start":{"line":385,"column":8},"end":{"line":385,"column":70}},{"start":{"line":386,"column":8},"end":{"line":386,"column":32}}],"line":384},"32":{"loc":{"start":{"line":392,"column":15},"end":{"line":392,"column":29}},"type":"binary-expr","locations":[{"start":{"line":392,"column":15},"end":{"line":392,"column":21}},{"start":{"line":392,"column":25},"end":{"line":392,"column":29}}],"line":392},"33":{"loc":{"start":{"line":396,"column":4},"end":{"line":405,"column":5}},"type":"if","locations":[{"start":{"line":396,"column":4},"end":{"line":405,"column":5}},{"start":{},"end":{}}],"line":396},"34":{"loc":{"start":{"line":407,"column":4},"end":{"line":432,"column":5}},"type":"if","locations":[{"start":{"line":407,"column":4},"end":{"line":432,"column":5}},{"start":{"line":420,"column":11},"end":{"line":432,"column":5}}],"line":407},"35":{"loc":{"start":{"line":407,"column":8},"end":{"line":407,"column":31}},"type":"binary-expr","locations":[{"start":{"line":407,"column":8},"end":{"line":407,"column":18}},{"start":{"line":407,"column":22},"end":{"line":407,"column":31}}],"line":407},"36":{"loc":{"start":{"line":414,"column":9},"end":{"line":414,"column":23}},"type":"binary-expr","locations":[{"start":{"line":414,"column":9},"end":{"line":414,"column":15}},{"start":{"line":414,"column":19},"end":{"line":414,"column":23}}],"line":414},"37":{"loc":{"start":{"line":416,"column":6},"end":{"line":419,"column":7}},"type":"if","locations":[{"start":{"line":416,"column":6},"end":{"line":419,"column":7}},{"start":{},"end":{}}],"line":416},"38":{"loc":{"start":{"line":430,"column":17},"end":{"line":430,"column":31}},"type":"binary-expr","locations":[{"start":{"line":430,"column":17},"end":{"line":430,"column":23}},{"start":{"line":430,"column":27},"end":{"line":430,"column":31}}],"line":430},"39":{"loc":{"start":{"line":435,"column":4},"end":{"line":440,"column":5}},"type":"if","locations":[{"start":{"line":435,"column":4},"end":{"line":440,"column":5}},{"start":{"line":438,"column":11},"end":{"line":440,"column":5}}],"line":435},"40":{"loc":{"start":{"line":449,"column":4},"end":{"line":449,"column":51}},"type":"if","locations":[{"start":{"line":449,"column":4},"end":{"line":449,"column":51}},{"start":{},"end":{}}],"line":449},"41":{"loc":{"start":{"line":455,"column":4},"end":{"line":457,"column":5}},"type":"if","locations":[{"start":{"line":455,"column":4},"end":{"line":457,"column":5}},{"start":{},"end":{}}],"line":455},"42":{"loc":{"start":{"line":462,"column":4},"end":{"line":465,"column":5}},"type":"if","locations":[{"start":{"line":462,"column":4},"end":{"line":465,"column":5}},{"start":{},"end":{}}],"line":462},"43":{"loc":{"start":{"line":479,"column":4},"end":{"line":479,"column":48}},"type":"if","locations":[{"start":{"line":479,"column":4},"end":{"line":479,"column":48}},{"start":{},"end":{}}],"line":479},"44":{"loc":{"start":{"line":479,"column":8},"end":{"line":479,"column":39}},"type":"binary-expr","locations":[{"start":{"line":479,"column":8},"end":{"line":479,"column":25}},{"start":{"line":479,"column":29},"end":{"line":479,"column":39}}],"line":479},"45":{"loc":{"start":{"line":486,"column":14},"end":{"line":486,"column":41}},"type":"binary-expr","locations":[{"start":{"line":486,"column":14},"end":{"line":486,"column":31}},{"start":{"line":486,"column":35},"end":{"line":486,"column":41}}],"line":486},"46":{"loc":{"start":{"line":487,"column":18},"end":{"line":487,"column":34}},"type":"binary-expr","locations":[{"start":{"line":487,"column":18},"end":{"line":487,"column":26}},{"start":{"line":487,"column":30},"end":{"line":487,"column":34}}],"line":487},"47":{"loc":{"start":{"line":488,"column":21},"end":{"line":488,"column":47}},"type":"binary-expr","locations":[{"start":{"line":488,"column":21},"end":{"line":488,"column":34}},{"start":{"line":488,"column":38},"end":{"line":488,"column":47}}],"line":488},"48":{"loc":{"start":{"line":490,"column":24},"end":{"line":490,"column":48}},"type":"binary-expr","locations":[{"start":{"line":490,"column":24},"end":{"line":490,"column":42}},{"start":{"line":490,"column":46},"end":{"line":490,"column":48}}],"line":490},"49":{"loc":{"start":{"line":495,"column":6},"end":{"line":512,"column":7}},"type":"if","locations":[{"start":{"line":495,"column":6},"end":{"line":512,"column":7}},{"start":{},"end":{}}],"line":495},"50":{"loc":{"s
[...]
,"C:\\Codingg\\Duasaku\\src\\store\\useGamificationStore.ts": {"path":"C:\\Codingg\\Duasaku\\src\\store\\useGamificationStore.ts","statementMap":{"0":{"start":{"line":5,"column":16},"end":{"line":5,"column":28}},"1":{"start":{"line":7,"column":20},"end":{"line":11,"column":1}},"2":{"start":{"line":8,"column":44},"end":{"line":8,"column":68}},"3":{"start":{"line":9,"column":29},"end":{"line":9,"column":60}},"4":{"start":{"line":10,"column":32},"end":{"line":10,"column":52}},"5":{"start":{"line":32,"column":36},"end":{"line":76,"column":1}},"6":{"start":{"line":34,"column":14},"end":{"line":70,"column":5}},"7":{"start":{"line":45,"column":33},"end":{"line":45,"column":60}},"8":{"start":{"line":47,"column":32},"end":{"line":53,"column":9}},"9":{"start":{"line":47,"column":48},"end":{"line":53,"column":7}},"10":{"start":{"line":49,"column":10},"end":{"line":51,"column":15}},"11":{"start":{"line":55,"column":26},"end":{"line":69,"column":8}},"12":{"start":{"line":56,"column":22},"end":{"line":56,"column":60}},"13":{"start":{"line":57,"column":8},"end":{"line":57,"column":57}},"14":{"start":{"line":57,"column":44},"end":{"line":57,"column":57}},"15":{"start":{"line":59,"column":26},"end":{"line":59,"column":36}},"16":{"start":{"line":60,"column":8},"end":{"line":60,"column":51}},"17":{"start":{"line":61,"column":29},"end":{"line":61,"column":66}},"18":{"start":{"line":63,"column":26},"end":{"line":63,"column":90}},"19":{"start":{"line":65,"column":8},"end":{"line":68,"column":10}},"20":{"start":{"line":73,"column":39},"end":{"line":73,"column":50}}},"fnMap":{"0":{"name":"(anonymous_0)","decl":{"start":{"line":8,"column":11},"end":{"line":8,"column":12}},"loc":{"start":{"line":8,"column":44},"end":{"line":8,"column":68}},"line":8},"1":{"name":"(anonymous_1)","decl":{"start":{"line":9,"column":11},"end":{"line":9,"column":12}},"loc":{"start":{"line":9,"column":29},"end":{"line":9,"column":60}},"line":9},"2":{"name":"(anonymous_2)","decl":{"start":{"line":10,"column":14},"end":{"line":10,"column":15}},"loc":{"start":{"line":10,"column":32},"end":{"line":10,"column":52}},"line":10},"3":{"name":"(anonymous_3)","decl":{"start":{"line":34,"column":4},"end":{"line":34,"column":5}},"loc":{"start":{"line":34,"column":14},"end":{"line":70,"column":5}},"line":34},"4":{"name":"(anonymous_4)","decl":{"start":{"line":45,"column":22},"end":{"line":45,"column":23}},"loc":{"start":{"line":45,"column":33},"end":{"line":45,"column":60}},"line":45},"5":{"name":"(anonymous_5)","decl":{"start":{"line":47,"column":19},"end":{"line":47,"column":20}},"loc":{"start":{"line":47,"column":32},"end":{"line":53,"column":9}},"line":47},"6":{"name":"(anonymous_6)","decl":{"start":{"line":47,"column":36},"end":{"line":47,"column":37}},"loc":{"start":{"line":47,"column":48},"end":{"line":53,"column":7}},"line":47},"7":{"name":"(anonymous_7)","decl":{"start":{"line":48,"column":33},"end":{"line":48,"column":34}},"loc":{"start":{"line":49,"column":10},"end":{"line":51,"column":15}},"line":49},"8":{"name":"(anonymous_8)","decl":{"start":{"line":55,"column":20},"end":{"line":55,"column":21}},"loc":{"start":{"line":55,"column":26},"end":{"line":69,"column":8}},"line":55},"9":{"name":"(anonymous_9)","decl":{"start":{"line":55,"column":30},"end":{"line":55,"column":31}},"loc":{"start":{"line":55,"column":41},"end":{"line":69,"column":7}},"line":55},"10":{"name":"(anonymous_10)","decl":{"start":{"line":73,"column":33},"end":{"line":73,"column":34}},"loc":{"start":{"line":73,"column":39},"end":{"line":73,"column":50}},"line":73}},"branchMap":{"0":{"loc":{"start":{"line":9,"column":29},"end":{"line":9,"column":60}},"type":"binary-expr","locations":[{"start":{"line":9,"column":29},"end":{"line":9,"column":52}},{"start":{"line":9,"column":56},"end":{"line":9,"column":60}}],"line":9},"1":{"loc":{"start":{"line":49,"column":10},"end":{"line":51,"column":15}},"type":"cond-expr","locations":[{"start":{"line":50,"column":14},"end":{"line":50,"column":60}},{"start":{"line":51,"column":14},"end":{"line":51,"column":15}}],"line":49},"2":{"loc":{"start":{"line":49,"column":10},"end":{"line":49,"column":43}},"type":"binary-expr","locations":[{"start":{"line":49,"column":10},"end":{"line":49,"column":26}},{"start":{"line":49,"column":30},"end":{"line":49,"column":43}}],"line":49},"3":{"loc":{"start":{"line":57,"column":8},"end":{"line":57,"column":57}},"type":"if","locations":[{"start":{"line":57,"column":8},"end":{"line":57,"column":57}},{"start":{},"end":{}}],"line":57},"4":{"loc":{"start":{"line":63,"column":26},"end":{"line":63,"column":90}},"type":"cond-expr","locations":[{"start":{"line":63,"column":66},"end":{"line":63,"column":86}},{"start":{"line":63,"column":89},"end":{"line":63,"column":90}}],"line":63}},"s":{"0":0,"1":0,"2":0,"3":0,"4":0,"5":0,"6":0,"7":0,"8":0,"9":0,"10":0,"11":0,"12":0,"13":0,"14":0,"15":0,"16":0,"17":0,"18":0,"19":0,"20":0},"f":{"0":0,"1":0,"2":0,"3":0,"4":0,"5":0,"6":0,"7":0,"8":0,"9":0,"10":0},"b":{"0":[0,0],"1":[0,0],"2":[0,0],"3":[0,0],"4":[0,0]}}
,"C:\\Codingg\\Duasaku\\src\\store\\useNotificationLogStore.ts": {"path":"C:\\Codingg\\Duasaku\\src\\store\\useNotificationLogStore.ts","statementMap":{"0":{"start":{"line":22,"column":39},"end":{"line":43,"column":1}},"1":{"start":{"line":24,"column":14},"end":{"line":37,"column":5}},"2":{"start":{"line":26,"column":23},"end":{"line":35,"column":9}},"3":{"start":{"line":26,"column":39},"end":{"line":35,"column":7}},"4":{"start":{"line":36,"column":23},"end":{"line":36,"column":40}},"5":{"start":{"line":40,"column":39},"end":{"line":40,"column":50}}},"fnMap":{"0":{"name":"(anonymous_0)","decl":{"start":{"line":24,"column":4},"end":{"line":24,"column":5}},"loc":{"start":{"line":24,"column":14},"end":{"line":37,"column":5}},"line":24},"1":{"name":"(anonymous_1)","decl":{"start":{"line":26,"column":14},"end":{"line":26,"column":15}},"loc":{"start":{"line":26,"column":23},"end":{"line":35,"column":9}},"line":26},"2":{"name":"(anonymous_2)","decl":{"start":{"line":26,"column":27},"end":{"line":26,"column":28}},"loc":{"start":{"line":26,"column":39},"end":{"line":35,"column":7}},"line":26},"3":{"name":"(anonymous_3)","decl":{"start":{"line":36,"column":17},"end":{"line":36,"column":18}},"loc":{"start":{"line":36,"column":23},"end":{"line":36,"column":40}},"line":36},"4":{"name":"(anonymous_4)","decl":{"start":{"line":40,"column":33},"end":{"line":40,"column":34}},"loc":{"start":{"line":40,"column":39},"end":{"line":40,"column":50}},"line":40}},"branchMap":{},"s":{"0":0,"1":0,"2":0,"3":0,"4":0,"5":0},"f":{"0":0,"1":0,"2":0,"3":0,"4":0},"b":{}}
,"C:\\Codingg\\Duasaku\\src\\store\\useSettingsStore.ts": {"path":"C:\\Codingg\\Duasaku\\src\\store\\useSettingsStore.ts","statementMap":{"0":{"start":{"line":5,"column":16},"end":{"line":5,"column":28}},"1":{"start":{"line":7,"column":34},"end":{"line":18,"column":1}},"2":{"start":{"line":9,"column":4},"end":{"line":9,"column":36}},"3":{"start":{"line":12,"column":18},"end":{"line":12,"column":41}},"4":{"start":{"line":13,"column":4},"end":{"line":13,"column":25}},"5":{"start":{"line":16,"column":4},"end":{"line":16,"column":32}},"6":{"start":{"line":60,"column":32},"end":{"line":122,"column":1}},"7":{"start":{"line":62,"column":14},"end":{"line":116,"column":5}},"8":{"start":{"line":80,"column":30},"end":{"line":80,"column":99}},"9":{"start":{"line":80,"column":46},"end":{"line":80,"column":97}},"10":{"start":{"line":81,"column":31},"end":{"line":81,"column":102}},"11":{"start":{"line":81,"column":47},"end":{"line":81,"column":100}},"12":{"start":{"line":82,"column":37},"end":{"line":82,"column":68}},"13":{"start":{"line":83,"column":33},"end":{"line":83,"column":60}},"14":{"start":{"line":84,"column":41},"end":{"line":84,"column":76}},"15":{"start":{"line":85,"column":34},"end":{"line":85,"column":62}},"16":{"start":{"line":86,"column":36},"end":{"line":88,"column":9}},"17":{"start":{"line":86,"column":52},"end":{"line":88,"column":7}},"18":{"start":{"line":89,"column":46},"end":{"line":89,"column":86}},"19":{"start":{"line":91,"column":31},"end":{"line":96,"column":9}},"20":{"start":{"line":91,"column":47},"end":{"line":96,"column":7}},"21":{"start":{"line":98,"column":34},"end":{"line":100,"column":9}},"22":{"start":{"line":98,"column":50},"end":{"line":100,"column":7}},"23":{"start":{"line":99,"column":47},"end":{"line":99,"column":58}},"24":{"start":{"line":102,"column":49},"end":{"line":104,"column":9}},"25":{"start":{"line":102,"column":65},"end":{"line":104,"column":7}},"26":{"start":{"line":103,"column":44},"end":{"line":103,"column":91}},"27":{"start":{"line":106,"column":42},"end":{"line":108,"column":9}},"28":{"start":{"line":106,"column":58},"end":{"line":108,"column":7}},"29":{"start":{"line":107,"column":44},"end":{"line":107,"column":107}},"30":{"start":{"line":110,"column":29},"end":{"line":112,"column":9}},"31":{"start":{"line":110,"column":45},"end":{"line":112,"column":7}},"32":{"start":{"line":113,"column":32},"end":{"line":115,"column":9}},"33":{"start":{"line":113,"column":48},"end":{"line":115,"column":7}},"34":{"start":{"line":114,"column":57},"end":{"line":114,"column":66}},"35":{"start":{"line":119,"column":39},"end":{"line":119,"column":50}}},"fnMap":{"0":{"name":"(anonymous_0)","decl":{"start":{"line":8,"column":11},"end":{"line":8,"column":12}},"loc":{"start":{"line":8,"column":28},"end":{"line":10,"column":3}},"line":8},"1":{"name":"(anonymous_1)","decl":{"start":{"line":11,"column":11},"end":{"line":11,"column":12}},"loc":{"start":{"line":11,"column":21},"end":{"line":14,"column":3}},"line":11},"2":{"name":"(anonymous_2)","decl":{"start":{"line":15,"column":14},"end":{"line":15,"column":15}},"loc":{"start":{"line":15,"column":24},"end":{"line":17,"column":3}},"line":15},"3":{"name":"(anonymous_3)","decl":{"start":{"line":62,"column":4},"end":{"line":62,"column":5}},"loc":{"start":{"line":62,"column":14},"end":{"line":116,"column":5}},"line":62},"4":{"name":"(anonymous_4)","decl":{"start":{"line":80,"column":24},"end":{"line":80,"column":25}},"loc":{"start":{"line":80,"column":30},"end":{"line":80,"column":99}},"line":80},"5":{"name":"(anonymous_5)","decl":{"start":{"line":80,"column":34},"end":{"line":80,"column":35}},"loc":{"start":{"line":80,"column":46},"end":{"line":80,"column":97}},"line":80},"6":{"name":"(anonymous_6)","decl":{"start":{"line":81,"column":25},"end":{"line":81,"column":26}},"loc":{"start":{"line":81,"column":31},"end":{"line":81,"column":102}},"line":81},"7":{"name":"(anonymous_7)","decl":{"start":{"line":81,"column":35},"end":{"line":81,"column":36}},"loc":{"start":{"line":81,"column":47},"end":{"line":81,"column":100}},"line":81},"8":{"name":"(anonymous_8)","decl":{"start":{"line":82,"column":24},"end":{"line":82,"column":25}},"loc":{"start":{"line":82,"column":37},"end":{"line":82,"column":68}},"line":82},"9":{"name":"(anonymous_9)","decl":{"start":{"line":83,"column":24},"end":{"line":83,"column":25}},"loc":{"start":{"line":83,"column":33},"end":{"line":83,"column":60}},"line":83},"10":{"name":"(anonymous_10)","decl":{"start":{"line":84,"column":24},"end":{"line":84,"column":25}},"loc":{"start":{"line":84,"column":41},"end":{"line":84,"column":76}},"line":84},"11":{"name":"(anonymous_11)","decl":{"start":{"line":85,"column":24},"end":{"line":85,"column":25}},"loc":{"start":{"line":85,"column":34},"end":{"line":85,"column":62}},"line":85},"12":{"name":"(anonymous_12)","decl":{"start":{"line":86,"column":24},"end":{"line":86,"column":25}},"loc":{"start":{"line":86,"column":36},"end":{"line":88,"column":9}},"line":86},"13":{"name":"(anonymous_13)","decl":{"start":{"line":86,"column":40},"end":{"line":86,"column":41}},"loc":{"start":{"line":86,"column":52},"end":{"line":88,"column":7}},"line":86},"14":{"name":"(anonymous_14)","decl":{"start":{"line":89,"column":31},"end":{"line":89,"column":32}},"loc":{"start":{"line":89,"column":46},"end":{"line":89,"column":86}},"line":89},"15":{"name":"(anonymous_15)","decl":{"start":{"line":91,"column":21},"end":{"line":91,"column":22}},"loc":{"start":{"line":91,"column":31},"end":{"line":96,"column":9}},"line":91},"16":{"name":"(anonymous_16)","decl":{"start":{"line":91,"column":35},"end":{"line":91,"column":36}},"loc":{"start":{"line":91,"column":47},"end":{"line":96,"column":7}},"line":91},"17":{"name":"(anonymous_17)","decl":{"start":{"line":98,"column":26},"end":{"line":98,"column":27}},"loc":{"start":{"line":98,"column":34},"end":{"line":100,"column":9}},"line":98},"18":{"name":"(anonymous_18)","decl":{"start":{"line":98,"column":38},"end":{"line":98,"column":39}},"loc":{"start":{"line":98,"column":50},"end":{"line":100,"column":7}},"line":98},"19":{"name":"(anonymous_19)","decl":{"start":{"line":99,"column":40},"end":{"line":99,"column":41}},"loc":{"start":{"line":99,"column":47},"end":{"line":99,"column":58}},"line":99},"20":{"name":"(anonymous_20)","decl":{"start":{"line":102,"column":33},"end":{"line":102,"column":34}},"loc":{"start":{"line":102,"column":49},"end":{"line":104,"column":9}},"line":102},"21":{"name":"(anonymous_21)","decl":{"start":{"line":102,"column":53},"end":{"line":102,"column":54}},"loc":{"start":{"line":102,"column":65},"end":{"line":104,"column":7}},"line":102},"22":{"name":"(anonymous_22)","decl":{"start":{"line":103,"column":37},"end":{"line":103,"column":38}},"loc":{"start":{"line":103,"column":44},"end":{"line":103,"column":91}},"line":103},"23":{"name":"(anonymous_23)","decl":{"start":{"line":106,"column":26},"end":{"line":106,"column":27}},"loc":{"start":{"line":106,"column":42},"end":{"line":108,"column":9}},"line":106},"24":{"name":"(anonymous_24)","decl":{"start":{"line":106,"column":46},"end":{"line":106,"column":47}},"loc":{"start":{"line":106,"column":58},"end":{"line":108,"column":7}},"line":106},"25":{"name":"(anonymous_25)","decl":{"start":{"line":107,"column":37},"end":{"line":107,"column":38}},"loc":{"start":{"line":107,"column":44},"end":{"line":107,"column":107}},"line":107},"26":{"name":"(anonymous_26)","decl":{"start":{"line":110,"column":20},"end":{"line":110,"column":21}},"loc":{"start":{"line":110,"column":29},"end":{"line":112,"column":9}},"line":110},"27":{"name":"(anonymous_27)","decl":{"start":{"line":110,"column":33},"end":{"line":110,"column":34}},"loc":{"start":{"line":110,"column":45},"end":{"line":112,"column":7}},"line":110},"28":{"name":"(anonymous_28)","decl":{"start":{"line":113,"column":23},"end":{"line":113,"column":24}},"loc":{"start":{"line":113,"column":32},"end":{"line":115,"column":9}},"line":113},"29":{"name":"(anonymous_29)","decl":{"start":{"line":113,"column":36},"end":{"line":113,"column":37}},"loc":{"start":{"line":113,"column":48},"end":{"line":115,"column":7}},"line":113},"30":{"name":"(anonymous_30)","decl":{"start":{"line":114,"column":52},"end":{"line":114,"column":53}},"loc":{"start":{"line":114,"column":57},"end":{"line":114,"column":66}},"line":114},"31":{"name":"(anonymous_31)","decl":{"start":{"line":119,"column":33},"end":{"line":119,"column":34}},"loc":{"start":{"line":119,"column":39},"end":{"line":119,"column":50}},"line":119}},"branchMap":{"0":{"loc":{"start":{"line":13,"column":11},"end":{"line":13,"column":24}},"type":"binary-expr","locations":[{"start":{"line":13,"column":11},"end":{"line":13,"column":16}},{"start":{"line":13,"column":20},"end":{"line":13,"column":24}}],"line":13},"1":{"loc":{"start":{"line":103,"column":44},"end":{"line":103,"column":91}},"type":"cond-expr","locations":[{"start":{"line":103,"column":58},"end":{"line":103,"column":87}},{"start":{"line":103,"column":90},"end":{"line":103,"column":91}}],"line":103},"2":{"loc":{"start":{"line":107,"column":44},"end":{"line":107,"column":107}},"type":"cond-expr","locations":[{"start":{"line":107,"column":58},"end":{"line":107,"column":103}},{"start":{"line":107,"column":106},"end":{"line":107,"column":107}}],"line":107},"3":{"loc":{"start":{"line":111,"column":24},"end":{"line":111,"column":114}},"type":"cond-expr","locations":[{"start":{"line":111,"column":61},"end":{"line":111,"column":81}},{"start":{"line":111,"column":84},"end":{"line":111,"column":114}}],"line":111}},"s":{"0":0,"1":0,"2":0,"3":0,"4":0,"5":0,"6":0,"7":0,"8":0,"9":0,"10":0,"11":0,"12":0,"13":0,"14":0,"15":0,"16":0,"17":0,"18":0,"19":0,"20":0,"21":0,"22":0,"23":0,"24":0,"25":0,"26":0,"27":0,"28":0,"29":0,"30":0,"31":0,"32":0,"33":0,"34":0,"35":0},"f":{"0":0,"1":0,"2":0,"3":0,"4":0,"5":0,"6":0,"7":0,"8":0,"9":0,"10":0,"11":0,"12":0,"13":0,"14":0,"15":0,"16":0,"17":0,"18":0,"19":0,"20":0,"21":0,"22":0,"23":0,"24":0,"25":0,"26":0,"27":0,"28":0,"29":0,"30":0,"31":0},"b":{"0":[0,0],"1":[0,0],"2":[0,0],"3":[0,0]}}
,"C:\\Codingg\\Duasaku\\src\\store\\useUserStore.ts": {"path":"C:\\Codingg\\Duasaku\\src\\store\\useUserStore.ts","statementMap":{"0":{"start":{"line":7,"column":16},"end":{"line":9,"column":2}},"1":{"start":{"line":11,"column":34},"end":{"line":22,"column":1}},"2":{"start":{"line":13,"column":4},"end":{"line":13,"column":36}},"3":{"start":{"line":16,"column":18},"end":{"line":16,"column":41}},"4":{"start":{"line":17,"column":4},"end":{"line":17,"column":25}},"5":{"start":{"line":20,"column":4},"end":{"line":20,"column":32}},"6":{"start":{"line":40,"column":28},"end":{"line":69,"column":1}},"7":{"start":{"line":42,"column":14},"end":{"line":57,"column":5}},"8":{"start":{"line":50,"column":40},"end":{"line":50,"column":78}},"9":{"start":{"line":51,"column":31},"end":{"line":51,"column":47}},"10":{"start":{"line":53,"column":8},"end":{"line":53,"column":34}},"11":{"start":{"line":54,"column":8},"end":{"line":54,"column":32}},"12":{"start":{"line":56,"column":40},"end":{"line":56,"column":74}},"13":{"start":{"line":60,"column":39},"end":{"line":60,"column":50}},"14":{"start":{"line":61,"column":30},"end":{"line":66,"column":7}}},"fnMap":{"0":{"name":"(anonymous_0)","decl":{"start":{"line":12,"column":11},"end":{"line":12,"column":12}},"loc":{"start":{"line":12,"column":28},"end":{"line":14,"column":3}},"line":12},"1":{"name":"(anonymous_1)","decl":{"start":{"line":15,"column":11},"end":{"line":15,"column":12}},"loc":{"start":{"line":15,"column":21},"end":{"line":18,"column":3}},"line":15},"2":{"name":"(anonymous_2)","decl":{"start":{"line":19,"column":14},"end":{"line":19,"column":15}},"loc":{"start":{"line":19,"column":24},"end":{"line":21,"column":3}},"line":19},"3":{"name":"(anonymous_3)","decl":{"start":{"line":42,"column":4},"end":{"line":42,"column":5}},"loc":{"start":{"line":42,"column":14},"end":{"line":57,"column":5}},"line":42},"4":{"name":"(anonymous_4)","decl":{"start":{"line":50,"column":22},"end":{"line":50,"column":23}},"loc":{"start":{"line":50,"column":40},"end":{"line":50,"column":78}},"line":50},"5":{"name":"(anonymous_5)","decl":{"start":{"line":51,"column":18},"end":{"line":51,"column":19}},"loc":{"start":{"line":51,"column":31},"end":{"line":51,"column":47}},"line":51},"6":{"name":"(anonymous_6)","decl":{"start":{"line":52,"column":19},"end":{"line":52,"column":20}},"loc":{"start":{"line":52,"column":29},"end":{"line":55,"column":7}},"line":52},"7":{"name":"(anonymous_7)","decl":{"start":{"line":56,"column":27},"end":{"line":56,"column":28}},"loc":{"start":{"line":56,"column":40},"end":{"line":56,"column":74}},"line":56},"8":{"name":"(anonymous_8)","decl":{"start":{"line":60,"column":33},"end":{"line":60,"column":34}},"loc":{"start":{"line":60,"column":39},"end":{"line":60,"column":50}},"line":60},"9":{"name":"(anonymous_9)","decl":{"start":{"line":61,"column":18},"end":{"line":61,"column":19}},"loc":{"start":{"line":61,"column":30},"end":{"line":66,"column":7}},"line":61}},"branchMap":{"0":{"loc":{"start":{"line":17,"column":11},"end":{"line":17,"column":24}},"type":"binary-expr","locations":[{"start":{"line":17,"column":11},"end":{"line":17,"column":16}},{"start":{"line":17,"column":20},"end":{"line":17,"column":24}}],"line":17}},"s":{"0":0,"1":0,"2":0,"3":0,"4":0,"5":0,"6":0,"7":0,"8":0,"9":0,"10":0,"11":0,"12":0,"13":0,"14":0},"f":{"0":0,"1":0,"2":0,"3":0,"4":0,"5":0,"6":0,"7":0,"8":0,"9":0},"b":{"0":[0,0]}}
}
