{"C:\\Codingg\\Duasaku\\src\\components\\AddBudgetSheet.tsx": {"path":"C:\\Codingg\\Duasaku\\src\\components\\AddBudgetSheet.tsx","statementMap":{"0":{"start":{"line":37,"column":23},"end":{"line":536,"column":1}},"1":{"start":{"line":39,"column":24},"end":{"line":39,"column":38}},"2":{"start":{"line":40,"column":19},"end":{"line":40,"column":36}},"3":{"start":{"line":41,"column":88},"end":{"line":41,"column":106}},"4":{"start":{"line":42,"column":23},"end":{"line":42,"column":41}},"5":{"start":{"line":44,"column":52},"end":{"line":44,"column":81}},"6":{"start":{"line":45,"column":32},"end":{"line":45,"column":44}},"7":{"start":{"line":46,"column":44},"end":{"line":46,"column":56}},"8":{"start":{"line":47,"column":32},"end":{"line":47,"column":47}},"9":{"start":{"line":48,"column":30},"end":{"line":48,"column":59}},"10":{"start":{"line":51,"column":52},"end":{"line":51,"column":67}},"11":{"start":{"line":52,"column":40},"end":{"line":52,"column":52}},"12":{"start":{"line":53,"column":42},"end":{"line":53,"column":56}},"13":{"start":{"line":55,"column":23},"end":{"line":55,"column":92}},"14":{"start":{"line":55,"column":37},"end":{"line":55,"column":71}},"15":{"start":{"line":58,"column":4},"end":{"line":69,"column":36}},"16":{"start":{"line":59,"column":6},"end":{"line":67,"column":7}},"17":{"start":{"line":60,"column":8},"end":{"line":60,"column":47}},"18":{"start":{"line":61,"column":8},"end":{"line":61,"column":50}},"19":{"start":{"line":62,"column":8},"end":{"line":62,"column":110}},"20":{"start":{"line":64,"column":8},"end":{"line":64,"column":34}},"21":{"start":{"line":65,"column":8},"end":{"line":65,"column":22}},"22":{"start":{"line":66,"column":8},"end":{"line":66,"column":28}},"23":{"start":{"line":68,"column":6},"end":{"line":68,"column":21}},"24":{"start":{"line":71,"column":31},"end":{"line":81,"column":5}},"25":{"start":{"line":73,"column":8},"end":{"line":78,"column":9}},"26":{"start":{"line":74,"column":10},"end":{"line":74,"column":22}},"27":{"start":{"line":75,"column":10},"end":{"line":75,"column":36}},"28":{"start":{"line":76,"column":10},"end":{"line":76,"column":24}},"29":{"start":{"line":77,"column":10},"end":{"line":77,"column":25}},"30":{"start":{"line":83,"column":32},"end":{"line":87,"column":5}},"31":{"start":{"line":84,"column":18},"end":{"line":84,"column":54}},"32":{"start":{"line":85,"column":6},"end":{"line":85,"column":32}},"33":{"start":{"line":85,"column":22},"end":{"line":85,"column":32}},"34":{"start":{"line":86,"column":6},"end":{"line":86,"column":41}},"35":{"start":{"line":89,"column":31},"end":{"line":93,"column":5}},"36":{"start":{"line":91,"column":18},"end":{"line":91,"column":41}},"37":{"start":{"line":92,"column":6},"end":{"line":92,"column":21}},"38":{"start":{"line":95,"column":23},"end":{"line":156,"column":5}},"39":{"start":{"line":96,"column":27},"end":{"line":96,"column":43}},"40":{"start":{"line":98,"column":6},"end":{"line":110,"column":7}},"41":{"start":{"line":99,"column":8},"end":{"line":102,"column":9}},"42":{"start":{"line":100,"column":10},"end":{"line":100,"column":45}},"43":{"start":{"line":101,"column":10},"end":{"line":101,"column":17}},"44":{"start":{"line":103,"column":8},"end":{"line":108,"column":11}},"45":{"start":{"line":109,"column":8},"end":{"line":109,"column":43}},"46":{"start":{"line":112,"column":6},"end":{"line":115,"column":7}},"47":{"start":{"line":113,"column":8},"end":{"line":113,"column":40}},"48":{"start":{"line":114,"column":8},"end":{"line":114,"column":15}},"49":{"start":{"line":117,"column":24},"end":{"line":117,"column":44}},"50":{"start":{"line":118,"column":6},"end":{"line":121,"column":7}},"51":{"start":{"line":119,"column":8},"end":{"line":119,"column":48}},"52":{"start":{"line":120,"column":8},"end":{"line":120,"column":15}},"53":{"start":{"line":123,"column":6},"end":{"line":126,"column":7}},"54":{"start":{"line":124,"column":8},"end":{"line":124,"column":43}},"55":{"start":{"line":125,"column":8},"end":{"line":125,"column":15}},"56":{"start":{"line":128,"column":6},"end":{"line":128,"column":22}},"57":{"start":{"line":129,"column":6},"end":{"line":129,"column":21}},"58":{"start":{"line":131,"column":6},"end":{"line":155,"column":7}},"59":{"start":{"line":132,"column":26},"end":{"line":132,"column":79}},"60":{"start":{"line":135,"column":8},"end":{"line":137,"column":9}},"61":{"start":{"line":136,"column":10},"end":{"line":136,"column":55}},"62":{"start":{"line":140,"column":23},"end":{"line":140,"column":76}},"63":{"start":{"line":142,"column":8},"end":{"line":149,"column":9}},"64":{"start":{"line":143,"column":10},"end":{"line":143,"column":78}},"65":{"start":{"line":144,"column":10},"end":{"line":144,"column":22}},"66":{"start":{"line":145,"column":10},"end":{"line":145,"column":26}},"67":{"start":{"line":147,"column":10},"end":{"line":147,"column":61}},"68":{"start":{"line":148,"column":10},"end":{"line":148,"column":76}},"69":{"start":{"line":151,"column":8},"end":{"line":151,"column":59}},"70":{"start":{"line":152,"column":8},"end":{"line":152,"column":45}},"71":{"start":{"line":154,"column":8},"end":{"line":154,"column":25}},"72":{"start":{"line":158,"column":26},"end":{"line":166,"column":5}},"73":{"start":{"line":159,"column":6},"end":{"line":159,"column":33}},"74":{"start":{"line":160,"column":6},"end":{"line":160,"column":24}},"75":{"start":{"line":161,"column":6},"end":{"line":161,"column":27}},"76":{"start":{"line":162,"column":6},"end":{"line":162,"column":32}},"77":{"start":{"line":163,"column":6},"end":{"line":163,"column":20}},"78":{"start":{"line":164,"column":6},"end":{"line":164,"column":21}},"79":{"start":{"line":165,"column":6},"end":{"line":165,"column":37}},"80":{"start":{"line":168,"column":23},"end":{"line":176,"column":8}},"81":{"start":{"line":169,"column":17},"end":{"line":169,"column":38}},"82":{"start":{"line":170,"column":21},"end":{"line":170,"column":34}},"83":{"start":{"line":171,"column":21},"end":{"line":174,"column":7}},"84":{"start":{"line":175,"column":6},"end":{"line":175,"column":51}},"85":{"start":{"line":178,"column":4},"end":{"line":534,"column":6}},"86":{"start":{"line":233,"column":18},"end":{"line":233,"column":36}},"87":{"start":{"line":234,"column":18},"end":{"line":234,"column":73}},"88":{"start":{"line":261,"column":31},"end":{"line":261,"column":57}},"89":{"start":{"line":284,"column":20},"end":{"line":284,"column":46}},"90":{"start":{"line":285,"column":20},"end":{"line":285,"column":75}},"91":{"start":{"line":301,"column":37},"end":{"line":301,"column":65}},"92":{"start":{"line":302,"column":18},"end":{"line":333,"column":20}},"93":{"start":{"line":306,"column":24},"end":{"line":306,"column":53}},"94":{"start":{"line":307,"column":24},"end":{"line":307,"column":79}},"95":{"start":{"line":394,"column":14},"end":{"line":419,"column":33}},"96":{"start":{"line":397,"column":18},"end":{"line":397,"column":41}},"97":{"start":{"line":398,"column":18},"end":{"line":398,"column":73}},"98":{"start":{"line":457,"column":35},"end":{"line":457,"column":72}},"99":{"start":{"line":463,"column":14},"end":{"line":482,"column":33}},"100":{"start":{"line":466,"column":18},"end":{"line":466,"column":47}},"101":{"start":{"line":467,"column":18},"end":{"line":467,"column":73}},"102":{"start":{"line":538,"column":0},"end":{"line":538,"column":46}}},"fnMap":{"0":{"name":"(anonymous_0)","decl":{"start":{"line":38,"column":2},"end":{"line":38,"column":3}},"loc":{"start":{"line":38,"column":43},"end":{"line":535,"column":3}},"line":38},"1":{"name":"(anonymous_1)","decl":{"start":{"line":55,"column":31},"end":{"line":55,"column":32}},"loc":{"start":{"line":55,"column":37},"end":{"line":55,"column":71}},"line":55},"2":{"name":"(anonymous_2)","decl":{"start":{"line":58,"column":14},"end":{"line":58,"column":15}},"loc":{"start":{"line":58,"column":20},"end":{"line":69,"column":5}},"line":58},"3":{"name":"(anonymous_3)","decl":{"start":{"line":72,"column":6},"end":{"line":72,"column":7}},"loc":{"start":{"line":72,"column":25},"end":{"line":79,"column":7}},"line":72},"4":{"name":"(anonymous_4)","decl":{"start":{"line":83,"column":32},"end":{"line":83,"column":33}},"loc":{"start":{"line":83,"column":57},"end":{"line":87,"column":5}},"line":83},"5":{"name":"(anonymous_5)","decl":{"start":{"line":89,"column":31},"end":{"line":89,"column":32}},"loc":{"start":{"line":89,"column":49},"end":{"line":93,"column":5}},"line":89},"6":{"name":"(anonymous_6)","decl":{"start":{"line":95,"column":23},"end":{"line":95,"column":24}},"loc":{"start":{"line":95,"column":35},"end":{"line":156,"column":5}},"line":95},"7":{"name":"(anonymous_7)","decl":{"start":{"line":158,"column":26},"end":{"line":158,"column":27}},"loc":{"start":{"line":158,"column":32},"end":{"line":166,"column":5}},"line":158},"8":{"name":"(anonymous_8)","decl":{"start":{"line":168,"column":24},"end":{"line":168,"column":25}},"loc":{"start":{"line":168,"column":30},"end":{"line":176,"column":5}},"line":168},"9":{"name":"(anonymous_9)","decl":{"start":{"line":232,"column":26},"end":{"line":232,"column":27}},"loc":{"start":{"line":232,"column":33},"end":{"line":235,"column":17}},"line":232},"10":{"name":"(anonymous_10)","decl":{"start":{"line":261,"column":25},"end":{"line":261,"column":26}},"loc":{"start":{"line":261,"column":31},"end":{"line":261,"column":57}},"line":261},"11":{"name":"(anonymous_11)","decl":{"start":{"line":283,"column":27},"end":{"line":283,"column":28}},"loc":{"start":{"line":283,"column":33},"end":{"line":286,"column":19}},"line":283},"12":{"name":"(anonymous_12)","decl":{"start":{"line":300,"column":32},"end":{"line":300,"column":33}},"loc":{"start":{"line":300,"column":41},"end":{"line":334,"column":17}},"line":300},"13":{"name":"(anonymous_13)","decl":{"start":{"line":305,"column":31},"end":{"line":305,"column":32}},"loc":{"start":{"line":305,"column":37},"end":{"line":308,"column":23}},"line":305},"14":{"name":"(anonymous_14)","decl":{"start":{"line":393,"column":52},"end":{"line":393,"column":53}},"loc":{"start":{"line":394,"column":14},"end":{"line":419,"column":33}},"line":394},"15":{"name":"(anonymous_15)","decl":{"start":{"line":396,"column":25},"end":{"line":396,"column":26}},"loc":{"start":{"line":396,"column":31},"end":{"line":399,"column":17}},"line":396},"16":{"name":"(anonymous_16)","decl":{"start":{"line":457,"column":28},"end":{"line":457,"column":29}},"loc":{"start":{"line":457,"column":35},"end":{"line":457,"column":72}},"line":457},"17":{"name":"(anonymous_17)","decl":{"start":{"line":462,"column":51},"end":{"line":462,"column":52}},"loc":{"start":{"line":463,"column":14},"end":{"line":482,"column":33}},"line":463},"18":{"name":"(anonymous_18)","decl":{"start":{"line":465,"column":25},"end":{"line":465,"column":26}},"loc":{"start":{"line":465,"column":31},"end":{"line":468,"column":17}},"line":465}},"branchMap":{"0":{"loc":{"start":{"line":55,"column":38},"end":{"line":55,"column":70}},"type":"cond-expr","locations":[{"start":{"line":55,"column":57},"end":{"line":55,"column":62}},{"start":{"line":55,"column":65},"end":{"line":55,"column":70}}],"line":55},"1":{"loc":{"start":{"line":59,"column":6},"end":{"line":67,"column":7}},"type":"if","locations":[{"start":{"line":59,"column":6},"end":{"line":67,"column":7}},{"start":{"line":63,"column":13},"end":{"line":67,"column":7}}],"line":59},"2":{"loc":{"start":{"line":62,"column":24},"end":{"line":62,"column":108}},"type":"cond-expr","locations":[{"start":{"line":62,"column":61},"end":{"line":62,"column":103}},{"start":{"line":62,"column":106},"end":{"line":62,"column":108}}],"line":62},"3":{"loc":{"start":{"line":73,"column":8},"end":{"line":78,"column":9}},"type":"if","locations":[{"start":{"line":73,"column":8},"end":{"line":78,"column":9}},{"start":{},"end":{}}],"line":73},"4":{"loc":{"start":{"line":85,"column":6},"end":{"line":85,"column":32}},"type":"if","locations":[{"start":{"line":85,"column":6},"end":{"line":85,"column":32}},{"start":{},"end":{}}],"line":85},"5":{"loc":{"start":{"line":98,"column":6},"end":{"line":110,"column":7}},"type":"if","locations":[{"start":{"line":98,"column":6},"end":{"line":110,"column":7}},{"start":{},"end":{}}],"line":98},"6":{"loc":{"start":{"line":99,"column":8},"end":{"line":102,"column":9}},"type":"if","locations":[{"start":{"line":99,"column":8},"end":{"line":102,"column":9}},{"start":{},"end":{}}],"line":99},"7":{"loc":{"start":{"line":112,"column":6},"end":{"line":115,"column":7}},"type":"if","locations":[{"start":{"line":112,"column":6},"end":{"line":115,"column":7}},{"start":{},"end":{}}],"line":112},"8":{"loc":{"start":{"line":118,"column":6},"end":{"line":121,"column":7}},"type":"if","locations":[{"start":{"line":118,"column":6},"end":{"line":121,"column":7}},{"start":{},"end":{}}],"line":118},"9":{"loc":{"start":{"line":118,"column":10},"end":{"line":118,"column":38}},"type":"binary-expr","locations":[{"start":{"line":118,"column":10},"end":{"line":118,"column":20}},{"start":{"line":118,"column":24},"end":{"line":118,"column":38}}],"line":118},"10":{"loc":{"start":{"line":123,"column":6},"end":{"line":126,"column":7}},"type":"if","locations":[{"start":{"line":123,"column":6},"end":{"line":126,"column":7}},{"start":{},"end":{}}],"line":123},"11":{"loc":{"start":{"line":132,"column":26},"end":{"line":132,"column":79}},"type":"cond-expr","locations":[{"start":{"line":132,"column":41},"end":{"line":132,"column":67}},{"start":{"line":132,"column":70},"end":{"line":132,"column":79}}],"line":132},"12":{"loc":{"start":{"line":135,"column":8},"end":{"line":137,"column":9}},"type":"if","locations":[{"start":{"line":135,"column":8},"end":{"line":137,"column":9}},{"start":{},"end":{}}],"line":135},"13":{"loc":{"start":{"line":142,"column":8},"end":{"line":149,"column":9}},"type":"if","locations":[{"start":{"line":142,"column":8},"end":{"line":149,"column":9}},{"start":{"line":146,"column":15},"end":{"line":149,"column":9}}],"line":142},"14":{"loc":{"start":{"line":147,"column":19},"end":{"line":147,"column":59}},"type":"binary-expr","locations":[{"start":{"line":147,"column":19},"end":{"line":147,"column":31}},{"start":{"line":147,"column":35},"end":{"line":147,"column":59}}],"line":147},"15":{"loc":{"start":{"line":205,"column":17},"end":{"line":205,"column":98}},"type":"cond-expr","locations":[{"start":{"line":205,"column":36},"end":{"line":205,"column":53}},{"start":{"line":205,"column":56},"end":{"line":205,"column":98}}],"line":205},"16":{"loc":{"start":{"line":205,"column":56},"end":{"line":205,"column":98}},"type":"cond-expr","locations":[{"start":{"line":205,"column":67},"end":{"line":205,"column":80}},{"start":{"line":205,"column":83},"end":{"line":205,"column":98}}],"line":205},"17":{"loc":{"start":{"line":228,"column":11},"end":{"line":337,"column":11}},"type":"cond-expr","locations":[{"start":{"line":229,"column":12},"end":{"line":266,"column":19}},{"start":{"line":268,"column":12},"end":{"line":336,"column":15}}],"line":228},"18":{"loc":{"start":{"line":313,"column":41},"end":{"line":313,"column":82}},"type":"cond-expr","locations":[{"start":{"line":313,"column":54},"end":{"line":313,"column":70}},{"start":{"line":313,"column":73},"end":{"line":313,"column":82}}],"line":313},"19":{"loc":{"start":{"line":315,"column":37},"end":{"line":315,"column":71}},"type":"cond-expr","locations":[{"start":{"line":315,"column":50},"end":{"line":315,"column":59}},{"start":{"line":315,"column":62},"end":{"line":315,"column":71}}],"line":315},"20":{"loc":{"start":{"line":324,"column":38},"end":{"line":324,"column":77}},"type":"cond-expr","locations":[{"start":{"line":324,"column":51},"end":{"line":324,"column":67}},{"start":{"line":324,"column":70},"end":{"line":324,"column":77}}],"line":324},"21":{"loc":{"start":{"line":326,"column":33},"end":{"line":326,"column":67}},"type":"cond-expr","locations":[{"start":{"line":326,"column":46},"end":{"line":326,"column":55}},{"start":{"line":326,"column":58},"end":{"line":326,"column":67}}],"line":326},"22":{"loc":{"start":{"line":331,"column":23},"end":{"line":331,"column":74}},"type":"binary-expr","locations":[{"start":{"line":331,"column":23},"end":{"line":331,"column":33}},{"start":{"line":331,"column":37},"end":{"line":331,"column":74}}],"line":331},"23":{"loc":{"start":{"line":386,"column":21},"end":{"line":386,"column":62}},"type":"cond-expr","locations":[{"start":{"line":386,"column":30},"end":{"line":386,"column":57}},{"start":{"line":386,"column":60},"end":{"line":386,"column":62}}],"line":386},"24":{"loc":{"start":{"line":406,"column":31},"end":{"line":406,"column":77}},"type":"cond-expr","locations":[{"start":{"line":406,"column":56},"end":{"line":406,"column":65}},{"start":{"line":406,"column":68},"end":{"line":406,"column":77}}],"line":406},"25":{"loc":{"start":{"line":414,"column":27},"end":{"line":414,"column":73}},"type":"cond-expr","locations":[{"start":{"line":414,"column":52},"end":{"line":414,"column":61}},{"start":{"line":414,"column":64},"end":{"line":414,"column":73}}],"line":414},"26":{"loc":{"start":{"line":417,"column":19},"end":{"line":417,"column":76}},"type":"cond-expr","locations":[{"start":{"line":417,"column":36},"end":{"line":417,"column":56}},{"start":{"line":417,"column":59},"end":{"line":417,"column":76}}],"line":417},"27":{"loc":{"start":{"line":456,"column":21},"end":{"line":456,"column":74}},"type":"cond-expr","locations":[{"start":{"line":456,"column":36},"end":{"line":456,"column":69}},{"start":{"line":456,"column":72},"end":{"line":456,"column":74}}],"line":456},"28":{"loc":{"start":{"line":475,"column":31},"end":{"line":475,"column":83}},"type":"cond-expr","locations":[{"start":{"line":475,"column":62},"end":{"line":475,"column":71}},{"start":{"line":475,"column":74},"end":{"line":475,"column":83}}],"line":475},"29":{"loc":{"start":{"line":479,"column":82},"end":{"line":479,"column":134}},"type":"cond-expr","locations":[{"start":{"line":479,"column":113},"end":{"line":479,"column":122}},{"start":{"line":479,"column":125},"end":{"line":479,"column":134}}],"line":479},"30":{"loc":{"start":{"line":480,"column":19},"end":{"line":480,"column":76}},"type":"cond-expr","locations":[{"start":{"line":480,"column":36},"end":{"line":480,"column":56}},{"start":{"line":480,"column":59},"end":{"line":480,"column":76}}],"line":480},"31":{"loc":{"start":{"line":487,"column":11},"end":{"line":499,"column":11}},"type":"binary-expr","locations":[{"start":{"line":487,"column":11},"end":{"line":487,"column":16}},{"start":{"line":488,"column":12},"end":{"line":498,"column":19}}],"line":487},"32":{"loc":{"start":{"line":506,"column":31},"end":{"line":506,"column":61}},"type":"cond-expr","locations":[{"start":{"line":506,"column":40},"end":{"line":506,"column":49}},{"start":{"line":506,"column":52},"end":{"line":506,"column":61}}],"line":506},"33":{"loc":{"start":{"line":515,"column":13},"end":{"line":530,"column":13}},"type":"cond-expr","locations":[{"start":{"line":516,"column":14},"end":{"line":516,"column":64}},{"start":{"line":518,"column":14},"end":{"line":529,"column":17}}],"line":515},"34":{"loc":{"start":{"line":527,"column":19},"end":{"line":527,"column":66}},"type":"cond-expr","locations":[{"start":{"line":527,"column":30},"end":{"line":527,"column":48}},{"start":{"line":527,"column":51},"end":{"line":527,"column":66}}],"line":527}},"s":{"0":0,"1":0,"2":0,"3":0,"4":0,"5":0,"6":0,"7":0,"8":0,"9":0,"10":0,"11":0,"12":0,"13":0,"14":0,"15":0,"16":0,"17":0,"18":0,"19":0,"20":0,"21":0,"22":0,"23":0,"24":0,"25":0,"26":0,"27":0,"28":0,"29":0,"30":0,"31":0,"32":0,"33":0,"34":0,"35":0,"36":0,"37":0,"38":0,"39":0,"40":0,"41":0,"42":0,"43":0,"44":0,"45":0,"46":0,"47":0,"48":0,"49":0,"50":0,"51":0,"52":0,"53":0,"54":0,"55":0,"56":0,"57":0,"58":0,"59":0,"60":0,"61":0,"62":0,"63":0,"64":0,"65":0,"66":0,"67":0,"68":0,"69":0,"70":0,"71":0,"72":0,"73":0,"74":0,"75":0,"76":0,"77":0,"78":0,"79":0,"80":0,"81":0,"82":0,"83":0,"84":0,"85":0,"86":0,"87":0,"88":0,"89":0,"90":0,"91":0,"92":0,"93":0,"94":0,"95":0,"96":0,"97":0,"98":0,"99":0,"100":0,"101":0,"102":0},"f":{"0":0,"1":0,"2":0,"3":0,"4":0,"5":0,"6":0,"7":0,"8":0,"9":0,"10":0,"11":0,"12":0,"13":0,"14":0,"15":0,"16":0,"17":0,"18":0},"b":{"0":[0,0],"1":[0,0],"2":[0,0],"3":[0,0],"4":[0,0],"5":[0,0],"6":[0,0],"7":[0,0],"8":[0,0],"9":[0,0],"10":[0,0],"11":[0,0],"12":[0,0],"13":[0,0],"14":[0,0],"15":[0,0],"16":[0,0],"17":[0,0],"18":[0,0],"19":[0,0],"20":[0,0],"21":[0,0],"22":[0,0],"23":[0,0],"24":[0,0],"25":[0,0],"26":[0,0],"27":[0,0],"28":[0,0],"29":[0,0],"30":[0,0],"31":[0,0],"32":[0,0],"33":[0,0],"34":[0,0]}}
,"C:\\Codingg\\Duasaku\\src\\components\\AddRecurringSheet.tsx": {"path":"C:\\Codingg\\Duasaku\\src\\components\\AddRecurringSheet.tsx","statementMap":{"0":{"start":{"line":24,"column":88},"end":{"line":28,"column":1}},"1":{"start":{"line":30,"column":18},"end":{"line":30,"column":67}},"2":{"start":{"line":32,"column":24},"end":{"line":37,"column":1}},"3":{"start":{"line":39,"column":26},"end":{"line":470,"column":1}},"4":{"start":{"line":41,"column":23},"end":{"line":41,"column":49}},"5":{"start":{"line":41,"column":37},"end":{"line":41,"column":44}},"6":{"start":{"line":42,"column":30},"end":{"line":42,"column":42}},"7":{"start":{"line":43,"column":32},"end":{"line":43,"column":44}},"8":{"start":{"line":44,"column":36},"end":{"line":44,"column":52}},"9":{"start":{"line":45,"column":28},"end":{"line":45,"column":69}},"10":{"start":{"line":46,"column":38},"end":{"line":46,"column":78}},"11":{"start":{"line":47,"column":38},"end":{"line":47,"column":49}},"12":{"start":{"line":48,"column":40},"end":{"line":48,"column":51}},"13":{"start":{"line":49,"column":32},"end":{"line":49,"column":47}},"14":{"start":{"line":51,"column":31},"end":{"line":56,"column":5}},"15":{"start":{"line":53,"column":8},"end":{"line":53,"column":38}},"16":{"start":{"line":53,"column":26},"end":{"line":53,"column":38}},"17":{"start":{"line":58,"column":22},"end":{"line":66,"column":5}},"18":{"start":{"line":59,"column":6},"end":{"line":59,"column":19}},"19":{"start":{"line":60,"column":6},"end":{"line":60,"column":20}},"20":{"start":{"line":61,"column":6},"end":{"line":61,"column":26}},"21":{"start":{"line":62,"column":6},"end":{"line":62,"column":25}},"22":{"start":{"line":63,"column":6},"end":{"line":63,"column":30}},"23":{"start":{"line":64,"column":6},"end":{"line":64,"column":22}},"24":{"start":{"line":65,"column":6},"end":{"line":65,"column":23}},"25":{"start":{"line":68,"column":23},"end":{"line":105,"column":5}},"26":{"start":{"line":69,"column":27},"end":{"line":69,"column":66}},"27":{"start":{"line":70,"column":6},"end":{"line":73,"column":7}},"28":{"start":{"line":71,"column":8},"end":{"line":71,"column":59}},"29":{"start":{"line":72,"column":8},"end":{"line":72,"column":15}},"30":{"start":{"line":74,"column":6},"end":{"line":77,"column":7}},"31":{"start":{"line":75,"column":8},"end":{"line":75,"column":59}},"32":{"start":{"line":76,"column":8},"end":{"line":76,"column":15}},"33":{"start":{"line":79,"column":6},"end":{"line":79,"column":22}},"34":{"start":{"line":80,"column":6},"end":{"line":104,"column":7}},"35":{"start":{"line":81,"column":44},"end":{"line":89,"column":9}},"36":{"start":{"line":91,"column":23},"end":{"line":91,"column":51}},"37":{"start":{"line":92,"column":8},"end":{"line":98,"column":9}},"38":{"start":{"line":93,"column":10},"end":{"line":93,"column":22}},"39":{"start":{"line":94,"column":10},"end":{"line":94,"column":24}},"40":{"start":{"line":95,"column":10},"end":{"line":95,"column":40}},"41":{"start":{"line":97,"column":10},"end":{"line":97,"column":66}},"42":{"start":{"line":100,"column":8},"end":{"line":100,"column":52}},"43":{"start":{"line":101,"column":8},"end":{"line":101,"column":50}},"44":{"start":{"line":103,"column":8},"end":{"line":103,"column":25}},"45":{"start":{"line":107,"column":27},"end":{"line":114,"column":5}},"46":{"start":{"line":108,"column":6},"end":{"line":108,"column":27}},"47":{"start":{"line":109,"column":6},"end":{"line":109,"column":58}},"48":{"start":{"line":109,"column":27},"end":{"line":109,"column":58}},"49":{"start":{"line":110,"column":6},"end":{"line":110,"column":33}},"50":{"start":{"line":111,"column":6},"end":{"line":111,"column":65}},"51":{"start":{"line":112,"column":6},"end":{"line":112,"column":35}},"52":{"start":{"line":113,"column":6},"end":{"line":113,"column":58}},"53":{"start":{"line":113,"column":27},"end":{"line":113,"column":58}},"54":{"start":{"line":116,"column":4},"end":{"line":468,"column":6}},"55":{"start":{"line":172,"column":16},"end":{"line":188,"column":35}},"56":{"start":{"line":174,"column":33},"end":{"line":174,"column":53}},"57":{"start":{"line":253,"column":16},"end":{"line":281,"column":35}},"58":{"start":{"line":255,"column":33},"end":{"line":255,"column":43}},"59":{"start":{"line":291,"column":16},"end":{"line":312,"column":35}},"60":{"start":{"line":293,"column":33},"end":{"line":293,"column":53}},"61":{"start":{"line":317,"column":33},"end":{"line":317,"column":54}},"62":{"start":{"line":346,"column":16},"end":{"line":369,"column":35}},"63":{"start":{"line":348,"column":33},"end":{"line":348,"column":54}},"64":{"start":{"line":381,"column":20},"end":{"line":403,"column":39}},"65":{"start":{"line":383,"column":37},"end":{"line":383,"column":54}},"66":{"start":{"line":434,"column":32},"end":{"line":434,"column":47}},"67":{"start":{"line":435,"column":22},"end":{"line":436,"column":58}},"68":{"start":{"line":435,"column":58},"end":{"line":435,"column":75}},"69":{"start":{"line":436,"column":27},"end":{"line":436,"column":58}},"70":{"start":{"line":436,"column":41},"end":{"line":436,"column":58}},"71":{"start":{"line":472,"column":0},"end":{"line":472,"column":52}}},"fnMap":{"0":{"name":"(anonymous_0)","decl":{"start":{"line":40,"column":2},"end":{"line":40,"column":3}},"loc":{"start":{"line":40,"column":35},"end":{"line":469,"column":3}},"line":40},"1":{"name":"(anonymous_1)","decl":{"start":{"line":41,"column":31},"end":{"line":41,"column":32}},"loc":{"start":{"line":41,"column":37},"end":{"line":41,"column":44}},"line":41},"2":{"name":"(anonymous_2)","decl":{"start":{"line":52,"column":6},"end":{"line":52,"column":7}},"loc":{"start":{"line":52,"column":25},"end":{"line":54,"column":7}},"line":52},"3":{"name":"(anonymous_3)","decl":{"start":{"line":58,"column":22},"end":{"line":58,"column":23}},"loc":{"start":{"line":58,"column":28},"end":{"line":66,"column":5}},"line":58},"4":{"name":"(anonymous_4)","decl":{"start":{"line":68,"column":23},"end":{"line":68,"column":24}},"loc":{"start":{"line":68,"column":35},"end":{"line":105,"column":5}},"line":68},"5":{"name":"(anonymous_5)","decl":{"start":{"line":107,"column":27},"end":{"line":107,"column":28}},"loc":{"start":{"line":107,"column":64},"end":{"line":114,"column":5}},"line":107},"6":{"name":"(anonymous_6)","decl":{"start":{"line":171,"column":35},"end":{"line":171,"column":36}},"loc":{"start":{"line":172,"column":16},"end":{"line":188,"column":35}},"line":172},"7":{"name":"(anonymous_7)","decl":{"start":{"line":174,"column":27},"end":{"line":174,"column":28}},"loc":{"start":{"line":174,"column":33},"end":{"line":174,"column":53}},"line":174},"8":{"name":"(anonymous_8)","decl":{"start":{"line":252,"column":52},"end":{"line":252,"column":53}},"loc":{"start":{"line":253,"column":16},"end":{"line":281,"column":35}},"line":253},"9":{"name":"(anonymous_9)","decl":{"start":{"line":255,"column":27},"end":{"line":255,"column":28}},"loc":{"start":{"line":255,"column":33},"end":{"line":255,"column":43}},"line":255},"10":{"name":"(anonymous_10)","decl":{"start":{"line":290,"column":37},"end":{"line":290,"column":38}},"loc":{"start":{"line":291,"column":16},"end":{"line":312,"column":35}},"line":291},"11":{"name":"(anonymous_11)","decl":{"start":{"line":293,"column":27},"end":{"line":293,"column":28}},"loc":{"start":{"line":293,"column":33},"end":{"line":293,"column":53}},"line":293},"12":{"name":"(anonymous_12)","decl":{"start":{"line":317,"column":27},"end":{"line":317,"column":28}},"loc":{"start":{"line":317,"column":33},"end":{"line":317,"column":54}},"line":317},"13":{"name":"(anonymous_13)","decl":{"start":{"line":345,"column":37},"end":{"line":345,"column":38}},"loc":{"start":{"line":346,"column":16},"end":{"line":369,"column":35}},"line":346},"14":{"name":"(anonymous_14)","decl":{"start":{"line":348,"column":27},"end":{"line":348,"column":28}},"loc":{"start":{"line":348,"column":33},"end":{"line":348,"column":54}},"line":348},"15":{"name":"(anonymous_15)","decl":{"start":{"line":380,"column":33},"end":{"line":380,"column":34}},"loc":{"start":{"line":381,"column":20},"end":{"line":403,"column":39}},"line":381},"16":{"name":"(anonymous_16)","decl":{"start":{"line":383,"column":31},"end":{"line":383,"column":32}},"loc":{"start":{"line":383,"column":37},"end":{"line":383,"column":54}},"line":383},"17":{"name":"(anonymous_17)","decl":{"start":{"line":433,"column":34},"end":{"line":433,"column":35}},"loc":{"start":{"line":433,"column":41},"end":{"line":437,"column":21}},"line":433}},"branchMap":{"0":{"loc":{"start":{"line":53,"column":8},"end":{"line":53,"column":38}},"type":"if","locations":[{"start":{"line":53,"column":8},"end":{"line":53,"column":38}},{"start":{},"end":{}}],"line":53},"1":{"loc":{"start":{"line":70,"column":6},"end":{"line":73,"column":7}},"type":"if","locations":[{"start":{"line":70,"column":6},"end":{"line":73,"column":7}},{"start":{},"end":{}}],"line":70},"2":{"loc":{"start":{"line":74,"column":6},"end":{"line":77,"column":7}},"type":"if","locations":[{"start":{"line":74,"column":6},"end":{"line":77,"column":7}},{"start":{},"end":{}}],"line":74},"3":{"loc":{"start":{"line":74,"column":10},"end":{"line":74,"column":44}},"type":"binary-expr","locations":[{"start":{"line":74,"column":10},"end":{"line":74,"column":23}},{"start":{"line":74,"column":27},"end":{"line":74,"column":44}}],"line":74},"4":{"loc":{"start":{"line":87,"column":23},"end":{"line":87,"column":69}},"type":"cond-expr","locations":[{"start":{"line":87,"column":48},"end":{"line":87,"column":57}},{"start":{"line":87,"column":60},"end":{"line":87,"column":69}}],"line":87},"5":{"loc":{"start":{"line":88,"column":24},"end":{"line":88,"column":72}},"type":"cond-expr","locations":[{"start":{"line":88,"column":50},"end":{"line":88,"column":60}},{"start":{"line":88,"column":63},"end":{"line":88,"column":72}}],"line":88},"6":{"loc":{"start":{"line":92,"column":8},"end":{"line":98,"column":9}},"type":"if","locations":[{"start":{"line":92,"column":8},"end":{"line":98,"column":9}},{"start":{"line":96,"column":15},"end":{"line":98,"column":9}}],"line":92},"7":{"loc":{"start":{"line":97,"column":31},"end":{"line":97,"column":64}},"type":"binary-expr","locations":[{"start":{"line":97,"column":31},"end":{"line":97,"column":43}},{"start":{"line":97,"column":47},"end":{"line":97,"column":64}}],"line":97},"8":{"loc":{"start":{"line":109,"column":6},"end":{"line":109,"column":58}},"type":"if","locations":[{"start":{"line":109,"column":6},"end":{"line":109,"column":58}},{"start":{},"end":{}}],"line":109},"9":{"loc":{"start":{"line":111,"column":14},"end":{"line":111,"column":63}},"type":"cond-expr","locations":[{"start":{"line":111,"column":43},"end":{"line":111,"column":51}},{"start":{"line":111,"column":54},"end":{"line":111,"column":63}}],"line":111},"10":{"loc":{"start":{"line":113,"column":6},"end":{"line":113,"column":58}},"type":"if","locations":[{"start":{"line":113,"column":6},"end":{"line":113,"column":58}},{"start":{},"end":{}}],"line":113},"11":{"loc":{"start":{"line":260,"column":37},"end":{"line":262,"column":33}},"type":"cond-expr","locations":[{"start":{"line":261,"column":25},"end":{"line":261,"column":64}},{"start":{"line":262,"column":24},"end":{"line":262,"column":33}}],"line":260},"12":{"loc":{"start":{"line":261,"column":25},"end":{"line":261,"column":64}},"type":"cond-expr","locations":[{"start":{"line":261,"column":43},"end":{"line":261,"column":52}},{"start":{"line":261,"column":55},"end":{"line":261,"column":64}}],"line":261},"13":{"loc":{"start":{"line":264,"column":33},"end":{"line":266,"column":33}},"type":"cond-expr","locations":[{"start":{"line":265,"column":25},"end":{"line":265,"column":64}},{"start":{"line":266,"column":24},"end":{"line":266,"column":33}}],"line":264},"14":{"loc":{"start":{"line":265,"column":25},"end":{"line":265,"column":64}},"type":"cond-expr","locations":[{"start":{"line":265,"column":43},"end":{"line":265,"column":52}},{"start":{"line":265,"column":55},"end":{"line":265,"column":64}}],"line":265},"15":{"loc":{"start":{"line":274,"column":29},"end":{"line":276,"column":35}},"type":"cond-expr","locations":[{"start":{"line":275,"column":27},"end":{"line":275,"column":66}},{"start":{"line":276,"column":26},"end":{"line":276,"column":35}}],"line":274},"16":{"loc":{"start":{"line":275,"column":27},"end":{"line":275,"column":66}},"type":"cond-expr","locations":[{"start":{"line":275,"column":45},"end":{"line":275,"column":54}},{"start":{"line":275,"column":57},"end":{"line":275,"column":66}}],"line":275},"17":{"loc":{"start":{"line":279,"column":21},"end":{"line":279,"column":72}},"type":"cond-expr","locations":[{"start":{"line":279,"column":39},"end":{"line":279,"column":55}},{"start":{"line":279,"column":58},"end":{"line":279,"column":72}}],"line":279},"18":{"loc":{"start":{"line":298,"column":37},"end":{"line":298,"column":88}},"type":"cond-expr","locations":[{"start":{"line":298,"column":60},"end":{"line":298,"column":76}},{"start":{"line":298,"column":79},"end":{"line":298,"column":88}}],"line":298},"19":{"loc":{"start":{"line":300,"column":33},"end":{"line":300,"column":77}},"type":"cond-expr","locations":[{"start":{"line":300,"column":56},"end":{"line":300,"column":65}},{"start":{"line":300,"column":68},"end":{"line":300,"column":77}}],"line":300},"20":{"loc":{"start":{"line":307,"column":29},"end":{"line":307,"column":73}},"type":"cond-expr","locations":[{"start":{"line":307,"column":52},"end":{"line":307,"column":61}},{"start":{"line":307,"column":64},"end":{"line":307,"column":73}}],"line":307},"21":{"loc":{"start":{"line":315,"column":15},"end":{"line":337,"column":15}},"type":"binary-expr","locations":[{"start":{"line":315,"column":15},"end":{"line":315,"column":32}},{"start":{"line":316,"column":16},"end":{"line":336,"column":35}}],"line":315},"22":{"loc":{"start":{"line":322,"column":37},"end":{"line":322,"column":84}},"type":"cond-expr","locations":[{"start":{"line":322,"column":61},"end":{"line":322,"column":72}},{"start":{"line":322,"column":75},"end":{"line":322,"column":84}}],"line":322},"23":{"loc":{"start":{"line":324,"column":33},"end":{"line":324,"column":78}},"type":"cond-expr","locations":[{"start":{"line":324,"column":57},"end":{"line":324,"column":66}},{"start":{"line":324,"column":69},"end":{"line":324,"column":78}}],"line":324},"24":{"loc":{"start":{"line":331,"column":29},"end":{"line":331,"column":74}},"type":"cond-expr","locations":[{"start":{"line":331,"column":53},"end":{"line":331,"column":62}},{"start":{"line":331,"column":65},"end":{"line":331,"column":74}}],"line":331},"25":{"loc":{"start":{"line":353,"column":37},"end":{"line":353,"column":82}},"type":"cond-expr","locations":[{"start":{"line":353,"column":61},"end":{"line":353,"column":70}},{"start":{"line":353,"column":73},"end":{"line":353,"column":82}}],"line":353},"26":{"loc":{"start":{"line":355,"column":33},"end":{"line":355,"column":78}},"type":"cond-expr","locations":[{"start":{"line":355,"column":57},"end":{"line":355,"column":66}},{"start":{"line":355,"column":69},"end":{"line":355,"column":78}}],"line":355},"27":{"loc":{"start":{"line":364,"column":29},"end":{"line":364,"column":74}},"type":"cond-expr","locations":[{"start":{"line":364,"column":53},"end":{"line":364,"column":62}},{"start":{"line":364,"column":65},"end":{"line":364,"column":74}}],"line":364},"28":{"loc":{"start":{"line":374,"column":13},"end":{"line":407,"column":13}},"type":"binary-expr","locations":[{"start":{"line":374,"column":13},"end":{"line":374,"column":35}},{"start":{"line":375,"column":14},"end":{"line":406,"column":17}}],"line":374},"29":{"loc":{"start":{"line":388,"column":41},"end":{"line":388,"column":84}},"type":"cond-expr","locations":[{"start":{"line":388,"column":61},"end":{"line":388,"column":72}},{"start":{"line":388,"column":75},"end":{"line":388,"column":84}}],"line":388},"30":{"loc":{"start":{"line":390,"column":37},"end":{"line":390,"column":78}},"type":"cond-expr","locations":[{"start":{"line":390,"column":57},"end":{"line":390,"column":66}},{"start":{"line":390,"column":69},"end":{"line":390,"column":78}}],"line":390},"31":{"loc":{"start":{"line":398,"column":33},"end":{"line":398,"column":74}},"type":"cond-expr","locations":[{"start":{"line":398,"column":53},"end":{"line":398,"column":62}},{"start":{"line":398,"column":65},"end":{"line":398,"column":74}}],"line":398},"32":{"loc":{"start":{"line":410,"column":13},"end":{"line":443,"column":13}},"type":"binary-expr","locations":[{"start":{"line":410,"column":13},"end":{"line":410,"column":36}},{"start":{"line":411,"column":14},"end":{"line":442,"column":17}}],"line":410},"33":{"loc":{"start":{"line":435,"column":22},"end":{"line":436,"column":58}},"type":"if","locations":[{"start":{"line":435,"column":22},"end":{"line":436,"column":58}},{"start":{"line":436,"column":27},"end":{"line":436,"column":58}}],"line":435},"34":{"loc":{"start":{"line":435,"column":26},"end":{"line":435,"column":56}},"type":"binary-expr","locations":[{"start":{"line":435,"column":26},"end":{"line":435,"column":35}},{"start":{"line":435,"column":39},"end":{"line":435,"column":45}},{"start":{"line":435,"column":49},"end":{"line":435,"column":56}}],"line":435},"35":{"loc":{"start":{"line":436,"column":27},"end":{"line":436,"column":58}},"type":"if","locations":[{"start":{"line":436,"column":27},"end":{"line":436,"column":58}},{"start":{},"end":{}}],"line":436},"36":{"loc":{"start":{"line":450,"column":33},"end":{"line":450,"column":63}},"type":"cond-expr","locations":[{"start":{"line":450,"column":42},"end":{"line":450,"column":51}},{"start":{"line":450,"column":54},"end":{"line":450,"column":63}}],"line":450},"37":{"loc":{"start":{"line":457,"column":15},"end":{"line":463,"column":15}},"type":"cond-expr","locations":[{"start":{"line":458,"column":16},"end":{"line":458,"column":53}},{"start":{"line":460,"column":16},"end":{"line":462,"column":23}}],"line":457}},"s":{"0":0,"1":0,"2":0,"3":0,"4":0,"5":0,"6":0,"7":0,"8":0,"9":0,"10":0,"11":0,"12":0,"13":0,"14":0,"15":0,"16":0,"17":0,"18":0,"19":0,"20":0,"21":0,"22":0,"23":0,"24":0,"25":0,"26":0,"27":0,"28":0,"29":0,"30":0,"31":0,"32":0,"33":0,"34":0,"35":0,"36":0,"37":0,"38":0,"39":0,"40":0,"41":0,"42":0,"43":0,"44":0,"45":0,"46":0,"47":0,"48":0,"49":0,"50":0,"51":0,"52":0,"53":0,"54":0,"55":0,"56":0,"57":0,"58":0,"59":0,"60":0,"61":0,"62":0,"63":0,"64":0,"65":0,"66":0,"67":0,"68":0,"69":0,"70":0,"71":0},"f":{"0":0,"1":0,"2":0,"3":0,"4":0,"5":0,"6":0,"7":0,"8":0,"9":0,"10":0,"11":0,"12":0,"13":0,"14":0,"15":0,"16":0,"17":0},"b":{"0":[0,0],"1":[0,0],"2":[0,0],"3":[0,0],"4":[0,0],"5":[0,0],"6":[0,0],"7":[0,0],"8":[0,0],"9":[0,0],"10":[0,0],"11":[0,0],"12":[0,0],"13":[0,0],"14":[0,0],"15":[0,0],"16":[0,0],"17":[0,0],"18":[0,0],"19":[0,0],"20":[0,0],"21":[0,0],"22":[0,0],"23":[0,0],"24":[0,0],"25":[0,0],"26":[0,0],"27":[0,0],"28":[0,0],"29":[0,0],"30":[0,0],"31":[0,0],"32":[0,0],"33":[0,0],"34":[0,0,0],"35":[0,0],"36":[0,0],"37":[0,0]}}
,"C:\\Codingg\\Duasaku\\src\\components\\ExpenseChart.tsx": {"path":"C:\\Codingg\\Duasaku\\src\\components\\ExpenseChart.tsx","statementMap":{"0":{"start":{"line":7,"column":18},"end":{"line":13,"column":3}},"1":{"start":{"line":15,"column":2},"end":{"line":33,"column":4}}},"fnMap":{"0":{"name":"ExpenseChart","decl":{"start":{"line":5,"column":24},"end":{"line":5,"column":36}},"loc":{"start":{"line":5,"column":39},"end":{"line":34,"column":1}},"line":5}},"branchMap":{},"s":{"0":0,"1":0},"f":{"0":0},"b":{}}
,"C:\\Codingg\\Duasaku\\src\\components\\GoogleIcon.tsx": {"path":"C:\\Codingg\\Duasaku\\src\\components\\GoogleIcon.tsx","statementMap":{"0":{"start":{"line":4,"column":26},"end":{"line":23,"column":1}},"1":{"start":{"line":5,"column":2},"end":{"line":22,"column":8}}},"fnMap":{"0":{"name":"(anonymous_0)","decl":{"start":{"line":4,"column":26},"end":{"line":4,"column":27}},"loc":{"start":{"line":5,"column":2},"end":{"line":22,"column":8}},"line":5}},"branchMap":{"0":{"loc":{"start":{"line":4,"column":29},"end":{"line":4,"column":38}},"type":"default-arg","locations":[{"start":{"line":4,"column":36},"end":{"line":4,"column":38}}],"line":4}},"s":{"0":0,"1":0},"f":{"0":0},"b":{"0":[0]}}
,"C:\\Codingg\\Duasaku\\src\\components\\PremiumBackground.tsx": {"path":"C:\\Codingg\\Duasaku\\src\\components\\PremiumBackground.tsx","statementMap":{"0":{"start":{"line":13,"column":26},"end":{"line":13,"column":50}},"1":{"start":{"line":15,"column":33},"end":{"line":65,"column":1}},"2":{"start":{"line":16,"column":16},"end":{"line":16,"column":33}},"3":{"start":{"line":17,"column":16},"end":{"line":17,"column":33}},"4":{"start":{"line":19,"column":2},"end":{"line":30,"column":21}},"5":{"start":{"line":20,"column":4},"end":{"line":24,"column":6}},"6":{"start":{"line":25,"column":4},"end":{"line":29,"column":6}},"7":{"start":{"line":32,"column":20},"end":{"line":39,"column":5}},"8":{"start":{"line":32,"column":44},"end":{"line":39,"column":3}},"9":{"start":{"line":41,"column":20},"end":{"line":48,"column":5}},"10":{"start":{"line":41,"column":44},"end":{"line":48,"column":3}},"11":{"start":{"line":50,"column":2},"end":{"line":64,"column":4}},"12":{"start":{"line":67,"column":15},"end":{"line":78,"column":2}}},"fnMap":{"0":{"name":"(anonymous_0)","decl":{"start":{"line":15,"column":33},"end":{"line":15,"column":34}},"loc":{"start":{"line":15,"column":39},"end":{"line":65,"column":1}},"line":15},"1":{"name":"(anonymous_1)","decl":{"start":{"line":19,"column":12},"end":{"line":19,"column":13}},"loc":{"start":{"line":19,"column":18},"end":{"line":30,"column":3}},"line":19},"2":{"name":"(anonymous_2)","decl":{"start":{"line":32,"column":37},"end":{"line":32,"column":38}},"loc":{"start":{"line":32,"column":44},"end":{"line":39,"column":3}},"line":32},"3":{"name":"(anonymous_3)","decl":{"start":{"line":41,"column":37},"end":{"line":41,"column":38}},"loc":{"start":{"line":41,"column":44},"end":{"line":48,"column":3}},"line":41}},"branchMap":{},"s":{"0":0,"1":0,"2":0,"3":0,"4":0,"5":0,"6":0,"7":0,"8":0,"9":0,"10":0,"11":0,"12":0},"f":{"0":0,"1":0,"2":0,"3":0},"b":{}}
,"C:\\Codingg\\Duasaku\\src\\components\\Skeleton.tsx": {"path":"C:\\Codingg\\Duasaku\\src\\components\\Skeleton.tsx","statementMap":{"0":{"start":{"line":11,"column":24},"end":{"line":22,"column":1}},"1":{"start":{"line":12,"column":2},"end":{"line":21,"column":4}}},"fnMap":{"0":{"name":"(anonymous_0)","decl":{"start":{"line":11,"column":24},"end":{"line":11,"column":25}},"loc":{"start":{"line":11,"column":87},"end":{"line":22,"column":1}},"line":11}},"branchMap":{"0":{"loc":{"start":{"line":11,"column":42},"end":{"line":11,"column":52}},"type":"default-arg","locations":[{"start":{"line":11,"column":51},"end":{"line":11,"column":52}}],"line":11},"1":{"loc":{"start":{"line":11,"column":54},"end":{"line":11,"column":65}},"type":"default-arg","locations":[{"start":{"line":11,"column":61},"end":{"line":11,"column":65}}],"line":11}},"s":{"0":0,"1":0},"f":{"0":0},"b":{"0":[0],"1":[0]}}
,"C:\\Codingg\\Duasaku\\src\\components\\SmartInputSheet.tsx": {"path":"C:\\Codingg\\Duasaku\\src\\components\\SmartInputSheet.tsx","statementMap":{"0":{"start":{"line":34,"column":12},"end":{"line":34,"column":18}},"1":{"start":{"line":35,"column":13},"end":{"line":35,"column":33}},"2":{"start":{"line":36,"column":13},"end":{"line":36,"column":33}},"3":{"start":{"line":37,"column":13},"end":{"line":37,"column":42}},"4":{"start":{"line":38,"column":13},"end":{"line":38,"column":42}},"5":{"start":{"line":40,"column":12},"end":{"line":42,"column":39}},"6":{"start":{"line":43,"column":12},"end":{"line":43,"column":58}},"7":{"start":{"line":44,"column":2},"end":{"line":44,"column":15}},"8":{"start":{"line":47,"column":17},"end":{"line":47,"column":19}},"9":{"start":{"line":50,"column":16},"end":{"line":75,"column":1}},"10":{"start":{"line":51,"column":24},"end":{"line":60,"column":4}},"11":{"start":{"line":53,"column":18},"end":{"line":53,"column":42}},"12":{"start":{"line":54,"column":19},"end":{"line":54,"column":47}},"13":{"start":{"line":55,"column":19},"end":{"line":55,"column":53}},"14":{"start":{"line":56,"column":4},"end":{"line":59,"column":6}},"15":{"start":{"line":62,"column":2},"end":{"line":74,"column":4}},"16":{"start":{"line":81,"column":0},"end":{"line":81,"column":57}},"17":{"start":{"line":83,"column":24},"end":{"line":639,"column":2}},"18":{"start":{"line":84,"column":16},"end":{"line":84,"column":32}},"19":{"start":{"line":85,"column":22},"end":{"line":85,"column":36}},"20":{"start":{"line":86,"column":17},"end":{"line":86,"column":34}},"21":{"start":{"line":87,"column":36},"end":{"line":87,"column":48}},"22":{"start":{"line":88,"column":38},"end":{"line":88,"column":53}},"23":{"start":{"line":89,"column":38},"end":{"line":89,"column":67}},"24":{"start":{"line":90,"column":44},"end":{"line":90,"column":73}},"25":{"start":{"line":91,"column":40},"end":{"line":91,"column":55}},"26":{"start":{"line":92,"column":38},"end":{"line":92,"column":67}},"27":{"start":{"line":95,"column":36},"end":{"line":95,"column":65}},"28":{"start":{"line":96,"column":21},"end":{"line":96,"column":32}},"29":{"start":{"line":98,"column":2},"end":{"line":101,"column":15}},"30":{"start":{"line":100,"column":4},"end":{"line":100,"column":116}},"31":{"start":{"line":104,"column":40},"end":{"line":104,"column":55}},"32":{"start":{"line":105,"column":52},"end":{"line":105,"column":63}},"33":{"start":{"line":106,"column":23},"end":{"line":106,"column":59}},"34":{"start":{"line":107,"column":24},"end":{"line":107,"column":75}},"35":{"start":{"line":110,"column":25},"end":{"line":110,"column":78}},"36":{"start":{"line":113,"column":19},"end":{"line":113,"column":36}},"37":{"start":{"line":115,"column":2},"end":{"line":134,"column":12}},"38":{"start":{"line":116,"column":16},"end":{"line":122,"column":6}},"39":{"start":{"line":117,"column":6},"end":{"line":117,"column":25}},"40":{"start":{"line":118,"column":6},"end":{"line":120,"column":7}},"41":{"start":{"line":119,"column":8},"end":{"line":119,"column":32}},"42":{"start":{"line":121,"column":6},"end":{"line":121,"column":43}},"43":{"start":{"line":124,"column":20},"end":{"line":128,"column":6}},"44":{"start":{"line":125,"column":6},"end":{"line":125,"column":26}},"45":{"start":{"line":126,"column":6},"end":{"line":126,"column":47}},"46":{"start":{"line":127,"column":6},"end":{"line":127,"column":43}},"47":{"start":{"line":130,"column":4},"end":{"line":133,"column":6}},"48":{"start":{"line":131,"column":6},"end":{"line":131,"column":19}},"49":{"start":{"line":132,"column":6},"end":{"line":132,"column":23}},"50":{"start":{"line":136,"column":2},"end":{"line":151,"column":46}},"51":{"start":{"line":137,"column":4},"end":{"line":150,"column":5}},"52":{"start":{"line":138,"column":6},"end":{"line":145,"column":8}},"53":{"start":{"line":147,"column":6},"end":{"line":147,"column":56}},"54":{"start":{"line":149,"column":6},"end":{"line":149,"column":88}},"55":{"start":{"line":153,"column":23},"end":{"line":155,"column":5}},"56":{"start":{"line":153,"column":47},"end":{"line":155,"column":3}},"57":{"start":{"line":157,"column":21},"end":{"line":157,"column":54}},"58":{"start":{"line":157,"column":35},"end":{"line":157,"column":49}},"59":{"start":{"line":159,"column":29},"end":{"line":194,"column":15}},"60":{"start":{"line":160,"column":4},"end":{"line":193,"column":5}},"61":{"start":{"line":161,"column":6},"end":{"line":161,"column":16}},"62":{"start":{"line":162,"column":6},"end":{"line":162,"column":26}},"63":{"start":{"line":163,"column":6},"end":{"line":163,"column":29}},"64":{"start":{"line":164,"column":6},"end":{"line":164,"column":25}},"65":{"start":{"line":165,"column":6},"end":{"line":172,"column":7}},"66":{"start":{"line":166,"column":8},"end":{"line":168,"column":41}},"67":{"start":{"line":167,"column":10},"end":{"line":167,"column":58}},"68":{"start":{"line":169,"column":8},"end":{"line":169,"column":36}},"69":{"start":{"line":170,"column":8},"end":{"line":170,"column":30}},"70":{"start":{"line":171,"column":8},"end":{"line":171,"column":72}},"71":{"start":{"line":171,"column":35},"end":{"line":171,"column":72}},"72":{"start":{"line":173,"column":11},"end":{"line":193,"column":5}},"73":{"start":{"line":174,"column":25},"end":{"line":174,"column":71}},"74":{"start":{"line":175,"column":6},"end":{"line":192,"column":7}},"75":{"start":{"line":176,"column":8},"end":{"line":191,"column":9}},"76":{"start":{"line":177,"column":27},"end":{"line":177,"column":107}},"77":{"start":{"line":178,"column":22},"end":{"line":178,"column":46}},"78":{"start":{"line":179,"column":22},"end":{"line":179,"column":47}},"79":{"start":{"line":181,"column":24},"end":{"line":181,"column":43}},"80":{"start":{"line":182,"column":10},"end":{"line":188,"column":11}},"81":{"start":{"line":183,"column":29},"end":{"line":183,"column":70}},"82":{"start":{"line":184,"column":12},"end":{"line":187,"column":13}},"83":{"start":{"line":185,"column":14},"end":{"line":185,"column":91}},"84":{"start":{"line":186,"column":14},"end":{"line":186,"column":20}},"85":{"start":{"line":197,"column":34},"end":{"line":212,"column":22}},"86":{"start":{"line":198,"column":4},"end":{"line":198,"column":69}},"87":{"start":{"line":198,"column":62},"end":{"line":198,"column":69}},"88":{"start":{"line":201,"column":17},"end":{"line":201,"column":40}},"89":{"start":{"line":202,"column":23},"end":{"line":202,"column":65}},"90":{"start":{"line":205,"column":20},"end":{"line":205,"column":45}},"91":{"start":{"line":206,"column":4},"end":{"line":208,"column":5}},"92":{"start":{"line":206,"column":17},"end":{"line":206,"column":35}},"93":{"start":{"line":207,"column":6},"end":{"line":207,"column":34}},"94":{"start":{"line":209,"column":4},"end":{"line":209,"column":28}},"95":{"start":{"line":211,"column":4},"end":{"line":211,"column":65}},"96":{"start":{"line":215,"column":25},"end":{"line":249,"column":3}},"97":{"start":{"line":216,"column":4},"end":{"line":248,"column":5}},"98":{"start":{"line":217,"column":25},"end":{"line":217,"column":62}},"99":{"start":{"line":218,"column":6},"end":{"line":221,"column":7}},"100":{"start":{"line":219,"column":8},"end":{"line":219,"column":56}},"101":{"start":{"line":220,"column":8},"end":{"line":220,"column":15}},"102":{"start":{"line":223,"column":6},"end":{"line":226,"column":9}},"103":{"start":{"line":228,"column":28},"end":{"line":230,"column":7}},"104":{"start":{"line":233,"column":6},"end":{"line":233,"column":68}},"105":{"start":{"line":234,"column":6},"end":{"line":234,"column":46}},"106":{"start":{"line":236,"column":6},"end":{"line":236,"column":39}},"107":{"start":{"line":237,"column":6},"end":{"line":237,"column":27}},"108":{"start":{"line":238,"column":6},"end":{"line":238,"column":30}},"109":{"start":{"line":239,"column":6},"end":{"line":239,"column":29}},"110":{"start":{"line":240,"column":6},"end":{"line":240,"column":62}},"111":{"start":{"line":242,"column":6},"end":{"line":244,"column":15}},"112":{"start":{"line":243,"column":8},"end":{"line":243,"column":47}},"113":{"start":{"line":243,"column":37},"end":{"line":243,"column":45}},"114":{"start":{"line":246,"column":6},"end":{"line":246,"column":53}},"115":{"start":{"line":247,"column":6},"end":{"line":247,"column":50}},"116":{"start":{"line":252,"column":24},"end":{"line":309,"column":3}},"117":{"start":{"line":253,"column":4},"end":{"line":253,"column":38}},"118":{"start":{"line":253,"column":31},"end":{"line":253,"column":38}},"119":{"start":{"line":255,"column":4},"end":{"line":255,"column":26}},"120":{"start":{"line":256,"column":4},"end":{"line":259,"column":5}},"121":{"start":{"line":257,"column":6},"end":{"line":257,"column":43}},"122":{"start":{"line":258,"column":6},"end":{"line":258,"column":35}},"123":{"start":{"line":261,"column":4},"end":{"line":261,"column":24}},"124":{"start":{"line":262,"column":4},"end":{"line":262,"column":56}},"125":{"start":{"line":264,"column":4},"end":{"line":308,"column":5}},"126":{"start":{"line":265,"column":6},"end":{"line":265,"column":54}},"127":{"start":{"line":266,"column":18},"end":{"line":266,"column":47}},"128":{"start":{"line":267,"column":6},"end":{"line":267,"column":34}},"129":{"start":{"line":269,"column":6},"end":{"line":273,"column":7}},"130":{"start":{"line":270,"column":8},"end":{"line":270,"column":59}},"131":{"start":{"line":271,"column":8},"end":{"line":271,"column":29}},"132":{"start":{"line":272,"column":8},"end":{"line":272,"column":15}},"133":{"start":{"line":275,"column":24},"end":{"line":275,"column":37}},"134":{"start":{"line":276,"column":26},"end":{"line":276,"column":50}},"135":{"start":{"line":278,"column":23},"end":{"line":278,"column":34}},"136":{"start":{"line":279,"column":28},"end":{"line":279,"column":74}},"137":{"start":{"line":280,"column":28},"end":{"line":280,"column":57}},"138":{"start":{"line":280,"column":51},"end":{"line":280,"column":56}},"139":{"start":{"line":282,"column":25},"end":{"line":282,"column":85}},"140":{"start":{"line":284,"column":6},"end":{"line":288,"column":7}},"141":{"start":{"line":285,"column":8},"end":{"line":285,"column":72}},"142":{"start":{"line":286,"column":8},"end":{"line":286,"column":29}},"143":{"start":{"line":287,"column":8},"end":{"line":287,"column":15}},"144":{"start":{"line":290,"column":6},"end":{"line":294,"column":7}},"145":{"start":{"line":291,"column":8},"end":{"line":291,"column":67}},"146":{"start":{"line":292,"column":8},"end":{"line":292,"column":29}},"147":{"start":{"line":293,"column":8},"end":{"line":293,"column":15}},"148":{"start":{"line":296,"column":6},"end":{"line":296,"column":40}},"149":{"start":{"line":297,"column":6},"end":{"line":301,"column":7}},"150":{"start":{"line":298,"column":8},"end":{"line":298,"column":27}},"151":{"start":{"line":300,"column":8},"end":{"line":300,"column":66}},"152":{"start":{"line":303,"column":6},"end":{"line":303,"column":60}},"153":{"start":{"line":304,"column":6},"end":{"line":304,"column":52}},"154":{"start":{"line":305,"column":6},"end":{"line":305,"column":72}},"155":{"start":{"line":307,"column":6},"end":{"line":307,"column":27}},"156":{"start":{"line":311,"column":25},"end":{"line":317,"column":3}},"157":{"start":{"line":312,"column":4},"end":{"line":316,"column":5}},"158":{"start":{"line":313,"column":6},"end":{"line":313,"column":22}},"159":{"start":{"line":315,"column":6},"end":{"line":315,"column":23}},"160":{"start":{"line":320,"column":26},"end":{"line":427,"column":3}},"161":{"start":{"line":327,"column":19},"end":{"line":327,"column":23}},"162":{"start":{"line":328,"column":20},"end":{"line":328,"column":24}},"163":{"start":{"line":329,"column":24},"end":{"line":329,"column":28}},"164":{"start":{"line":331,"column":23},"end":{"line":331,"column":73}},"165":{"start":{"line":332,"column":4},"end":{"line":346,"column":5}},"166":{"start":{"line":333,"column":6},"end":{"line":345,"column":7}},"167":{"start":{"line":334,"column":25},"end":{"line":334,"column":67}},"168":{"start":{"line":335,"column":8},"end":{"line":335,"column":44}},"169":{"start":{"line":336,"column":8},"end":{"line":336,"column":46}},"170":{"start":{"line":338,"column":24},"end":{"line":338,"column":83}},"171":{"start":{"line":339,"column":8},"end":{"line":342,"column":9}},"172":{"start":{"line":340,"column":22},"end":{"line":340,"column":32}},"173":{"start":{"line":341,"column":10},"end":{"line":341,"column":86}},"174":{"start":{"line":344,"column":8},"end":{"line":344,"column":42}},"175":{"start":{"line":348,"column":22},"end":{"line":350,"column":32}},"176":{"start":{"line":353,"column":19},"end":{"line":358,"column":6}},"177":{"start":{"line":360,"column":4},"end":{"line":369,"column":5}},"178":{"start":{"line":361,"column":6},"end":{"line":361,"column":76}},"179":{"start":{"line":362,"column":6},"end":{"line":362,"column":74}},"180":{"start":{"line":363,"column":6},"end":{"line":367,"column":15}},"181":{"start":{"line":364,"column":8},"end":{"line":364,"column":38}},"182":{"start":{"line":365,"column":8},"end":{"line":365,"column":25}},"183":{"start":{"line":366,"column":8},"end":{"line":366,"column":28}},"184":{"start":{"line":368,"column":6},"end":{"line":368,"column":13}},"185":{"start":{"line":371,"column":4},"end":{"line":396,"column":5}},"186":{"start":{"line":372,"column":6},"end":{"line":372,"column":53}},"187":{"start":{"line":373,"column":18},"end":{"line":378,"column":24}},"188":{"start":{"line":380,"column":6},"end":{"line":383,"column":7}},"189":{"start":{"line":381,"column":8},"end":{"line":381,"column":50}},"190":{"start":{"line":382,"column":8},"end":{"line":382,"column":15}},"191":{"start":{"line":385,"column":6},"end":{"line":395,"column":9}},"192":{"start":{"line":398,"column":19},"end":{"line":398,"column":35}},"193":{"start":{"line":399,"column":4},"end":{"line":404,"column":5}},"194":{"start":{"line":400,"column":6},"end":{"line":400,"column":45}},"195":{"start":{"line":401,"column":6},"end":{"line":401,"column":29}},"196":{"start":{"line":403,"column":6},"end":{"line":403,"column":67}},"197":{"start":{"line":406,"column":4},"end":{"line":406,"column":72}},"198":{"start":{"line":407,"column":4},"end":{"line":407,"column":27}},"199":{"start":{"line":408,"column":4},"end":{"line":408,"column":49}},"200":{"start":{"line":411,"column":4},"end":{"line":413,"column":5}},"201":{"start":{"line":412,"column":6},"end":{"line":412,"column":64}},"202":{"start":{"line":415,"column":4},"end":{"line":415,"column":21}},"203":{"start":{"line":416,"column":4},"end":{"line":416,"column":24}},"204":{"start":{"line":419,"column":4},"end":{"line":419,"column":25}},"205":{"start":{"line":421,"column":4},"end":{"line":421,"column":72}},"206":{"start":{"line":423,"column":4},"end":{"line":426,"column":13}},"207":{"start":{"line":424,"column":6},"end":{"line":424,"column":28}},"208":{"start":{"line":425,"column":6},"end":{"line":425,"column":36}},"209":{"start":{"line":429,"column":23},"end":{"line":473,"column":3}},"210":{"start":{"line":430,"column":4},"end":{"line":430,"column":48}},"211":{"start":{"line":430,"column":41},"end":{"line":430,"column":48}},"212":{"start":{"line":432,"column":4},"end":{"line":432,"column":24}},"213":{"start":{"line":433,"column":4},"end":{"line":433,"column":27}},"214":{"start":{"line":434,"column":4},"end":{"line":472,"column":5}},"215":{"start":{"line":435,"column":28},"end":{"line":435,"column":74}},"216":{"start":{"line":436,"column":28},"end":{"line":436,"column":57}},"217":{"start":{"line":436,"column":51},"end":{"line":436,"column":56}},"218":{"start":{"line":438,"column":23},"end":{"line":438,"column":77}},"219":{"start":{"line":440,"column":6},"end":{"line":457,"column":7}},"220":{"start":{"line":441,"column":28},"end":{"line":441,"column":76}},"221":{"start":{"line":442,"column":21},"end":{"line":442,"column":22}},"222":{"start":{"line":443,"column":8},"end":{"line":448,"column":9}},"223":{"start":{"line":444,"column":10},"end":{"line":444,"column":64}},"224":{"start":{"line":445,"column":10},"end":{"line":447,"column":11}},"225":{"start":{"line":446,"column":12},"end":{"line":446,"column":27}},"226":{"start":{"line":450,"column":8},"end":{"line":456,"column":10}},"227":{"start":{"line":459,"column":6},"end":{"line":463,"column":7}},"228":{"start":{"line":460,"column":8},"end":{"line":460,"column":56}},"229":{"start":{"line":461,"column":8},"end":{"line":461,"column":29}},"230":{"start":{"line":462,"column":8},"end":{"line":462,"column":15}},"231":{"start":{"line":465,"column":6},"end":{"line":465,"column":40}},"232":{"start":{"line":467,"column":6},"end":{"line":467,"column":54}},"233":{"start":{"line":468,"column":6},"end":{"line":468,"column":44}},"234":{"start":{"line":469,"column":6},"end":{"line":469,"column":72}},"235":{"start":{"line":471,"column":6},"end":{"line":471,"column":27}},"236":{"start":{"line":475,"column":20},"end":{"line":475,"column":37}},"237":{"start":{"line":477,"column":25},"end":{"line":481,"column":3}},"238":{"start":{"line":478,"column":14},"end":{"line":478,"column":35}},"239":{"start":{"line":479,"column":14},"end":{"line":479,"column":23}},"240":{"start":{"line":480,"column":4},"end":{"line":480,"column":48}},"241":{"start":{"line":483,"column":2},"end":{"line":638,"column":4}},"242":{"start":{"line":562,"column":20},"end":{"line":562,"column":73}},"243":{"start":{"line":641,"column":0},"end":{"line":641,"column":48}}},"fnMap":{"0":{"name":"getDistance","decl":{"start":{"line":33,"column":9},"end":{"line":33,"column":20}},"loc":{"start":{"line":33,"column":77},"end":{"line":45,"column":1}},"line":33},"1":{"name":"(anonymous_1)","decl":{"start":{"line":50,"column":16},"end":{"line":50,"column":17}},"loc":{"start":{"line":50,"column":89},"end":{"line":75,"column":1}},"line":50},"2":{"name":"(anonymous_2)","decl":{"start":{"line":51,"column":41},"end":{"line":51,"column":42}},"loc":{"start":{"line":51,"column":47},"end":{"line":60,"column":3}},"line":51},"3":{"name":"(anonymous_3)","decl":{"start":{"line":83,"column":70},"end":{"line":83,"column":71}},"loc":{"start":{"line":83,"column":92},"end":{"line":639,"column":1}},"line":83},"4":{"name":"(anonymous_4)","decl":{"start":{"line":98,"column":12},"end":{"line":98,"column":13}},"loc":{"start":{"line":98,"column":18},"end":{"line":101,"column":3}},"line":98},"5":{"name":"(anonymous_5)","decl":{"start":{"line":115,"column":12},"end":{"line":115,"column":13}},"loc":{"start":{"line":115,"column":18},"end":{"line":134,"column":3}},"line":115},"6":{"name":"(anonymous_6)","decl":{"start":{"line":116,"column":67},"end":{"line":116,"column":68}},"loc":{"start":{"line":116,"column":97},"end":{"line":122,"column":5}},"line":116},"7":{"name":"(anonymous_7)","decl":{"start":{"line":124,"column":71},"end":{"line":124,"column":72}},"loc":{"start":{"line":124,"column":84},"end":{"line":128,"column":5}},"line":124},"8":{"name":"(anonymous_8)","decl":{"start":{"line":130,"column":11},"end":{"line":130,"column":12}},"loc":{"start":{"line":130,"column":17},"end":{"line":133,"column":5}},"line":130},"9":{"name":"(anonymous_9)","decl":{"start":{"line":136,"column":12},"end":{"line":136,"column":13}},"loc":{"start":{"line":136,"column":18},"end":{"line":151,"column":3}},"line":136},"10":{"name":"(anonymous_10)","decl":{"start":{"line":153,"column":40},"end":{"line":153,"column":41}},"loc":{"start":{"line":153,"column":47},"end":{"line":155,"column":3}},"line":153},"11":{"name":"(anonymous_11)","decl":{"start":{"line":157,"column":29},"end":{"line":157,"column":30}},"loc":{"start":{"line":157,"column":35},"end":{"line":157,"column":49}},"line":157},"12":{"name":"(anonymous_12)","decl":{"start":{"line":159,"column":41},"end":{"line":159,"column":42}},"loc":{"start":{"line":159,"column":66},"end":{"line":194,"column":3}},"line":159},"13":{"name":"(anonymous_13)","decl":{"start":{"line":197,"column":46},"end":{"line":197,"column":47}},"loc":{"start":{"line":197,"column":81},"end":{"line":212,"column":3}},"line":197},"14":{"name":"(anonymous_14)","decl":{"start":{"line":215,"column":25},"end":{"line":215,"column":26}},"loc":{"start":{"line":215,"column":37},"end":{"line":249,"column":3}},"line":215},"15":{"name":"(anonymous_15)","decl":{"start":{"line":242,"column":42},"end":{"line":242,"column":43}},"loc":{"start":{"line":242,"column":48},"end":{"line":244,"column":7}},"line":242},"16":{"name":"(anonymous_16)","decl":{"start":{"line":243,"column":29},"end":{"line":243,"column":30}},"loc":{"start":{"line":243,"column":37},"end":{"line":243,"column":45}},"line":243},"17":{"name":"(anonymous_17)","decl":{"start":{"line":252,"column":24},"end":{"line":252,"column":25}},"loc":{"start":{"line":252,"column":36},"end":{"line":309,"column":3}},"line":252},"18":{"name":"(anonymous_18)","decl":{"start":{"line":280,"column":46},"end":{"line":280,"column":47}},"loc":{"start":{"line":280,"column":51},"end":{"line":280,"column":56}},"line":280},"19":{"name":"(anonymous_19)","decl":{"start":{"line":311,"column":25},"end":{"line":311,"column":26}},"loc":{"start":{"line":311,"column":31},"end":{"line":317,"column":3}},"line":311},"20":{"name":"(anonymous_20)","decl":{"start":{"line":320,"column":26},"end":{"line":320,"column":27}},"loc":{"start":{"line":326,"column":8},"end":{"line":427,"column":3}},"line":326},"21":{"name":"(anonymous_21)","decl":{"start":{"line":363,"column":17},"end":{"line":363,"column":18}},"loc":{"start":{"line":363,"column":23},"end":{"line":367,"column":7}},"line":363},"22":{"name":"(anonymous_22)","decl":{"start":{"line":423,"column":15},"end":{"line":423,"column":16}},"loc":{"start":{"line":423,"column":21},"end":{"line":426,"column":5}},"line":423},"23":{"name":"(anonymous_23)","decl":{"start":{"line":429,"column":23},"end":{"line":429,"column":24}},"loc":{"start":{"line":429,"column":35},"end":{"line":473,"column":3}},"line":429},"24":{"name":"(anonymous_24)","decl":{"start":{"line":436,"column":46},"end":{"line":436,"column":47}},"loc":{"start":{"line":436,"column":51},"end":{"line":436,"column":56}},"line":436},"25":{"name":"(anonymous_25)","decl":{"start":{"line":477,"column":25},"end":{"line":477,"column":26}},"loc":{"start":{"line":477,"column":43},"end":{"line":481,"column":3}},"line":477},"26":{"name":"(anonymous_26)","decl":{"start":{"line":561,"column":56},"end":{"line":561,"column":57}},"loc":{"start":{"line":562,"column":20},"end":{"line":562,"column":73}},"line":562}},"branchMap":{"0":{"loc":{"start":{"line":53,"column":18},"end":{"line":53,"column":42}},"type":"binary-expr","locations":[{"start":{"line":53,"column":18},"end":{"line":53,"column":37}},{"start":{"line":53,"column":41},"end":{"line":53,"column":42}}],"line":53},"1":{"loc":{"start":{"line":118,"column":6},"end":{"line":120,"column":7}},"type":"if","locations":[{"start":{"line":118,"column":6},"end":{"line":120,"column":7}},{"start":{},"end":{}}],"line":118},"2":{"loc":{"start":{"line":137,"column":4},"end":{"line":150,"column":5}},"type":"if","locations":[{"start":{"line":137,"column":4},"end":{"line":150,"column":5}},{"start":{"line":146,"column":11},"end":{"line":150,"column":5}}],"line":137},"3":{"loc":{"start":{"line":160,"column":4},"end":{"line":193,"column":5}},"type":"if","locations":[{"start":{"line":160,"column":4},"end":{"line":193,"column":5}},{"start":{"line":173,"column":11},"end":{"line":193,"column":5}}],"line":160},"4":{"loc":{"start":{"line":160,"column":8},"end":{"line":160,"column":31}},"type":"binary-expr","locations":[{"start":{"line":160,"column":8},"end":{"line":160,"column":20}},{"start":{"line":160,"column":24},"end":{"line":160,"column":31}}],"line":160},"5":{"loc":{"start":{"line":165,"column":6},"end":{"line":172,"column":7}},"type":"if","locations":[{"start":{"line":165,"column":6},"end":{"line":172,"column":7}},{"start":{},"end":{}}],"line":165},"6":{"loc":{"start":{"line":171,"column":8},"end":{"line":171,"column":72}},"type":"if","locations":[{"start":{"line":171,"column":8},"end":{"line":171,"column":72}},{"start":{},"end":{}}],"line":171},"7":{"loc":{"start":{"line":173,"column":11},"end":{"line":193,"column":5}},"type":"if","locations":[{"start":{"line":173,"column":11},"end":{"line":193,"column":5}},{"start":{},"end":{}}],"line":173},"8":{"loc":{"start":{"line":175,"column":6},"end":{"line":192,"column":7}},"type":"if","locations":[{"start":{"line":175,"column":6},"end":{"line":192,"column":7}},{"start":{},"end":{}}],"line":175},"9":{"loc":{"start":{"line":184,"column":12},"end":{"line":187,"column":13}},"type":"if","locations":[{"start":{"line":184,"column":12},"end":{"line":187,"column":13}},{"start":{},"end":{}}],"line":184},"10":{"loc":{"start":{"line":185,"column":46},"end":{"line":185,"column":73}},"type":"binary-expr","locations":[{"start":{"line":185,"column":46},"end":{"line":185,"column":59}},{"start":{"line":185,"column":63},"end":{"line":185,"column":73}}],"line":185},"11":{"loc":{"start":{"line":198,"column":4},"end":{"line":198,"column":69}},"type":"if","locations":[{"start":{"line":198,"column":4},"end":{"line":198,"column":69}},{"start":{},"end":{}}],"line":198},"12":{"loc":{"start":{"line":198,"column":8},"end":{"line":198,"column":60}},"type":"binary-expr","locations":[{"start":{"line":198,"column":8},"end":{"line":198,"column":27}},{"start":{"line":198,"column":31},"end":{"line":198,"column":60}}],"line":198},"13":{"loc":{"start":{"line":201,"column":17},"end":{"line":201,"column":40}},"type":"binary-expr","locations":[{"start":{"line":201,"column":17},"end":{"line":201,"column":32}},{"start":{"line":201,"column":36},"end":{"line":201,"column":40}}],"line":201},"14":{"loc":{"start":{"line":218,"column":6},"end":{"line":221,"column":7}},"type":"if","locations":[{"start":{"line":218,"column":6},"end":{"line":221,"column":7}},{"start":{},"end":{}}],"line":218},"15":{"loc":{"start":{"line":253,"column":4},"end":{"line":253,"column":38}},"type":"if","locations":[{"start":{"line":253,"column":4},"end":{"line":253,"column":38}},{"start":{},"end":{}}],"line":253},"16":{"loc":{"start":{"line":256,"column":4},"end":{"line":259,"column":5}},"type":"if","locations":[{"start":{"line":256,"column":4},"end":{"line":259,"column":5}},{"start":{},"end":{}}],"line":256},"17":{"loc":{"start":{"line":269,"column":6},"end":{"line":273,"column":7}},"type":"if","locations":[{"start":{"line":269,"column":6},"end":{"line":273,"column":7}},{"start":{},"end":{}}],"line":269},"18":{"loc":{"start":{"line":284,"column":6},"end":{"line":288,"column":7}},"type":"if","locations":[{"start":{"line":284,"column":6},"end":{"line":288,"column":7}},{"start":{},"end":{}}],"line":284},"19":{"loc":{"start":{"line":290,"column":6},"end":{"line":294,"column":7}},"type":"if","locations":[{"start":{"line":290,"column":6},"end":{"line":294,"column":7}},{"start":{},"end":{}}],"line":290},"20":{"loc":{"start":{"line":312,"column":4},"end":{"line":316,"column":5}},"type":"if","locations":[{"start":{"line":312,"column":4},"end":{"line":316,"column":5}},{"start":{"line":314,"column":11},"end":{"line":316,"column":5}}],"line":312},"21":{"loc":{"start":{"line":332,"column":4},"end":{"line":346,"column":5}},"type":"if","locations":[{"start":{"line":332,"column":4},"end":{"line":346,"column":5}},{"start":{},"end":{}}],"line":332},"22":{"loc":{"start":{"line":339,"column":8},"end":{"line":342,"column":9}},"type":"if","locations":[{"start":{"line":339,"column":8},"end":{"line":342,"column":9}},{"start":{},"end":{}}],"line":339},"23":{"loc":{"start":{"line":348,"column":22},"end":{"line":350,"column":32}},"type":"cond-expr","locations":[{"start":{"line":349,"column":8},"end":{"line":349,"column":70}},{"start":{"line":350,"column":8},"end":{"line":350,"column":32}}],"line":348},"24":{"loc":{"start":{"line":356,"column":15},"end":{"line":356,"column":29}},"type":"binary-expr","locations":[{"start":{"line":356,"column":15},"end":{"line":356,"column":21}},{"start":{"line":356,"column":25},"end":{"line":356,"column":29}}],"line":356},"25":{"loc":{"start":{"line":360,"column":4},"end":{"line":369,"column":5}},"type":"if","locations":[{"start":{"line":360,"column":4},"end":{"line":369,"column":5}},{"start":{},"end":{}}],"line":360},"26":{"loc":{"start":{"line":371,"column":4},"end":{"line":396,"column":5}},"type":"if","locations":[{"start":{"line":371,"column":4},"end":{"line":396,"column":5}},{"start":{"line":384,"column":11},"end":{"line":396,"column":5}}],"line":371},"27":{"loc":{"start":{"line":371,"column":8},"end":{"line":371,"column":31}},"type":"binary-expr","locations":[{"start":{"line":371,"column":8},"end":{"line":371,"column":18}},{"start":{"line":371,"column":22},"end":{"line":371,"column":31}}],"line":371},"28":{"loc":{"start":{"line":378,"column":9},"end":{"line":378,"column":23}},"type":"binary-expr","locations":[{"start":{"line":378,"column":9},"end":{"line":378,"column":15}},{"start":{"line":378,"column":19},"end":{"line":378,"column":23}}],"line":378},"29":{"loc":{"start":{"line":380,"column":6},"end":{"line":383,"column":7}},"type":"if","locations":[{"start":{"line":380,"column":6},"end":{"line":383,"column":7}},{"start":{},"end":{}}],"line":380},"30":{"loc":{"start":{"line":394,"column":17},"end":{"line":394,"column":31}},"type":"binary-expr","locations":[{"start":{"line":394,"column":17},"end":{"line":394,"column":23}},{"start":{"line":394,"column":27},"end":{"line":394,"column":31}}],"line":394},"31":{"loc":{"start":{"line":399,"column":4},"end":{"line":404,"column":5}},"type":"if","locations":[{"start":{"line":399,"column":4},"end":{"line":404,"column":5}},{"start":{"line":402,"column":11},"end":{"line":404,"column":5}}],"line":399},"32":{"loc":{"start":{"line":411,"column":4},"end":{"line":413,"column":5}},"type":"if","locations":[{"start":{"line":411,"column":4},"end":{"line":413,"column":5}},{"start":{},"end":{}}],"line":411},"33":{"loc":{"start":{"line":430,"column":4},"end":{"line":430,"column":48}},"type":"if","locations":[{"start":{"line":430,"column":4},"end":{"line":430,"column":48}},{"start":{},"end":{}}],"line":430},"34":{"loc":{"start":{"line":430,"column":8},"end":{"line":430,"column":39}},"type":"binary-expr","locations":[{"start":{"line":430,"column":8},"end":{"line":430,"column":25}},{"start":{"line":430,"column":29},"end":{"line":430,"column":39}}],"line":430},"35":{"loc":{"start":{"line":440,"column":6},"end":{"line":457,"column":7}},"type":"if","locations":[{"start":{"line":440,"column":6},"end":{"line":457,"column":7}},{"start":{},"end":{}}],"line":440},"36":{"loc":{"start":{"line":443,"column":8},"end":{"line":448,"column":9}},"type":"if","locations":[{"start":{"line":443,"column":8},"end":{"line":448,"column":9}},{"start":{},"end":{}}],"line":443},"37":{"loc":{"start":{"line":445,"column":10},"end":{"line":447,"column":11}},"type":"if","locations":[{"start":{"line":445,"column":10},"end":{"line":447,"column":11}},{"start":{},"end":{}}],"line":445},"38":{"loc":{"start":{"line":445,"column":14},"end":{"line":445,"column":65}},"type":"binary-expr","locations":[{"start":{"line":445,"column":14},"end":{"line":445,"column":28}},{"start":{"line":445,"column":32},"end":{"line":445,"column":65}}],"line":445},"39":{"loc":{"start":{"line":451,"column":17},"end":{"line":451,"column":89}},"type":"binary-expr","locations":[{"start":{"line":451,"column":17},"end":{"line":451,"column":76}},{"start":{"line":451,"column":80},"end":{"line":451,"column":89}}],"line":451},"40":{"loc":{"start":{"line":452,"column":18},"end":{"line":452,"column":29}},"type":"binary-expr","locations":[{"start":{"line":452,"column":18},"end":{"line":452,"column":24}},{"start":{"line":452,"column":28},"end":{"line":452,"column":29}}],"line":452},"41":{"loc":{"start":{"line":459,"column":6},"end":{"line":463,"column":7}},"type":"if","locations":[{"start":{"line":459,"column":6},"end":{"line":463,"column":7}},{"start":{},"end":{}}],"line":459},"42":{"loc":{"start":{"line":494,"column":9},"end":{"line":635,"column":9}},"type":"cond-expr","locations":[{"start":{"line":495,"column":10},"end":{"line":508,"column":17}},{"start":{"line":510,"column":10},"end":{"line":634,"column":13}}],"line":494},"43":{"loc":{"start":{"line":497,"column":29},"end":{"line":497,"column":104}},"type":"binary-expr","locations":[{"start":{"line":497,"column":29},"end":{"line":497,"column":39}},{"start":{"line":497,"column":43},"end":{"line":497,"column":104}}],"line":497},"44":{"loc":{"start":{"line":514,"column":17},"end":{"line":514,"column":67}},"type":"cond-expr","locations":[{"start":{"line":514,"column":30},"end":{"line":514,"column":48}},{"start":{"line":514,"column":51},"end":{"line":514,"column":67}}],"line":514},"45":{"loc":{"start":{"line":517,"column":17},"end":{"line":517,"column":67}},"type":"binary-expr","locations":[{"start":{"line":517,"column":17},"end":{"line":517,"column":26}},{"start":{"line":517,"column":30},"end":{"line":517,"column":67}}],"line":517},"46":{"loc":{"start":{"line":523,"column":13},"end":{"line":571,"column":13}},"type":"binary-expr","locations":[{"start":{"line":523,"column":13},"end":{"line":523,"column":24}},{"start":{"line":524,"column":14},"end":{"line":570,"column":21}}],"line":523},"47":{"loc":{"start":{"line":574,"column":13},"end":{"line":576,"column":13}},"type":"binary-expr","locations":[{"start":{"line":574,"column":13},"end":{"line":574,"column":26}},{"start":{"line":574,"column":30},"end":{"line":574,"column":42}},{"start":{"line":575,"column":14},"end":{"line":575,"column":104}}],"line":574},"48":{"loc":{"start":{"line":583,"column":26},"end":{"line":583,"column":52}},"type":"binary-expr","locations":[{"start":{"line":583,"column":26},"end":{"line":583,"column":36}},{"start":{"line":583,"column":40},"end":{"line":583,"column":52}}],"line":583},"49":{"loc":{"start":{"line":588,"column":35},"end":{"line":588,"column":70}},"type":"cond-expr","locations":[{"start":{"line":588,"column":49},"end":{"line":588,"column":58}},{"start":{"line":588,"column":61},"end":{"line":588,"column":70}}],"line":588},"50":{"loc":{"start":{"line":592,"column":31},"end":{"line":592,"column":66}},"type":"cond-expr","locations":[{"start":{"line":592,"column":45},"end":{"line":592,"column":54}},{"start":{"line":592,"column":57},"end":{"line":592,"column":66}}],"line":592},"51":{"loc":{"start":{"line":595,"column":17},"end":{"line":599,"column":17}},"type":"cond-expr","locations":[{"start":{"line":596,"column":18},"end":{"line":596,"column":69}},{"start":{"line":598,"column":18},"end":{"line":598,"column":51}}],"line":595},"52":{"loc":{"start":{"line":607,"column":31},"end":{"line":607,"column":66}},"type":"binary-expr","locations":[{"start":{"line":607,"column":31},"end":{"line":607,"column":41}},{"start":{"line":607,"column":45},"end":{"line":607,"column":66}}],"line":607},"53":{"loc":{"start":{"line":608,"column":40},"end":{"line":608,"column":74}},"type":"cond-expr","locations":[{"start":{"line":608,"column":53},"end":{"line":608,"column":62}},{"start":{"line":608,"column":65},"end":{"line":608,"column":74}}],"line":608},"54":{"loc":{"start":{"line":620,"column":52},"end":{"line":620,"column":94}},"type":"cond-expr","locations":[{"start":{"line":620,"column":65},"end":{"line":620,"column":79}},{"start":{"line":620,"column":82},"end":{"line":620,"column":94}}],"line":620},"55":{"loc":{"start":{"line":622,"column":26},"end":{"line":622,"column":51}},"type":"binary-expr","locations":[{"start":{"line":622,"column":26},"end":{"line":622,"column":36}},{"start":{"line":622,"column":40},"end":{"line":622,"column":51}}],"line":622},"56":{"loc":{"start":{"line":624,"column":17},"end":{"line":631,"column":17}},"type":"cond-expr","locations":[{"start":{"line":625,"column":18},"end":{"line":625,"column":68}},{"start":{"line":627,"column":18},"end":{"line":630,"column":21}}],"line":624}},"s":{"0":0,"1":0,"2":0,"3":0,"4":0,"5":0,"6":0,"7":0,"8":0,"9":0,"10":0,"11":0,"12":0,"13":0,"14":0,"15":0,"16":0,"17":0,"18":0,"19":0,"20":0,"21":0,"22":0,"23":0,"24":0,"25":0,"26":0,"27":0,"28":0,"29":0,"30":0,"31":0,"32":0,"33":0,"34":0,"35":0,"36":0,"37":0,"38":0,"39":0,"40":0,"41":0,"42":0,"43":0,"44":0,"45":0,"46":0,"47":0,"48":0,"49":0,"50":0,"51":0,"52":0,"53":0,"54":0,"55":0,"56":0,"57":0,"58":0,"59":0,"60":0,"61":0,"62":0,"63":0,"64":0,"65":0,"66":0,"67":0,"68":0,"69":0,"70":0,"71":0,"72":0,"73":0,"74":0,"75":0,"76":0,"77":0,"78":0,"79":0,"80":0,"81":0,"82":0,"83":0,"84":0,"85":0,"86":0,"87":0,"88":0,"89":0,"90":0,"91":0,"92":0,"93":0,"94":0,"95":0,"96":0,"97":0,"98":0,"99":0,"100":0,"101":0,"102":0,"103":0,"104":0,"105":0,"106":0,"107":0,"108":0,"109":0,"110":0,"111":0,"112":0,"113":0,"114":0,"115":0,"116":0,"117":0,"118":0,"119":0,"120":0,"121":0,"122":0,"123":0,"124":0,"125":0,"126":0,"127":0,"128":0,"129":0,"130":0,"131":0,"132":0,"133":0,"134":0
[...]
,"C:\\Codingg\\Duasaku\\src\\lib\\transactionService.ts": {"path":"C:\\Codingg\\Duasaku\\src\\lib\\transactionService.ts","statementMap":{"0":{"start":{"line":14,"column":19},"end":{"line":14,"column":35}},"1":{"start":{"line":17,"column":2},"end":{"line":38,"column":3}},"2":{"start":{"line":18,"column":4},"end":{"line":31,"column":5}},"3":{"start":{"line":19,"column":24},"end":{"line":22,"column":21}},"4":{"start":{"line":24,"column":6},"end":{"line":24,"column":29}},"5":{"start":{"line":24,"column":17},"end":{"line":24,"column":29}},"6":{"start":{"line":25,"column":6},"end":{"line":25,"column":31}},"7":{"start":{"line":27,"column":6},"end":{"line":27,"column":62}},"8":{"start":{"line":30,"column":6},"end":{"line":30,"column":44}},"9":{"start":{"line":36,"column":4},"end":{"line":36,"column":95}},"10":{"start":{"line":37,"column":4},"end":{"line":37,"column":68}},"11":{"start":{"line":45,"column":19},"end":{"line":45,"column":35}},"12":{"start":{"line":46,"column":2},"end":{"line":53,"column":3}},"13":{"start":{"line":47,"column":22},"end":{"line":50,"column":19}},"14":{"start":{"line":51,"column":4},"end":{"line":51,"column":27}},"15":{"start":{"line":51,"column":15},"end":{"line":51,"column":27}},"16":{"start":{"line":52,"column":4},"end":{"line":52,"column":29}},"17":{"start":{"line":54,"column":2},"end":{"line":54,"column":67}}},"fnMap":{"0":{"name":"updateTransaction","decl":{"start":{"line":9,"column":22},"end":{"line":9,"column":39}},"loc":{"start":{"line":13,"column":2},"end":{"line":39,"column":1}},"line":13},"1":{"name":"deleteTransaction","decl":{"start":{"line":44,"column":22},"end":{"line":44,"column":39}},"loc":{"start":{"line":44,"column":52},"end":{"line":55,"column":1}},"line":44}},"branchMap":{"0":{"loc":{"start":{"line":17,"column":2},"end":{"line":38,"column":3}},"type":"if","locations":[{"start":{"line":17,"column":2},"end":{"line":38,"column":3}},{"start":{"line":32,"column":9},"end":{"line":38,"column":3}}],"line":17},"1":{"loc":{"start":{"line":24,"column":6},"end":{"line":24,"column":29}},"type":"if","locations":[{"start":{"line":24,"column":6},"end":{"line":24,"column":29}},{"start":{},"end":{}}],"line":24},"2":{"loc":{"start":{"line":46,"column":2},"end":{"line":53,"column":3}},"type":"if","locations":[{"start":{"line":46,"column":2},"end":{"line":53,"column":3}},{"start":{},"end":{}}],"line":46},"3":{"loc":{"start":{"line":51,"column":4},"end":{"line":51,"column":27}},"type":"if","locations":[{"start":{"line":51,"column":4},"end":{"line":51,"column":27}},{"start":{},"end":{}}],"line":51}},"s":{"0":0,"1":0,"2":0,"3":0,"4":0,"5":0,"6":0,"7":0,"8":0,"9":0,"10":0,"11":0,"12":0,"13":0,"14":0,"15":0,"16":0,"17":0},"f":{"0":0,"1":0},"b":{"0":[0,0],"1":[0,0],"2":[0,0],"3":[0,0]}}
,"C:\\Codingg\\Duasaku\\src\\store\\useCategoryStore.ts": {"path":"C:\\Codingg\\Duasaku\\src\\store\\useCategoryStore.ts","statementMap":{"0":{"start":{"line":14,"column":115},"end":{"line":32,"column":1}},"1":{"start":{"line":44,"column":32},"end":{"line":116,"column":1}},"2":{"start":{"line":46,"column":19},"end":{"line":110,"column":5}},"3":{"start":{"line":50,"column":8},"end":{"line":50,"column":85}},"4":{"start":{"line":50,"column":24},"end":{"line":50,"column":83}},"5":{"start":{"line":52,"column":8},"end":{"line":54,"column":11}},"6":{"start":{"line":52,"column":24},"end":{"line":54,"column":9}},"7":{"start":{"line":53,"column":65},"end":{"line":53,"column":76}},"8":{"start":{"line":56,"column":8},"end":{"line":58,"column":11}},"9":{"start":{"line":56,"column":24},"end":{"line":58,"column":9}},"10":{"start":{"line":60,"column":54},"end":{"line":60,"column":59}},"11":{"start":{"line":61,"column":23},"end":{"line":67,"column":11}},"12":{"start":{"line":61,"column":50},"end":{"line":67,"column":9}},"13":{"start":{"line":69,"column":25},"end":{"line":72,"column":11}},"14":{"start":{"line":69,"column":54},"end":{"line":72,"column":9}},"15":{"start":{"line":74,"column":8},"end":{"line":74,"column":40}},"16":{"start":{"line":77,"column":54},"end":{"line":77,"column":59}},"17":{"start":{"line":80,"column":36},"end":{"line":91,"column":11}},"18":{"start":{"line":83,"column":39},"end":{"line":90,"column":13}},"19":{"start":{"line":93,"column":8},"end":{"line":93,"column":82}},"20":{"start":{"line":93,"column":22},"end":{"line":93,"column":82}},"21":{"start":{"line":96,"column":30},"end":{"line":100,"column":11}},"22":{"start":{"line":96,"column":87},"end":{"line":100,"column":9}},"23":{"start":{"line":102,"column":8},"end":{"line":108,"column":9}},"24":{"start":{"line":103,"column":41},"end":{"line":105,"column":75}},"25":{"start":{"line":107,"column":10},"end":{"line":107,"column":87}},"26":{"start":{"line":107,"column":27},"end":{"line":107,"column":87}},"27":{"start":{"line":113,"column":39},"end":{"line":113,"column":50}}},"fnMap":{"0":{"name":"(anonymous_0)","decl":{"start":{"line":46,"column":4},"end":{"line":46,"column":5}},"loc":{"start":{"line":46,"column":19},"end":{"line":110,"column":5}},"line":46},"1":{"name":"(anonymous_1)","decl":{"start":{"line":49,"column":25},"end":{"line":49,"column":26}},"loc":{"start":{"line":50,"column":8},"end":{"line":50,"column":85}},"line":50},"2":{"name":"(anonymous_2)","decl":{"start":{"line":50,"column":12},"end":{"line":50,"column":13}},"loc":{"start":{"line":50,"column":24},"end":{"line":50,"column":83}},"line":50},"3":{"name":"(anonymous_3)","decl":{"start":{"line":51,"column":28},"end":{"line":51,"column":29}},"loc":{"start":{"line":52,"column":8},"end":{"line":54,"column":11}},"line":52},"4":{"name":"(anonymous_4)","decl":{"start":{"line":52,"column":12},"end":{"line":52,"column":13}},"loc":{"start":{"line":52,"column":24},"end":{"line":54,"column":9}},"line":52},"5":{"name":"(anonymous_5)","decl":{"start":{"line":53,"column":58},"end":{"line":53,"column":59}},"loc":{"start":{"line":53,"column":65},"end":{"line":53,"column":76}},"line":53},"6":{"name":"(anonymous_6)","decl":{"start":{"line":55,"column":25},"end":{"line":55,"column":26}},"loc":{"start":{"line":56,"column":8},"end":{"line":58,"column":11}},"line":56},"7":{"name":"(anonymous_7)","decl":{"start":{"line":56,"column":12},"end":{"line":56,"column":13}},"loc":{"start":{"line":56,"column":24},"end":{"line":58,"column":9}},"line":56},"8":{"name":"(anonymous_8)","decl":{"start":{"line":59,"column":24},"end":{"line":59,"column":25}},"loc":{"start":{"line":59,"column":30},"end":{"line":75,"column":7}},"line":59},"9":{"name":"(anonymous_9)","decl":{"start":{"line":61,"column":44},"end":{"line":61,"column":45}},"loc":{"start":{"line":61,"column":50},"end":{"line":67,"column":9}},"line":61},"10":{"name":"(anonymous_10)","decl":{"start":{"line":69,"column":48},"end":{"line":69,"column":49}},"loc":{"start":{"line":69,"column":54},"end":{"line":72,"column":9}},"line":69},"11":{"name":"(anonymous_11)","decl":{"start":{"line":76,"column":21},"end":{"line":76,"column":22}},"loc":{"start":{"line":76,"column":39},"end":{"line":109,"column":7}},"line":76},"12":{"name":"(anonymous_12)","decl":{"start":{"line":83,"column":33},"end":{"line":83,"column":34}},"loc":{"start":{"line":83,"column":39},"end":{"line":90,"column":13}},"line":83},"13":{"name":"(anonymous_13)","decl":{"start":{"line":96,"column":66},"end":{"line":96,"column":67}},"loc":{"start":{"line":96,"column":87},"end":{"line":100,"column":9}},"line":96},"14":{"name":"(anonymous_14)","decl":{"start":{"line":113,"column":33},"end":{"line":113,"column":34}},"loc":{"start":{"line":113,"column":39},"end":{"line":113,"column":50}},"line":113}},"branchMap":{"0":{"loc":{"start":{"line":66,"column":18},"end":{"line":66,"column":59}},"type":"binary-expr","locations":[{"start":{"line":66,"column":18},"end":{"line":66,"column":41}},{"start":{"line":66,"column":45},"end":{"line":66,"column":59}}],"line":66},"1":{"loc":{"start":{"line":93,"column":8},"end":{"line":93,"column":82}},"type":"if","locations":[{"start":{"line":93,"column":8},"end":{"line":93,"column":82}},{"start":{},"end":{}}],"line":93},"2":{"loc":{"start":{"line":102,"column":8},"end":{"line":108,"column":9}},"type":"if","locations":[{"start":{"line":102,"column":8},"end":{"line":108,"column":9}},{"start":{},"end":{}}],"line":102},"3":{"loc":{"start":{"line":107,"column":10},"end":{"line":107,"column":87}},"type":"if","locations":[{"start":{"line":107,"column":10},"end":{"line":107,"column":87}},{"start":{},"end":{}}],"line":107}},"s":{"0":0,"1":0,"2":0,"3":0,"4":0,"5":0,"6":0,"7":0,"8":0,"9":0,"10":0,"11":0,"12":0,"13":0,"14":0,"15":0,"16":0,"17":0,"18":0,"19":0,"20":0,"21":0,"22":0,"23":0,"24":0,"25":0,"26":0,"27":0},"f":{"0":0,"1":0,"2":0,"3":0,"4":0,"5":0,"6":0,"7":0,"8":0,"9":0,"10":0,"11":0,"12":0,"13":0,"14":0},"b":{"0":[0,0],"1":[0,0],"2":[0,0],"3":[0,0]}}
,"C:\\Codingg\\Duasaku\\src\\store\\useNotificationLogStore.ts": {"path":"C:\\Codingg\\Duasaku\\src\\store\\useNotificationLogStore.ts","statementMap":{"0":{"start":{"line":22,"column":39},"end":{"line":43,"column":1}},"1":{"start":{"line":24,"column":14},"end":{"line":37,"column":5}},"2":{"start":{"line":26,"column":23},"end":{"line":35,"column":9}},"3":{"start":{"line":26,"column":39},"end":{"line":35,"column":7}},"4":{"start":{"line":36,"column":23},"end":{"line":36,"column":40}},"5":{"start":{"line":40,"column":39},"end":{"line":40,"column":50}}},"fnMap":{"0":{"name":"(anonymous_0)","decl":{"start":{"line":24,"column":4},"end":{"line":24,"column":5}},"loc":{"start":{"line":24,"column":14},"end":{"line":37,"column":5}},"line":24},"1":{"name":"(anonymous_1)","decl":{"start":{"line":26,"column":14},"end":{"line":26,"column":15}},"loc":{"start":{"line":26,"column":23},"end":{"line":35,"column":9}},"line":26},"2":{"name":"(anonymous_2)","decl":{"start":{"line":26,"column":27},"end":{"line":26,"column":28}},"loc":{"start":{"line":26,"column":39},"end":{"line":35,"column":7}},"line":26},"3":{"name":"(anonymous_3)","decl":{"start":{"line":36,"column":17},"end":{"line":36,"column":18}},"loc":{"start":{"line":36,"column":23},"end":{"line":36,"column":40}},"line":36},"4":{"name":"(anonymous_4)","decl":{"start":{"line":40,"column":33},"end":{"line":40,"column":34}},"loc":{"start":{"line":40,"column":39},"end":{"line":40,"column":50}},"line":40}},"branchMap":{},"s":{"0":0,"1":0,"2":0,"3":0,"4":0,"5":0},"f":{"0":0,"1":0,"2":0,"3":0,"4":0},"b":{}}
,"C:\\Codingg\\Duasaku\\src\\store\\useSettingsStore.ts": {"path":"C:\\Codingg\\Duasaku\\src\\store\\useSettingsStore.ts","statementMap":{"0":{"start":{"line":5,"column":16},"end":{"line":5,"column":28}},"1":{"start":{"line":7,"column":34},"end":{"line":18,"column":1}},"2":{"start":{"line":9,"column":4},"end":{"line":9,"column":36}},"3":{"start":{"line":12,"column":18},"end":{"line":12,"column":41}},"4":{"start":{"line":13,"column":4},"end":{"line":13,"column":25}},"5":{"start":{"line":16,"column":4},"end":{"line":16,"column":32}},"6":{"start":{"line":35,"column":32},"end":{"line":63,"column":1}},"7":{"start":{"line":37,"column":14},"end":{"line":57,"column":5}},"8":{"start":{"line":47,"column":30},"end":{"line":47,"column":99}},"9":{"start":{"line":47,"column":46},"end":{"line":47,"column":97}},"10":{"start":{"line":48,"column":31},"end":{"line":48,"column":102}},"11":{"start":{"line":48,"column":47},"end":{"line":48,"column":100}},"12":{"start":{"line":49,"column":37},"end":{"line":49,"column":68}},"13":{"start":{"line":50,"column":33},"end":{"line":50,"column":60}},"14":{"start":{"line":51,"column":29},"end":{"line":53,"column":9}},"15":{"start":{"line":51,"column":45},"end":{"line":53,"column":7}},"16":{"start":{"line":54,"column":32},"end":{"line":56,"column":9}},"17":{"start":{"line":54,"column":48},"end":{"line":56,"column":7}},"18":{"start":{"line":55,"column":57},"end":{"line":55,"column":66}},"19":{"start":{"line":60,"column":39},"end":{"line":60,"column":50}}},"fnMap":{"0":{"name":"(anonymous_0)","decl":{"start":{"line":8,"column":11},"end":{"line":8,"column":12}},"loc":{"start":{"line":8,"column":28},"end":{"line":10,"column":3}},"line":8},"1":{"name":"(anonymous_1)","decl":{"start":{"line":11,"column":11},"end":{"line":11,"column":12}},"loc":{"start":{"line":11,"column":21},"end":{"line":14,"column":3}},"line":11},"2":{"name":"(anonymous_2)","decl":{"start":{"line":15,"column":14},"end":{"line":15,"column":15}},"loc":{"start":{"line":15,"column":24},"end":{"line":17,"column":3}},"line":15},"3":{"name":"(anonymous_3)","decl":{"start":{"line":37,"column":4},"end":{"line":37,"column":5}},"loc":{"start":{"line":37,"column":14},"end":{"line":57,"column":5}},"line":37},"4":{"name":"(anonymous_4)","decl":{"start":{"line":47,"column":24},"end":{"line":47,"column":25}},"loc":{"start":{"line":47,"column":30},"end":{"line":47,"column":99}},"line":47},"5":{"name":"(anonymous_5)","decl":{"start":{"line":47,"column":34},"end":{"line":47,"column":35}},"loc":{"start":{"line":47,"column":46},"end":{"line":47,"column":97}},"line":47},"6":{"name":"(anonymous_6)","decl":{"start":{"line":48,"column":25},"end":{"line":48,"column":26}},"loc":{"start":{"line":48,"column":31},"end":{"line":48,"column":102}},"line":48},"7":{"name":"(anonymous_7)","decl":{"start":{"line":48,"column":35},"end":{"line":48,"column":36}},"loc":{"start":{"line":48,"column":47},"end":{"line":48,"column":100}},"line":48},"8":{"name":"(anonymous_8)","decl":{"start":{"line":49,"column":24},"end":{"line":49,"column":25}},"loc":{"start":{"line":49,"column":37},"end":{"line":49,"column":68}},"line":49},"9":{"name":"(anonymous_9)","decl":{"start":{"line":50,"column":24},"end":{"line":50,"column":25}},"loc":{"start":{"line":50,"column":33},"end":{"line":50,"column":60}},"line":50},"10":{"name":"(anonymous_10)","decl":{"start":{"line":51,"column":20},"end":{"line":51,"column":21}},"loc":{"start":{"line":51,"column":29},"end":{"line":53,"column":9}},"line":51},"11":{"name":"(anonymous_11)","decl":{"start":{"line":51,"column":33},"end":{"line":51,"column":34}},"loc":{"start":{"line":51,"column":45},"end":{"line":53,"column":7}},"line":51},"12":{"name":"(anonymous_12)","decl":{"start":{"line":54,"column":23},"end":{"line":54,"column":24}},"loc":{"start":{"line":54,"column":32},"end":{"line":56,"column":9}},"line":54},"13":{"name":"(anonymous_13)","decl":{"start":{"line":54,"column":36},"end":{"line":54,"column":37}},"loc":{"start":{"line":54,"column":48},"end":{"line":56,"column":7}},"line":54},"14":{"name":"(anonymous_14)","decl":{"start":{"line":55,"column":52},"end":{"line":55,"column":53}},"loc":{"start":{"line":55,"column":57},"end":{"line":55,"column":66}},"line":55},"15":{"name":"(anonymous_15)","decl":{"start":{"line":60,"column":33},"end":{"line":60,"column":34}},"loc":{"start":{"line":60,"column":39},"end":{"line":60,"column":50}},"line":60}},"branchMap":{"0":{"loc":{"start":{"line":13,"column":11},"end":{"line":13,"column":24}},"type":"binary-expr","locations":[{"start":{"line":13,"column":11},"end":{"line":13,"column":16}},{"start":{"line":13,"column":20},"end":{"line":13,"column":24}}],"line":13},"1":{"loc":{"start":{"line":52,"column":24},"end":{"line":52,"column":114}},"type":"cond-expr","locations":[{"start":{"line":52,"column":61},"end":{"line":52,"column":81}},{"start":{"line":52,"column":84},"end":{"line":52,"column":114}}],"line":52}},"s":{"0":0,"1":0,"2":0,"3":0,"4":0,"5":0,"6":0,"7":0,"8":0,"9":0,"10":0,"11":0,"12":0,"13":0,"14":0,"15":0,"16":0,"17":0,"18":0,"19":0},"f":{"0":0,"1":0,"2":0,"3":0,"4":0,"5":0,"6":0,"7":0,"8":0,"9":0,"10":0,"11":0,"12":0,"13":0,"14":0,"15":0},"b":{"0":[0,0],"1":[0,0]}}
,"C:\\Codingg\\Duasaku\\src\\store\\useUserStore.ts": {"path":"C:\\Codingg\\Duasaku\\src\\store\\useUserStore.ts","statementMap":{"0":{"start":{"line":7,"column":16},"end":{"line":9,"column":2}},"1":{"start":{"line":11,"column":34},"end":{"line":22,"column":1}},"2":{"start":{"line":13,"column":4},"end":{"line":13,"column":36}},"3":{"start":{"line":16,"column":18},"end":{"line":16,"column":41}},"4":{"start":{"line":17,"column":4},"end":{"line":17,"column":25}},"5":{"start":{"line":20,"column":4},"end":{"line":20,"column":32}},"6":{"start":{"line":40,"column":28},"end":{"line":69,"column":1}},"7":{"start":{"line":42,"column":14},"end":{"line":57,"column":5}},"8":{"start":{"line":50,"column":40},"end":{"line":50,"column":78}},"9":{"start":{"line":51,"column":31},"end":{"line":51,"column":47}},"10":{"start":{"line":53,"column":8},"end":{"line":53,"column":34}},"11":{"start":{"line":54,"column":8},"end":{"line":54,"column":32}},"12":{"start":{"line":56,"column":40},"end":{"line":56,"column":74}},"13":{"start":{"line":60,"column":39},"end":{"line":60,"column":50}},"14":{"start":{"line":61,"column":30},"end":{"line":66,"column":7}}},"fnMap":{"0":{"name":"(anonymous_0)","decl":{"start":{"line":12,"column":11},"end":{"line":12,"column":12}},"loc":{"start":{"line":12,"column":28},"end":{"line":14,"column":3}},"line":12},"1":{"name":"(anonymous_1)","decl":{"start":{"line":15,"column":11},"end":{"line":15,"column":12}},"loc":{"start":{"line":15,"column":21},"end":{"line":18,"column":3}},"line":15},"2":{"name":"(anonymous_2)","decl":{"start":{"line":19,"column":14},"end":{"line":19,"column":15}},"loc":{"start":{"line":19,"column":24},"end":{"line":21,"column":3}},"line":19},"3":{"name":"(anonymous_3)","decl":{"start":{"line":42,"column":4},"end":{"line":42,"column":5}},"loc":{"start":{"line":42,"column":14},"end":{"line":57,"column":5}},"line":42},"4":{"name":"(anonymous_4)","decl":{"start":{"line":50,"column":22},"end":{"line":50,"column":23}},"loc":{"start":{"line":50,"column":40},"end":{"line":50,"column":78}},"line":50},"5":{"name":"(anonymous_5)","decl":{"start":{"line":51,"column":18},"end":{"line":51,"column":19}},"loc":{"start":{"line":51,"column":31},"end":{"line":51,"column":47}},"line":51},"6":{"name":"(anonymous_6)","decl":{"start":{"line":52,"column":19},"end":{"line":52,"column":20}},"loc":{"start":{"line":52,"column":29},"end":{"line":55,"column":7}},"line":52},"7":{"name":"(anonymous_7)","decl":{"start":{"line":56,"column":27},"end":{"line":56,"column":28}},"loc":{"start":{"line":56,"column":40},"end":{"line":56,"column":74}},"line":56},"8":{"name":"(anonymous_8)","decl":{"start":{"line":60,"column":33},"end":{"line":60,"column":34}},"loc":{"start":{"line":60,"column":39},"end":{"line":60,"column":50}},"line":60},"9":{"name":"(anonymous_9)","decl":{"start":{"line":61,"column":18},"end":{"line":61,"column":19}},"loc":{"start":{"line":61,"column":30},"end":{"line":66,"column":7}},"line":61}},"branchMap":{"0":{"loc":{"start":{"line":17,"column":11},"end":{"line":17,"column":24}},"type":"binary-expr","locations":[{"start":{"line":17,"column":11},"end":{"line":17,"column":16}},{"start":{"line":17,"column":20},"end":{"line":17,"column":24}}],"line":17}},"s":{"0":0,"1":0,"2":0,"3":0,"4":0,"5":0,"6":0,"7":0,"8":0,"9":0,"10":0,"11":0,"12":0,"13":0,"14":0},"f":{"0":0,"1":0,"2":0,"3":0,"4":0,"5":0,"6":0,"7":0,"8":0,"9":0},"b":{"0":[0,0]}}
}
