TN:
SF:src\components\AddBudgetSheet.tsx
FN:38,(anonymous_0)
FN:55,(anonymous_1)
FN:58,(anonymous_2)
FN:72,(anonymous_3)
FN:83,(anonymous_4)
FN:89,(anonymous_5)
FN:95,(anonymous_6)
FN:158,(anonymous_7)
FN:168,(anonymous_8)
FN:232,(anonymous_9)
FN:261,(anonymous_10)
FN:283,(anonymous_11)
FN:300,(anonymous_12)
FN:305,(anonymous_13)
FN:393,(anonymous_14)
FN:396,(anonymous_15)
FN:457,(anonymous_16)
FN:462,(anonymous_17)
FN:465,(anonymous_18)
FNF:19
FNH:0
FNDA:0,(anonymous_0)
FNDA:0,(anonymous_1)
FNDA:0,(anonymous_2)
FNDA:0,(anonymous_3)
FNDA:0,(anonymous_4)
FNDA:0,(anonymous_5)
FNDA:0,(anonymous_6)
FNDA:0,(anonymous_7)
FNDA:0,(anonymous_8)
FNDA:0,(anonymous_9)
FNDA:0,(anonymous_10)
FNDA:0,(anonymous_11)
FNDA:0,(anonymous_12)
FNDA:0,(anonymous_13)
FNDA:0,(anonymous_14)
FNDA:0,(anonymous_15)
FNDA:0,(anonymous_16)
FNDA:0,(anonymous_17)
FNDA:0,(anonymous_18)
DA:37,0
DA:39,0
DA:40,0
DA:41,0
DA:42,0
DA:44,0
DA:45,0
DA:46,0
DA:47,0
DA:48,0
DA:51,0
DA:52,0
DA:53,0
DA:55,0
DA:58,0
DA:59,0
DA:60,0
DA:61,0
DA:62,0
DA:64,0
DA:65,0
DA:66,0
DA:68,0
DA:71,0
DA:73,0
DA:74,0
DA:75,0
DA:76,0
DA:77,0
DA:83,0
DA:84,0
DA:85,0
DA:86,0
DA:89,0
DA:91,0
DA:92,0
DA:95,0
DA:96,0
DA:98,0
DA:99,0
DA:100,0
DA:101,0
DA:103,0
DA:109,0
DA:112,0
DA:113,0
DA:114,0
DA:117,0
DA:118,0
DA:119,0
DA:120,0
DA:123,0
DA:124,0
DA:125,0
DA:128,0
DA:129,0
DA:131,0
DA:132,0
DA:135,0
DA:136,0
DA:140,0
DA:142,0
DA:143,0
DA:144,0
DA:145,0
DA:147,0
DA:148,0
DA:151,0
DA:152,0
DA:154,0
DA:158,0
DA:159,0
DA:160,0
DA:161,0
DA:162,0
DA:163,0
DA:164,0
DA:165,0
DA:168,0
DA:169,0
DA:170,0
DA:171,0
DA:175,0
DA:178,0
DA:233,0
DA:234,0
DA:261,0
DA:284,0
DA:285,0
DA:301,0
DA:302,0
DA:306,0
DA:307,0
DA:394,0
DA:397,0
DA:398,0
DA:457,0
DA:463,0
DA:466,0
DA:467,0
DA:538,0
LF:101
LH:0
BRDA:55,0,0,0
BRDA:55,0,1,0
BRDA:59,1,0,0
BRDA:59,1,1,0
BRDA:62,2,0,0
BRDA:62,2,1,0
BRDA:73,3,0,0
BRDA:73,3,1,0
BRDA:85,4,0,0
BRDA:85,4,1,0
BRDA:98,5,0,0
BRDA:98,5,1,0
BRDA:99,6,0,0
BRDA:99,6,1,0
BRDA:112,7,0,0
BRDA:112,7,1,0
BRDA:118,8,0,0
BRDA:118,8,1,0
BRDA:118,9,0,0
BRDA:118,9,1,0
BRDA:123,10,0,0
BRDA:123,10,1,0
BRDA:132,11,0,0
BRDA:132,11,1,0
BRDA:135,12,0,0
BRDA:135,12,1,0
BRDA:142,13,0,0
BRDA:142,13,1,0
BRDA:147,14,0,0
BRDA:147,14,1,0
BRDA:205,15,0,0
BRDA:205,15,1,0
BRDA:205,16,0,0
BRDA:205,16,1,0
BRDA:228,17,0,0
BRDA:228,17,1,0
BRDA:313,18,0,0
BRDA:313,18,1,0
BRDA:315,19,0,0
BRDA:315,19,1,0
BRDA:324,20,0,0
BRDA:324,20,1,0
BRDA:326,21,0,0
BRDA:326,21,1,0
BRDA:331,22,0,0
BRDA:331,22,1,0
BRDA:386,23,0,0
BRDA:386,23,1,0
BRDA:406,24,0,0
BRDA:406,24,1,0
BRDA:414,25,0,0
BRDA:414,25,1,0
BRDA:417,26,0,0
BRDA:417,26,1,0
BRDA:456,27,0,0
BRDA:456,27,1,0
BRDA:475,28,0,0
BRDA:475,28,1,0
BRDA:479,29,0,0
BRDA:479,29,1,0
BRDA:480,30,0,0
BRDA:480,30,1,0
BRDA:487,31,0,0
BRDA:487,31,1,0
BRDA:506,32,0,0
BRDA:506,32,1,0
BRDA:515,33,0,0
BRDA:515,33,1,0
BRDA:527,34,0,0
BRDA:527,34,1,0
BRF:70
BRH:0
end_of_record
TN:
SF:src\components\AddRecurringSheet.tsx
FN:40,(anonymous_0)
FN:41,(anonymous_1)
FN:52,(anonymous_2)
FN:58,(anonymous_3)
FN:68,(anonymous_4)
FN:107,(anonymous_5)
FN:171,(anonymous_6)
FN:174,(anonymous_7)
FN:252,(anonymous_8)
FN:255,(anonymous_9)
FN:290,(anonymous_10)
FN:293,(anonymous_11)
FN:317,(anonymous_12)
FN:345,(anonymous_13)
FN:348,(anonymous_14)
FN:380,(anonymous_15)
FN:383,(anonymous_16)
FN:433,(anonymous_17)
FNF:18
FNH:0
FNDA:0,(anonymous_0)
FNDA:0,(anonymous_1)
FNDA:0,(anonymous_2)
FNDA:0,(anonymous_3)
FNDA:0,(anonymous_4)
FNDA:0,(anonymous_5)
FNDA:0,(anonymous_6)
FNDA:0,(anonymous_7)
FNDA:0,(anonymous_8)
FNDA:0,(anonymous_9)
FNDA:0,(anonymous_10)
FNDA:0,(anonymous_11)
FNDA:0,(anonymous_12)
FNDA:0,(anonymous_13)
FNDA:0,(anonymous_14)
FNDA:0,(anonymous_15)
FNDA:0,(anonymous_16)
FNDA:0,(anonymous_17)
DA:24,0
DA:30,0
DA:32,0
DA:39,0
DA:41,0
DA:42,0
DA:43,0
DA:44,0
DA:45,0
DA:46,0
DA:47,0
DA:48,0
DA:49,0
DA:51,0
DA:53,0
DA:58,0
DA:59,0
DA:60,0
DA:61,0
DA:62,0
DA:63,0
DA:64,0
DA:65,0
DA:68,0
DA:69,0
DA:70,0
DA:71,0
DA:72,0
DA:74,0
DA:75,0
DA:76,0
DA:79,0
DA:80,0
DA:81,0
DA:91,0
DA:92,0
DA:93,0
DA:94,0
DA:95,0
DA:97,0
DA:100,0
DA:101,0
DA:103,0
DA:107,0
DA:108,0
DA:109,0
DA:110,0
DA:111,0
DA:112,0
DA:113,0
DA:116,0
DA:172,0
DA:174,0
DA:253,0
DA:255,0
DA:291,0
DA:293,0
DA:317,0
DA:346,0
DA:348,0
DA:381,0
DA:383,0
DA:434,0
DA:435,0
DA:436,0
DA:472,0
LF:66
LH:0
BRDA:53,0,0,0
BRDA:53,0,1,0
BRDA:70,1,0,0
BRDA:70,1,1,0
BRDA:74,2,0,0
BRDA:74,2,1,0
BRDA:74,3,0,0
BRDA:74,3,1,0
BRDA:87,4,0,0
BRDA:87,4,1,0
BRDA:88,5,0,0
BRDA:88,5,1,0
BRDA:92,6,0,0
BRDA:92,6,1,0
BRDA:97,7,0,0
BRDA:97,7,1,0
BRDA:109,8,0,0
BRDA:109,8,1,0
BRDA:111,9,0,0
BRDA:111,9,1,0
BRDA:113,10,0,0
BRDA:113,10,1,0
BRDA:260,11,0,0
BRDA:260,11,1,0
BRDA:261,12,0,0
BRDA:261,12,1,0
BRDA:264,13,0,0
BRDA:264,13,1,0
BRDA:265,14,0,0
BRDA:265,14,1,0
BRDA:274,15,0,0
BRDA:274,15,1,0
BRDA:275,16,0,0
BRDA:275,16,1,0
BRDA:279,17,0,0
BRDA:279,17,1,0
BRDA:298,18,0,0
BRDA:298,18,1,0
BRDA:300,19,0,0
BRDA:300,19,1,0
BRDA:307,20,0,0
BRDA:307,20,1,0
BRDA:315,21,0,0
BRDA:315,21,1,0
BRDA:322,22,0,0
BRDA:322,22,1,0
BRDA:324,23,0,0
BRDA:324,23,1,0
BRDA:331,24,0,0
BRDA:331,24,1,0
BRDA:353,25,0,0
BRDA:353,25,1,0
BRDA:355,26,0,0
BRDA:355,26,1,0
BRDA:364,27,0,0
BRDA:364,27,1,0
BRDA:374,28,0,0
BRDA:374,28,1,0
BRDA:388,29,0,0
BRDA:388,29,1,0
BRDA:390,30,0,0
BRDA:390,30,1,0
BRDA:398,31,0,0
BRDA:398,31,1,0
BRDA:410,32,0,0
BRDA:410,32,1,0
BRDA:435,33,0,0
BRDA:435,33,1,0
BRDA:435,34,0,0
BRDA:435,34,1,0
BRDA:435,34,2,0
BRDA:436,35,0,0
BRDA:436,35,1,0
BRDA:450,36,0,0
BRDA:450,36,1,0
BRDA:457,37,0,0
BRDA:457,37,1,0
BRF:77
BRH:0
end_of_record
TN:
SF:src\components\ExpenseChart.tsx
FN:5,ExpenseChart
FNF:1
FNH:0
FNDA:0,ExpenseChart
DA:7,0
DA:15,0
LF:2
LH:0
BRF:0
BRH:0
end_of_record
TN:
SF:src\components\GoogleIcon.tsx
FN:4,(anonymous_0)
FNF:1
FNH:0
FNDA:0,(anonymous_0)
DA:4,0
DA:5,0
LF:2
LH:0
BRDA:4,0,0,0
BRF:1
BRH:0
end_of_record
TN:
SF:src\components\PremiumBackground.tsx
FN:15,(anonymous_0)
FN:19,(anonymous_1)
FN:32,(anonymous_2)
FN:41,(anonymous_3)
FNF:4
FNH:0
FNDA:0,(anonymous_0)
FNDA:0,(anonymous_1)
FNDA:0,(anonymous_2)
FNDA:0,(anonymous_3)
DA:13,0
DA:15,0
DA:16,0
DA:17,0
DA:19,0
DA:20,0
DA:25,0
DA:32,0
DA:41,0
DA:50,0
DA:67,0
LF:11
LH:0
BRF:0
BRH:0
end_of_record
TN:
SF:src\components\Skeleton.tsx
FN:11,(anonymous_0)
FNF:1
FNH:0
FNDA:0,(anonymous_0)
DA:11,0
DA:12,0
LF:2
LH:0
BRDA:11,0,0,0
BRDA:11,1,0,0
BRF:2
BRH:0
end_of_record
TN:
SF:src\components\SmartInputSheet.tsx
FN:33,getDistance
FN:50,(anonymous_1)
FN:51,(anonymous_2)
FN:83,(anonymous_3)
FN:98,(anonymous_4)
FN:115,(anonymous_5)
FN:116,(anonymous_6)
FN:124,(anonymous_7)
FN:130,(anonymous_8)
FN:136,(anonymous_9)
FN:153,(anonymous_10)
FN:157,(anonymous_11)
FN:159,(anonymous_12)
FN:197,(anonymous_13)
FN:215,(anonymous_14)
FN:242,(anonymous_15)
FN:243,(anonymous_16)
FN:252,(anonymous_17)
FN:280,(anonymous_18)
FN:311,(anonymous_19)
FN:320,(anonymous_20)
FN:363,(anonymous_21)
FN:423,(anonymous_22)
FN:429,(anonymous_23)
FN:436,(anonymous_24)
FN:477,(anonymous_25)
FN:561,(anonymous_26)
FNF:27
FNH:0
FNDA:0,getDistance
FNDA:0,(anonymous_1)
FNDA:0,(anonymous_2)
FNDA:0,(anonymous_3)
FNDA:0,(anonymous_4)
FNDA:0,(anonymous_5)
FNDA:0,(anonymous_6)
FNDA:0,(anonymous_7)
FNDA:0,(anonymous_8)
FNDA:0,(anonymous_9)
FNDA:0,(anonymous_10)
FNDA:0,(anonymous_11)
FNDA:0,(anonymous_12)
FNDA:0,(anonymous_13)
FNDA:0,(anonymous_14)
FNDA:0,(anonymous_15)
FNDA:0,(anonymous_16)
FNDA:0,(anonymous_17)
FNDA:0,(anonymous_18)
FNDA:0,(anonymous_19)
FNDA:0,(anonymous_20)
FNDA:0,(anonymous_21)
FNDA:0,(anonymous_22)
FNDA:0,(anonymous_23)
FNDA:0,(anonymous_24)
FNDA:0,(anonymous_25)
FNDA:0,(anonymous_26)
DA:34,0
DA:35,0
DA:36,0
DA:37,0
DA:38,0
DA:40,0
DA:43,0
DA:44,0
DA:47,0
DA:50,0
DA:51,0
DA:53,0
DA:54,0
DA:55,0
DA:56,0
DA:62,0
DA:81,0
DA:83,0
DA:84,0
DA:85,0
DA:86,0
DA:87,0
DA:88,0
DA:89,0
DA:90,0
DA:91,0
DA:92,0
DA:95,0
DA:96,0
DA:98,0
DA:100,0
DA:104,0
DA:105,0
DA:106,0
DA:107,0
DA:110,0
DA:113,0
DA:115,0
DA:116,0
DA:117,0
DA:118,0
DA:119,0
DA:121,0
DA:124,0
DA:125,0
DA:126,0
DA:127,0
DA:130,0
DA:131,0
DA:132,0
DA:136,0
DA:137,0
DA:138,0
DA:147,0
DA:149,0
DA:153,0
DA:157,0
DA:159,0
DA:160,0
DA:161,0
DA:162,0
DA:163,0
DA:164,0
DA:165,0
DA:166,0
DA:167,0
DA:169,0
DA:170,0
DA:171,0
DA:173,0
DA:174,0
DA:175,0
DA:176,0
DA:177,0
DA:178,0
DA:179,0
DA:181,0
DA:182,0
DA:183,0
DA:184,0
DA:185,0
DA:186,0
DA:197,0
DA:198,0
DA:201,0
DA:202,0
DA:205,0
DA:206,0
DA:207,0
DA:209,0
DA:211,0
DA:215,0
DA:216,0
DA:217,0
DA:218,0
DA:219,0
DA:220,0
DA:223,0
DA:228,0
DA:233,0
DA:234,0
DA:236,0
DA:237,0
DA:238,0
DA:239,0
DA:240,0
DA:242,0
DA:243,0
DA:246,0
DA:247,0
DA:252,0
DA:253,0
DA:255,0
DA:256,0
DA:257,0
DA:258,0
DA:261,0
DA:262,0
DA:264,0
DA:265,0
DA:266,0
DA:267,0
DA:269,0
DA:270,0
DA:271,0
DA:272,0
DA:275,0
DA:276,0
DA:278,0
DA:279,0
DA:280,0
DA:282,0
DA:284,0
DA:285,0
DA:286,0
DA:287,0
DA:290,0
DA:291,0
DA:292,0
DA:293,0
DA:296,0
DA:297,0
DA:298,0
DA:300,0
DA:303,0
DA:304,0
DA:305,0
DA:307,0
DA:311,0
DA:312,0
DA:313,0
DA:315,0
DA:320,0
DA:327,0
DA:328,0
DA:329,0
DA:331,0
DA:332,0
DA:333,0
DA:334,0
DA:335,0
DA:336,0
DA:338,0
DA:339,0
DA:340,0
DA:341,0
DA:344,0
DA:348,0
DA:353,0
DA:360,0
DA:361,0
DA:362,0
DA:363,0
DA:364,0
DA:365,0
DA:366,0
DA:368,0
DA:371,0
DA:372,0
DA:373,0
DA:380,0
DA:381,0
DA:382,0
DA:385,0
DA:398,0
DA:399,0
DA:400,0
DA:401,0
DA:403,0
DA:406,0
DA:407,0
DA:408,0
DA:411,0
DA:412,0
DA:415,0
DA:416,0
DA:419,0
DA:421,0
DA:423,0
DA:424,0
DA:425,0
DA:429,0
DA:430,0
DA:432,0
DA:433,0
DA:434,0
DA:435,0
DA:436,0
DA:438,0
DA:440,0
DA:441,0
DA:442,0
DA:443,0
DA:444,0
DA:445,0
DA:446,0
DA:450,0
DA:459,0
DA:460,0
DA:461,0
DA:462,0
DA:465,0
DA:467,0
DA:468,0
DA:469,0
DA:471,0
DA:475,0
DA:477,0
DA:478,0
DA:479,0
DA:480,0
DA:483,0
DA:562,0
DA:641,0
LF:234
LH:0
BRDA:53,0,0,0
BRDA:53,0,1,0
BRDA:118,1,0,0
BRDA:118,1,1,0
BRDA:137,2,0,0
BRDA:137,2,1,0
BRDA:160,3,0,0
BRDA:160,3,1,0
BRDA:160,4,0,0
BRDA:160,4,1,0
BRDA:165,5,0,0
BRDA:165,5,1,0
BRDA:171,6,0,0
BRDA:171,6,1,0
BRDA:173,7,0,0
BRDA:173,7,1,0
BRDA:175,8,0,0
BRDA:175,8,1,0
BRDA:184,9,0,0
BRDA:184,9,1,0
BRDA:185,10,0,0
BRDA:185,10,1,0
BRDA:198,11,0,0
BRDA:198,11,1,0
BRDA:198,12,0,0
BRDA:198,12,1,0
BRDA:201,13,0,0
BRDA:201,13,1,0
BRDA:218,14,0,0
BRDA:218,14,1,0
BRDA:253,15,0,0
BRDA:253,15,1,0
BRDA:256,16,0,0
BRDA:256,16,1,0
BRDA:269,17,0,0
BRDA:269,17,1,0
BRDA:284,18,0,0
BRDA:284,18,1,0
BRDA:290,19,0,0
BRDA:290,19,1,0
BRDA:312,20,0,0
BRDA:312,20,1,0
BRDA:332,21,0,0
BRDA:332,21,1,0
BRDA:339,22,0,0
BRDA:339,22,1,0
BRDA:348,23,0,0
BRDA:348,23,1,0
BRDA:356,24,0,0
BRDA:356,24,1,0
BRDA:360,25,0,0
BRDA:360,25,1,0
BRDA:371,26,0,0
BRDA:371,26,1,0
BRDA:371,27,0,0
BRDA:371,27,1,0
BRDA:378,28,0,0
BRDA:378,28,1,0
BRDA:380,29,0,0
BRDA:380,29,1,0
BRDA:394,30,0,0
BRDA:394,30,1,0
BRDA:399,31,0,0
BRDA:399,31,1,0
BRDA:411,32,0,0
BRDA:411,32,1,0
BRDA:430,33,0,0
BRDA:430,33,1,0
BRDA:430,34,0,0
BRDA:430,34,1,0
BRDA:440,35,0,0
BRDA:440,35,1,0
BRDA:443,36,0,0
BRDA:443,36,1,0
BRDA:445,37,0,0
BRDA:445,37,1,0
BRDA:445,38,0,0
BRDA:445,38,1,0
BRDA:451,39,0,0
BRDA:451,39,1,0
BRDA:452,40,0,0
BRDA:452,40,1,0
BRDA:459,41,0,0
BRDA:459,41,1,0
BRDA:494,42,0,0
BRDA:494,42,1,0
BRDA:497,43,0,0
BRDA:497,43,1,0
BRDA:514,44,0,0
BRDA:514,44,1,0
BRDA:517,45,0,0
BRDA:517,45,1,0
BRDA:523,46,0,0
BRDA:523,46,1,0
BRDA:574,47,0,0
BRDA:574,47,1,0
BRDA:574,47,2,0
BRDA:583,48,0,0
BRDA:583,48,1,0
BRDA:588,49,0,0
BRDA:588,49,1,0
BRDA:592,50,0,0
BRDA:592,50,1,0
BRDA:595,51,0,0
BRDA:595,51,1,0
BRDA:607,52,0,0
BRDA:607,52,1,0
BRDA:608,53,0,0
BRDA:608,53,1,0
BRDA:620,54,0,0
BRDA:620,54,1,0
BRDA:622,55,0,0
BRDA:622,55,1,0
BRDA:624,56,0,0
BRDA:624,56,1,0
BRF:115
BRH:0
end_of_record
TN:
SF:src\components\SyncStatusBar.tsx
FN:18,SyncStatusBar
FN:23,(anonymous_1)
FN:32,(anonymous_2)
FN:37,(anonymous_3)
FN:40,(anonymous_4)
FN:54,(anonymous_5)
FN:58,(anonymous_6)
FN:66,(anonymous_7)
FN:77,(anonymous_8)
FN:81,(anonymous_9)
FN:84,(anonymous_10)
FN:88,(anonymous_11)
FN:96,(anonymous_12)
FNF:13
FNH:0
FNDA:0,SyncStatusBar
FNDA:0,(anonymous_1)
FNDA:0,(anonymous_2)
FNDA:0,(anonymous_3)
FNDA:0,(anonymous_4)
FNDA:0,(anonymous_5)
FNDA:0,(anonymous_6)
FNDA:0,(anonymous_7)
FNDA:0,(anonymous_8)
FNDA:0,(anonymous_9)
FNDA:0,(anonymous_10)
FNDA:0,(anonymous_11)
FNDA:0,(anonymous_12)
DA:19,0
DA:20,0
DA:21,0
DA:23,0
DA:24,0
DA:25,0
DA:32,0
DA:33,0
DA:37,0
DA:40,0
DA:41,0
DA:42,0
DA:43,0
DA:45,0
DA:46,0
DA:47,0
DA:48,0
DA:50,0
DA:54,0
DA:56,0
DA:58,0
DA:59,0
DA:60,0
DA:62,0
DA:66,0
DA:67,0
DA:68,0
DA:69,0
DA:70,0
DA:71,0
DA:73,0
DA:77,0
DA:78,0
DA:81,0
DA:82,0
DA:83,0
DA:84,0
DA:88,0
DA:89,0
DA:90,0
DA:91,0
DA:92,0
DA:96,0
DA:97,0
DA:98,0
DA:99,0
DA:102,0
DA:104,0
DA:135,0
LF:49
LH:0
BRDA:45,0,0,0
BRDA:45,0,1,0
BRDA:47,1,0,0
BRDA:47,1,1,0
BRDA:59,2,0,0
BRDA:59,2,1,0
BRDA:68,3,0,0
BRDA:68,3,1,0
BRDA:68,4,0,0
BRDA:68,4,1,0
BRDA:70,5,0,0
BRDA:70,5,1,0
BRDA:82,6,0,0
BRDA:82,6,1,0
BRDA:97,7,0,0
BRDA:97,7,1,0
BRDA:102,8,0,0
BRDA:102,8,1,0
BRDA:138,9,0,0
BRDA:138,9,1,0
BRDA:139,10,0,0
BRDA:139,10,1,0
BRDA:157,11,0,0
BRDA:157,11,1,0
BRF:24
BRH:0
end_of_record
TN:
SF:src\components\TransactionDetailSheet.tsx
FN:43,(anonymous_0)
FN:44,(anonymous_1)
FN:47,(anonymous_2)
FN:53,(anonymous_3)
FN:57,(anonymous_4)
FN:60,(anonymous_5)
FN:150,(anonymous_6)
FN:230,(anonymous_7)
FNF:8
FNH:0
FNDA:0,(anonymous_0)
FNDA:0,(anonymous_1)
FNDA:0,(anonymous_2)
FNDA:0,(anonymous_3)
FNDA:0,(anonymous_4)
FNDA:0,(anonymous_5)
FNDA:0,(anonymous_6)
FNDA:0,(anonymous_7)
DA:30,0
DA:42,0
DA:44,0
DA:46,0
DA:48,0
DA:53,0
DA:54,0
DA:57,0
DA:58,0
DA:60,0
DA:61,0
DA:62,0
DA:63,0
DA:65,0
DA:69,0
DA:151,0
DA:152,0
DA:154,0
DA:231,0
DA:251,0
LF:20
LH:0
BRDA:48,0,0,0
BRDA:48,0,1,0
BRDA:54,1,0,0
BRDA:54,1,1,0
BRDA:118,2,0,0
BRDA:118,2,1,0
BRDA:128,3,0,0
BRDA:128,3,1,0
BRDA:131,4,0,0
BRDA:131,4,1,0
BRDA:143,5,0,0
BRDA:143,5,1,0
BRDA:151,6,0,0
BRDA:151,6,1,0
BRDA:156,7,0,0
BRDA:156,7,1,0
BRDA:161,8,0,0
BRDA:161,8,1,0
BRDA:188,9,0,0
BRDA:188,9,1,0
BRDA:188,9,2,0
BRDA:192,10,0,0
BRDA:192,10,1,0
BRDA:194,11,0,0
BRDA:194,11,1,0
BRDA:211,12,0,0
BRDA:211,12,1,0
BRDA:220,13,0,0
BRDA:220,13,1,0
BRDA:223,14,0,0
BRDA:223,14,1,0
BRF:31
BRH:0
end_of_record
TN:
SF:src\components\ui\BudgetGauge.tsx
FN:12,BudgetGauge
FN:16,(anonymous_1)
FN:22,(anonymous_2)
FN:24,(anonymous_3)
FN:27,(anonymous_4)
FNF:5
FNH:0
FNDA:0,BudgetGauge
FNDA:0,(anonymous_1)
FNDA:0,(anonymous_2)
FNDA:0,(anonymous_3)
FNDA:0,(anonymous_4)
DA:13,0
DA:16,0
DA:17,0
DA:18,0
DA:19,0
DA:22,0
DA:23,0
DA:24,0
DA:25,0
DA:27,0
DA:30,0
DA:53,0
LF:12
LH:0
BRDA:17,0,0,0
BRDA:17,0,1,0
BRDA:18,1,0,0
BRDA:18,1,1,0
BRDA:25,2,0,0
BRDA:25,2,1,0
BRDA:33,3,0,0
BRDA:33,3,1,0
BRF:8
BRH:0
end_of_record
TN:
SF:src\components\ui\EmojiPicker.tsx
FN:16,(anonymous_0)
FN:25,(anonymous_1)
FN:28,(anonymous_2)
FNF:3
FNH:0
FNDA:0,(anonymous_0)
FNDA:0,(anonymous_1)
FNDA:0,(anonymous_2)
DA:4,0
DA:16,0
DA:17,0
DA:26,0
DA:28,0
DA:42,0
LF:6
LH:0
BRDA:31,0,0,0
BRDA:31,0,1,0
BRF:2
BRH:0
end_of_record
TN:
SF:src\components\ui\EmptyState.tsx
FN:25,EmptyState
FN:31,(anonymous_1)
FN:40,(anonymous_2)
FN:42,(anonymous_3)
FN:45,(anonymous_4)
FNF:5
FNH:0
FNDA:0,EmptyState
FNDA:0,(anonymous_1)
FNDA:0,(anonymous_2)
FNDA:0,(anonymous_3)
FNDA:0,(anonymous_4)
DA:26,0
DA:27,0
DA:28,0
DA:31,0
DA:32,0
DA:35,0
DA:40,0
DA:41,0
DA:42,0
DA:43,0
DA:45,0
DA:48,0
DA:71,0
LF:13
LH:0
BRDA:27,0,0,0
BRDA:27,0,1,0
BRDA:32,1,0,0
BRDA:32,1,1,0
BRDA:35,2,0,0
BRDA:35,2,1,0
BRDA:43,3,0,0
BRDA:43,3,1,0
BRDA:50,4,0,0
BRDA:50,4,1,0
BRF:10
BRH:0
end_of_record
TN:
SF:src\hooks\useHaptic.ts
FN:3,(anonymous_0)
FNF:1
FNH:0
FNDA:0,(anonymous_0)
DA:3,0
DA:4,0
LF:2
LH:0
BRF:0
BRH:0
end_of_record
TN:
SF:src\lib\aiAdvisor.ts
FN:25,parseTransactionWithAI
FN:72,generateFinancialSummary
FN:76,(anonymous_2)
FN:100,parseAudioWithAI
FNF:4
FNH:0
FNDA:0,parseTransactionWithAI
FNDA:0,generateFinancialSummary
FNDA:0,(anonymous_2)
FNDA:0,parseAudioWithAI
DA:4,0
DA:6,0
DA:7,0
DA:10,0
DA:29,0
DA:31,0
DA:32,0
DA:33,0
DA:35,0
DA:58,0
DA:59,0
DA:60,0
DA:61,0
DA:62,0
DA:64,0
DA:65,0
DA:73,0
DA:74,0
DA:76,0
DA:83,0
DA:88,0
DA:89,0
DA:90,0
DA:92,0
DA:93,0
DA:105,0
DA:107,0
DA:108,0
DA:109,0
DA:111,0
DA:133,0
DA:143,0
DA:144,0
DA:150,0
DA:151,0
DA:153,0
DA:154,0
LF:37
LH:0
BRDA:6,0,0,0
BRDA:6,0,1,0
BRDA:10,1,0,0
BRDA:10,1,1,0
BRDA:27,2,0,0
BRDA:29,3,0,0
BRDA:29,3,1,0
BRDA:74,4,0,0
BRDA:74,4,1,0
BRDA:103,5,0,0
BRDA:105,6,0,0
BRDA:105,6,1,0
BRF:12
BRH:0
end_of_record
TN:
SF:src\lib\backgroundTasks.ts
FN:11,(anonymous_0)
FN:48,registerBackgroundFetchAsync
FNF:2
FNH:0
FNDA:0,(anonymous_0)
FNDA:0,registerBackgroundFetchAsync
DA:8,0
DA:9,0
DA:11,0
DA:12,0
DA:14,0
DA:15,0
DA:16,0
DA:17,0
DA:21,0
DA:22,0
DA:24,0
DA:25,0
DA:26,0
DA:31,0
DA:38,0
DA:39,0
DA:40,0
DA:42,0
DA:44,0
DA:49,0
LF:20
LH:0
BRDA:15,0,0,0
BRDA:15,0,1,0
BRDA:22,1,0,0
BRDA:22,1,1,0
BRDA:25,2,0,0
BRDA:25,2,1,0
BRDA:38,3,0,0
BRDA:38,3,1,0
BRDA:38,4,0,0
BRDA:38,4,1,0
BRF:10
BRH:0
end_of_record
TN:
SF:src\lib\budgetService.ts
FN:52,getCurrentMonthYear
FN:58,fetchBudgets
FN:75,fetchMonthlySpending
FN:99,(anonymous_3)
FN:108,fetchBudgetsWithSpending
FN:114,(anonymous_5)
FN:132,upsertBudget
FN:176,deleteBudget
FN:191,getLastMonthYear
FN:202,copyBudgetsFromLastMonth
FN:224,getBudgetHealthSummary
FN:228,(anonymous_11)
FNF:12
FNH:0
FNDA:0,getCurrentMonthYear
FNDA:0,fetchBudgets
FNDA:0,fetchMonthlySpending
FNDA:0,(anonymous_3)
FNDA:0,fetchBudgetsWithSpending
FNDA:0,(anonymous_5)
FNDA:0,upsertBudget
FNDA:0,deleteBudget
FNDA:0,getLastMonthYear
FNDA:0,copyBudgetsFromLastMonth
FNDA:0,getBudgetHealthSummary
FNDA:0,(anonymous_11)
DA:31,0
DA:53,0
DA:54,0
DA:59,0
DA:61,0
DA:67,0
DA:68,0
DA:69,0
DA:71,0
DA:76,0
DA:77,0
DA:80,0
DA:81,0
DA:82,0
DA:83,0
DA:85,0
DA:93,0
DA:94,0
DA:95,0
DA:98,0
DA:99,0
DA:100,0
DA:101,0
DA:104,0
DA:109,0
DA:114,0
DA:115,0
DA:116,0
DA:119,0
DA:121,0
DA:138,0
DA:141,0
DA:149,0
DA:151,0
DA:157,0
DA:158,0
DA:162,0
DA:171,0
DA:172,0
DA:177,0
DA:183,0
DA:184,0
DA:185,0
DA:187,0
DA:192,0
DA:193,0
DA:194,0
DA:195,0
DA:203,0
DA:204,0
DA:206,0
DA:208,0
DA:209,0
DA:212,0
DA:213,0
DA:214,0
DA:215,0
DA:218,0
DA:225,0
DA:226,0
DA:228,0
DA:229,0
DA:234,0
LF:63
LH:0
BRDA:59,0,0,0
BRDA:59,0,1,0
BRDA:67,1,0,0
BRDA:67,1,1,0
BRDA:71,2,0,0
BRDA:71,2,1,0
BRDA:76,3,0,0
BRDA:76,3,1,0
BRDA:81,4,0,0
BRDA:81,4,1,0
BRDA:82,5,0,0
BRDA:82,5,1,0
BRDA:93,6,0,0
BRDA:93,6,1,0
BRDA:99,7,0,0
BRDA:99,7,1,0
BRDA:100,8,0,0
BRDA:100,8,1,0
BRDA:101,9,0,0
BRDA:101,9,1,0
BRDA:115,10,0,0
BRDA:115,10,1,0
BRDA:116,11,0,0
BRDA:116,11,1,0
BRDA:138,12,0,0
BRDA:138,12,1,0
BRDA:149,13,0,0
BRDA:149,13,1,0
BRDA:149,14,0,0
BRDA:149,14,1,0
BRDA:157,15,0,0
BRDA:157,15,1,0
BRDA:171,16,0,0
BRDA:171,16,1,0
BRDA:183,17,0,0
BRDA:183,17,1,0
BRDA:193,18,0,0
BRDA:193,18,1,0
BRDA:194,19,0,0
BRDA:194,19,1,0
BRDA:208,20,0,0
BRDA:208,20,1,0
BRDA:215,21,0,0
BRDA:215,21,1,0
BRDA:226,22,0,0
BRDA:226,22,1,0
BRDA:229,23,0,0
BRDA:229,23,1,0
BRDA:231,24,0,0
BRDA:231,24,1,0
BRF:50
BRH:0
end_of_record
TN:
SF:src\lib\categoryIntelligence.ts
FN:120,predictCategory
FNF:1
FNH:0
FNDA:0,predictCategory
DA:26,0
DA:121,0
DA:123,0
DA:124,0
DA:125,0
DA:129,0
DA:135,0
LF:7
LH:0
BRDA:124,0,0,0
BRDA:124,0,1,0
BRF:2
BRH:0
end_of_record
TN:
SF:src\lib\chatService.ts
FN:18,(anonymous_0)
FN:38,(anonymous_1)
FN:57,(anonymous_2)
FNF:3
FNH:0
FNDA:0,(anonymous_0)
FNDA:0,(anonymous_1)
FNDA:0,(anonymous_2)
DA:14,0
DA:19,0
DA:20,0
DA:27,0
DA:28,0
DA:30,0
DA:31,0
DA:39,0
DA:40,0
DA:48,0
DA:50,0
DA:58,0
DA:59,0
DA:64,0
DA:66,0
LF:15
LH:0
BRDA:27,0,0,0
BRDA:27,0,1,0
BRDA:28,1,0,0
BRDA:28,1,1,0
BRDA:48,2,0,0
BRDA:48,2,1,0
BRDA:64,3,0,0
BRDA:64,3,1,0
BRF:8
BRH:0
end_of_record
TN:
SF:src\lib\cleanupService.ts
FN:13,(anonymous_0)
FNF:1
FNH:0
FNDA:0,(anonymous_0)
DA:8,0
DA:14,0
DA:16,0
DA:18,0
DA:19,0
DA:23,0
DA:24,0
DA:27,0
DA:31,0
DA:32,0
DA:34,0
DA:36,0
LF:12
LH:0
BRF:0
BRH:0
end_of_record
TN:
SF:src\lib\conflictResolution.ts
FN:18,checkLocalDuplicate
FN:22,(anonymous_1)
FN:36,checkCacheDuplicate
FN:44,(anonymous_3)
FN:60,checkServerDuplicate
FN:88,isDuplicateTransaction
FNF:6
FNH:0
FNDA:0,checkLocalDuplicate
FNDA:0,(anonymous_1)
FNDA:0,checkCacheDuplicate
FNDA:0,(anonymous_3)
FNDA:0,checkServerDuplicate
FNDA:0,isDuplicateTransaction
DA:5,0
DA:6,0
DA:19,0
DA:20,0
DA:22,0
DA:23,0
DA:24,0
DA:25,0
DA:26,0
DA:27,0
DA:29,0
DA:37,0
DA:38,0
DA:40,0
DA:41,0
DA:42,0
DA:44,0
DA:45,0
DA:46,0
DA:47,0
DA:48,0
DA:50,0
DA:53,0
DA:61,0
DA:63,0
DA:64,0
DA:65,0
DA:67,0
DA:77,0
DA:78,0
DA:79,0
DA:82,0
DA:90,0
DA:93,0
DA:96,0
DA:97,0
DA:98,0
DA:100,0
LF:38
LH:0
BRDA:29,0,0,0
BRDA:29,0,1,0
BRDA:29,0,2,0
BRDA:29,0,3,0
BRDA:38,1,0,0
BRDA:38,1,1,0
BRDA:50,2,0,0
BRDA:50,2,1,0
BRDA:50,2,2,0
BRDA:61,3,0,0
BRDA:61,3,1,0
BRDA:77,4,0,0
BRDA:77,4,1,0
BRDA:82,5,0,0
BRDA:82,5,1,0
BRDA:90,6,0,0
BRDA:90,6,1,0
BRDA:93,7,0,0
BRDA:93,7,1,0
BRF:19
BRH:0
end_of_record
TN:
SF:src\lib\database.types.ts
FNF:0
FNH:0
LF:0
LH:0
BRF:0
BRH:0
end_of_record
TN:
SF:src\lib\exportCsv.ts
FN:4,exportTransactionsToCSV
FN:10,(anonymous_1)
FNF:2
FNH:0
FNDA:0,exportTransactionsToCSV
FNDA:0,(anonymous_1)
DA:5,0
DA:7,0
DA:10,0
DA:12,0
DA:13,0
DA:17,0
DA:18,0
DA:19,0
DA:22,0
DA:23,0
DA:24,0
DA:30,0
LF:12
LH:0
BRDA:12,0,0,0
BRDA:12,0,1,0
BRDA:12,1,0,0
BRDA:12,1,1,0
BRDA:23,2,0,0
BRDA:23,2,1,0
BRF:6
BRH:0
end_of_record
TN:
SF:src\lib\geofencing.ts
FN:10,(anonymous_0)
FN:26,getCachedTopSpots
FN:35,startGeofencing
FN:41,(anonymous_3)
FN:54,(anonymous_4)
FN:56,(anonymous_5)
FN:57,(anonymous_6)
FN:70,(anonymous_7)
FNF:8
FNH:0
FNDA:0,(anonymous_0)
FNDA:0,getCachedTopSpots
FNDA:0,startGeofencing
FNDA:0,(anonymous_3)
FNDA:0,(anonymous_4)
FNDA:0,(anonymous_5)
FNDA:0,(anonymous_6)
FNDA:0,(anonymous_7)
DA:6,0
DA:8,0
DA:10,0
DA:11,0
DA:12,0
DA:13,0
DA:15,0
DA:16,0
DA:27,0
DA:28,0
DA:29,0
DA:31,0
DA:36,0
DA:37,0
DA:39,0
DA:41,0
DA:42,0
DA:43,0
DA:44,0
DA:45,0
DA:47,0
DA:48,0
DA:49,0
DA:53,0
DA:54,0
DA:57,0
DA:58,0
DA:61,0
DA:63,0
DA:64,0
DA:66,0
DA:67,0
DA:70,0
DA:71,0
DA:72,0
DA:73,0
DA:74,0
DA:75,0
DA:76,0
DA:79,0
DA:89,0
DA:90,0
DA:91,0
DA:93,0
LF:44
LH:0
BRDA:11,0,0,0
BRDA:11,0,1,0
BRDA:15,1,0,0
BRDA:15,1,1,0
BRDA:29,2,0,0
BRDA:29,2,1,0
BRDA:37,3,0,0
BRDA:37,3,1,0
BRDA:42,4,0,0
BRDA:42,4,1,0
BRDA:42,5,0,0
BRDA:42,5,1,0
BRDA:44,6,0,0
BRDA:44,6,1,0
BRDA:48,7,0,0
BRDA:48,7,1,0
BRDA:49,8,0,0
BRDA:49,8,1,0
BRDA:61,9,0,0
BRDA:61,9,1,0
BRDA:66,10,0,0
BRDA:66,10,1,0
BRDA:73,11,0,0
BRDA:73,11,1,0
BRDA:73,12,0,0
BRDA:73,12,1,0
BRDA:75,13,0,0
BRDA:75,13,1,0
BRDA:75,14,0,0
BRDA:75,14,1,0
BRDA:75,14,2,0
BRF:31
BRH:0
end_of_record
TN:
SF:src\lib\hapticService.ts
FN:10,(anonymous_0)
FN:17,(anonymous_1)
FN:24,(anonymous_2)
FN:31,(anonymous_3)
FN:38,(anonymous_4)
FN:45,(anonymous_5)
FN:52,(anonymous_6)
FN:56,(anonymous_7)
FN:61,(anonymous_8)
FN:64,(anonymous_9)
FNF:10
FNH:0
FNDA:0,(anonymous_0)
FNDA:0,(anonymous_1)
FNDA:0,(anonymous_2)
FNDA:0,(anonymous_3)
FNDA:0,(anonymous_4)
FNDA:0,(anonymous_5)
FNDA:0,(anonymous_6)
FNDA:0,(anonymous_7)
FNDA:0,(anonymous_8)
FNDA:0,(anonymous_9)
DA:8,0
DA:11,0
DA:12,0
DA:18,0
DA:19,0
DA:25,0
DA:26,0
DA:32,0
DA:33,0
DA:39,0
DA:40,0
DA:46,0
DA:47,0
DA:53,0
DA:54,0
DA:56,0
DA:62,0
DA:63,0
DA:64,0
LF:19
LH:0
BRDA:11,0,0,0
BRDA:11,0,1,0
BRDA:18,1,0,0
BRDA:18,1,1,0
BRDA:25,2,0,0
BRDA:25,2,1,0
BRDA:32,3,0,0
BRDA:32,3,1,0
BRDA:39,4,0,0
BRDA:39,4,1,0
BRDA:46,5,0,0
BRDA:46,5,1,0
BRDA:53,6,0,0
BRDA:53,6,1,0
BRDA:62,7,0,0
BRDA:62,7,1,0
BRF:16
BRH:0
end_of_record
TN:
SF:src\lib\i18n.ts
FNF:0
FNH:0
DA:4,0
DA:161,0
DA:162,0
LF:3
LH:0
BRF:0
BRH:0
end_of_record
TN:
SF:src\lib\lottieCache.ts
FN:9,ensureDirExists
FN:20,getCachedLottie
FN:46,clearLottieCache
FNF:3
FNH:0
FNDA:0,ensureDirExists
FNDA:0,getCachedLottie
FNDA:0,clearLottieCache
DA:4,0
DA:10,0
DA:11,0
DA:12,0
DA:21,0
DA:24,0
DA:25,0
DA:27,0
DA:29,0
DA:30,0
DA:33,0
DA:34,0
DA:35,0
DA:36,0
DA:38,0
DA:39,0
DA:47,0
DA:48,0
DA:49,0
LF:19
LH:0
BRDA:11,0,0,0
BRDA:11,0,1,0
BRDA:24,1,0,0
BRDA:24,1,1,0
BRDA:29,2,0,0
BRDA:29,2,1,0
BRDA:48,3,0,0
BRDA:48,3,1,0
BRF:8
BRH:0
end_of_record
TN:
SF:src\lib\networkMonitor.ts
FN:18,getIsConnected
FN:23,startNetworkMonitor
FN:33,stopNetworkMonitor
FN:41,handleConnectivityChange
FNF:4
FNH:0
FNDA:0,getIsConnected
FNDA:0,startNetworkMonitor
FNDA:0,stopNetworkMonitor
FNDA:0,handleConnectivityChange
DA:14,0
DA:15,0
DA:19,0
DA:24,0
DA:26,0
DA:29,0
DA:34,0
DA:35,0
DA:36,0
DA:42,0
DA:43,0
DA:45,0
DA:48,0
DA:49,0
DA:50,0
DA:51,0
DA:52,0
DA:54,0
DA:56,0
DA:57,0
DA:59,0
DA:60,0
LF:22
LH:0
BRDA:24,0,0,0
BRDA:24,0,1,0
BRDA:34,1,0,0
BRDA:34,1,1,0
BRDA:43,2,0,0
BRDA:43,2,1,0
BRDA:48,3,0,0
BRDA:48,3,1,0
BRDA:48,4,0,0
BRDA:48,4,1,0
BRDA:50,5,0,0
BRDA:50,5,1,0
BRDA:56,6,0,0
BRDA:56,6,1,0
BRDA:59,7,0,0
BRDA:59,7,1,0
BRF:16
BRH:0
end_of_record
TN:
SF:src\lib\notificationService.ts
FN:16,(anonymous_0)
FN:18,(anonymous_1)
FN:43,(anonymous_2)
FNF:3
FNH:0
FNDA:0,(anonymous_0)
FNDA:0,(anonymous_1)
FNDA:0,(anonymous_2)
DA:10,0
DA:11,0
DA:16,0
DA:18,0
DA:19,0
DA:22,0
DA:27,0
DA:28,0
DA:29,0
DA:30,0
DA:32,0
DA:33,0
DA:37,0
DA:43,0
DA:44,0
DA:45,0
DA:47,0
DA:48,0
DA:50,0
DA:52,0
DA:54,0
DA:57,0
DA:59,0
DA:60,0
DA:67,0
DA:70,0
DA:71,0
DA:72,0
DA:75,0
DA:76,0
DA:77,0
DA:78,0
DA:79,0
DA:87,0
DA:91,0
DA:92,0
DA:96,0
DA:103,0
DA:104,0
DA:112,0
DA:115,0
DA:116,0
DA:119,0
DA:131,0
DA:140,0
DA:141,0
DA:145,0
DA:148,0
DA:150,0
DA:151,0
LF:50
LH:0
BRDA:19,0,0,0
BRDA:19,0,1,0
BRDA:30,1,0,0
BRDA:30,1,1,0
BRDA:48,2,0,0
BRDA:48,2,1,0
BRDA:52,3,0,0
BRDA:52,3,1,0
BRDA:59,4,0,0
BRDA:59,4,1,0
BRDA:62,5,0,0
BRDA:62,5,1,0
BRDA:76,6,0,0
BRDA:76,6,1,0
BRDA:78,7,0,0
BRDA:78,7,1,0
BRDA:78,8,0,0
BRDA:78,8,1,0
BRDA:81,9,0,0
BRDA:81,9,1,0
BRDA:92,10,0,0
BRDA:92,10,1,0
BRDA:103,11,0,0
BRDA:103,11,1,0
BRDA:106,12,0,0
BRDA:106,12,1,0
BRDA:116,13,0,0
BRDA:116,13,1,0
BRDA:133,14,0,0
BRDA:133,14,1,0
BRDA:140,15,0,0
BRDA:140,15,1,0
BRDA:153,16,0,0
BRDA:153,16,1,0
BRDA:156,17,0,0
BRDA:156,17,1,0
BRF:36
BRH:0
end_of_record
TN:
SF:src\lib\notifications.ts
FN:6,(anonymous_0)
FN:16,refreshDailyReminder
FN:33,formatRp
FN:41,checkBudgetAlert
FN:49,(anonymous_4)
FN:59,(anonymous_5)
FNF:6
FNH:0
FNDA:0,(anonymous_0)
FNDA:0,refreshDailyReminder
FNDA:0,formatRp
FNDA:0,checkBudgetAlert
FNDA:0,(anonymous_4)
FNDA:0,(anonymous_5)
DA:5,0
DA:6,0
DA:17,0
DA:19,0
DA:34,0
DA:42,0
DA:43,0
DA:44,0
DA:49,0
DA:50,0
DA:52,0
DA:53,0
DA:54,0
DA:56,0
DA:57,0
DA:59,0
DA:60,0
DA:61,0
DA:63,0
DA:65,0
DA:73,0
DA:75,0
DA:85,0
LF:23
LH:0
BRDA:50,0,0,0
BRDA:50,0,1,0
BRDA:52,1,0,0
BRDA:52,1,1,0
BRDA:54,2,0,0
BRDA:54,2,1,0
BRDA:60,3,0,0
BRDA:60,3,1,0
BRDA:61,4,0,0
BRDA:61,4,1,0
BRDA:63,5,0,0
BRDA:63,5,1,0
BRDA:73,6,0,0
BRDA:73,6,1,0
BRF:14
BRH:0
end_of_record
TN:
SF:src\lib\offlineSync.ts
FN:38,generateLocalId
FN:43,getSyncQueue
FN:54,getPendingCount
FN:59,getFailedQueue
FN:70,enqueueTransaction
FN:89,dequeueTransaction
FN:90,(anonymous_6)
FN:96,moveToFailed
FN:104,incrementRetry
FN:105,(anonymous_9)
FN:121,processSyncQueue
FN:184,clearFailedQueue
FN:189,retryFailedQueue
FN:192,(anonymous_13)
FNF:14
FNH:0
FNDA:0,generateLocalId
FNDA:0,getSyncQueue
FNDA:0,getPendingCount
FNDA:0,getFailedQueue
FNDA:0,enqueueTransaction
FNDA:0,dequeueTransaction
FNDA:0,(anonymous_6)
FNDA:0,moveToFailed
FNDA:0,incrementRetry
FNDA:0,(anonymous_9)
FNDA:0,processSyncQueue
FNDA:0,clearFailedQueue
FNDA:0,retryFailedQueue
FNDA:0,(anonymous_13)
DA:16,0
DA:18,0
DA:19,0
DA:20,0
DA:39,0
DA:44,0
DA:45,0
DA:46,0
DA:47,0
DA:49,0
DA:55,0
DA:60,0
DA:61,0
DA:62,0
DA:63,0
DA:65,0
DA:71,0
DA:72,0
DA:73,0
DA:79,0
DA:80,0
DA:83,0
DA:85,0
DA:90,0
DA:91,0
DA:92,0
DA:97,0
DA:98,0
DA:99,0
DA:100,0
DA:105,0
DA:106,0
DA:107,0
DA:109,0
DA:111,0
DA:114,0
DA:122,0
DA:124,0
DA:125,0
DA:127,0
DA:128,0
DA:129,0
DA:131,0
DA:132,0
DA:133,0
DA:134,0
DA:148,0
DA:149,0
DA:153,0
DA:154,0
DA:157,0
DA:158,0
DA:161,0
DA:162,0
DA:163,0
DA:164,0
DA:166,0
DA:171,0
DA:174,0
DA:176,0
DA:177,0
DA:180,0
DA:185,0
DA:190,0
DA:191,0
DA:192,0
DA:193,0
DA:194,0
DA:195,0
LF:69
LH:0
BRDA:45,0,0,0
BRDA:45,0,1,0
BRDA:61,1,0,0
BRDA:61,1,1,0
BRDA:106,2,0,0
BRDA:106,2,1,0
BRDA:122,3,0,0
BRDA:122,3,1,0
BRDA:125,4,0,0
BRDA:125,4,1,0
BRDA:148,5,0,0
BRDA:148,5,1,0
BRDA:157,6,0,0
BRDA:157,6,1,0
BRDA:162,7,0,0
BRDA:162,7,1,0
BRDA:174,8,0,0
BRDA:174,8,1,0
BRF:18
BRH:0
end_of_record
TN:
SF:src\lib\recurringService.ts
FN:60,getFrequencyLabel
FN:65,calculateNextDue
FN:99,advanceNextDue
FN:117,fetchRecurringTransactions
FN:132,createRecurring
FN:156,toggleRecurring
FN:175,deleteRecurring
FN:201,processDueRecurrences
FNF:8
FNH:0
FNDA:0,getFrequencyLabel
FNDA:0,calculateNextDue
FNDA:0,advanceNextDue
FNDA:0,fetchRecurringTransactions
FNDA:0,createRecurring
FNDA:0,toggleRecurring
FNDA:0,deleteRecurring
FNDA:0,processDueRecurrences
DA:54,0
DA:61,0
DA:66,0
DA:67,0
DA:69,0
DA:71,0
DA:72,0
DA:73,0
DA:76,0
DA:77,0
DA:78,0
DA:79,0
DA:80,0
DA:81,0
DA:82,0
DA:83,0
DA:86,0
DA:87,0
DA:88,0
DA:89,0
DA:90,0
DA:92,0
DA:95,0
DA:100,0
DA:102,0
DA:103,0
DA:104,0
DA:105,0
DA:106,0
DA:107,0
DA:108,0
DA:109,0
DA:113,0
DA:118,0
DA:124,0
DA:125,0
DA:126,0
DA:128,0
DA:133,0
DA:135,0
DA:136,0
DA:138,0
DA:151,0
DA:152,0
DA:157,0
DA:158,0
DA:159,0
DA:161,0
DA:167,0
DA:168,0
DA:169,0
DA:171,0
DA:176,0
DA:177,0
DA:178,0
DA:180,0
DA:186,0
DA:187,0
DA:188,0
DA:190,0
DA:202,0
DA:204,0
DA:211,0
DA:212,0
DA:215,0
DA:217,0
DA:219,0
DA:232,0
DA:233,0
DA:238,0
DA:241,0
DA:242,0
DA:245,0
LF:73
LH:0
BRDA:61,0,0,0
BRDA:61,0,1,0
BRDA:69,1,0,0
BRDA:69,1,1,0
BRDA:76,2,0,0
BRDA:76,2,1,0
BRDA:77,3,0,0
BRDA:77,3,1,0
BRDA:80,4,0,0
BRDA:80,4,1,0
BRDA:86,5,0,0
BRDA:86,5,1,0
BRDA:87,6,0,0
BRDA:87,6,1,0
BRDA:89,7,0,0
BRDA:89,7,1,0
BRDA:102,8,0,0
BRDA:102,8,1,0
BRDA:104,9,0,0
BRDA:104,9,1,0
BRDA:106,10,0,0
BRDA:106,10,1,0
BRDA:108,11,0,0
BRDA:108,11,1,0
BRDA:124,12,0,0
BRDA:124,12,1,0
BRDA:128,13,0,0
BRDA:128,13,1,0
BRDA:139,14,0,0
BRDA:139,14,1,0
BRDA:145,15,0,0
BRDA:145,15,1,0
BRDA:145,16,0,0
BRDA:145,16,1,0
BRDA:146,17,0,0
BRDA:146,17,1,0
BRDA:146,18,0,0
BRDA:146,18,1,0
BRDA:151,19,0,0
BRDA:151,19,1,0
BRDA:159,20,0,0
BRDA:159,20,1,0
BRDA:167,21,0,0
BRDA:167,21,1,0
BRDA:178,22,0,0
BRDA:178,22,1,0
BRDA:186,23,0,0
BRDA:186,23,1,0
BRDA:211,24,0,0
BRDA:211,24,1,0
BRDA:211,25,0,0
BRDA:211,25,1,0
BRDA:211,25,2,0
BRDA:241,26,0,0
BRDA:241,26,1,0
BRF:55
BRH:0
end_of_record
TN:
SF:src\lib\storage.ts
FN:9,(anonymous_0)
FN:12,(anonymous_1)
FN:16,(anonymous_2)
FNF:3
FNH:0
FNDA:0,(anonymous_0)
FNDA:0,(anonymous_1)
FNDA:0,(anonymous_2)
DA:4,0
DA:8,0
DA:10,0
DA:13,0
DA:14,0
DA:17,0
LF:6
LH:0
BRDA:14,0,0,0
BRDA:14,0,1,0
BRF:2
BRH:0
end_of_record
TN:
SF:src\lib\supabase.ts
FN:7,(anonymous_0)
FN:10,(anonymous_1)
FN:13,(anonymous_2)
FNF:3
FNH:0
FNDA:0,(anonymous_0)
FNDA:0,(anonymous_1)
FNDA:0,(anonymous_2)
DA:6,0
DA:8,0
DA:11,0
DA:14,0
DA:18,0
DA:19,0
DA:21,0
LF:7
LH:0
BRDA:18,0,0,0
BRDA:18,0,1,0
BRDA:19,1,0,0
BRDA:19,1,1,0
BRF:4
BRH:0
end_of_record
TN:
SF:src\lib\transactionService.ts
FN:9,updateTransaction
FN:44,deleteTransaction
FNF:2
FNH:0
FNDA:0,updateTransaction
FNDA:0,deleteTransaction
DA:14,0
DA:17,0
DA:18,0
DA:19,0
DA:24,0
DA:25,0
DA:27,0
DA:30,0
DA:36,0
DA:37,0
DA:45,0
DA:46,0
DA:47,0
DA:51,0
DA:52,0
DA:54,0
LF:16
LH:0
BRDA:17,0,0,0
BRDA:17,0,1,0
BRDA:24,1,0,0
BRDA:24,1,1,0
BRDA:46,2,0,0
BRDA:46,2,1,0
BRDA:51,3,0,0
BRDA:51,3,1,0
BRF:8
BRH:0
end_of_record
TN:
SF:src\store\useCategoryStore.ts
FN:46,(anonymous_0)
FN:49,(anonymous_1)
FN:50,(anonymous_2)
FN:51,(anonymous_3)
FN:52,(anonymous_4)
FN:53,(anonymous_5)
FN:55,(anonymous_6)
FN:56,(anonymous_7)
FN:59,(anonymous_8)
FN:61,(anonymous_9)
FN:69,(anonymous_10)
FN:76,(anonymous_11)
FN:83,(anonymous_12)
FN:96,(anonymous_13)
FN:113,(anonymous_14)
FNF:15
FNH:0
FNDA:0,(anonymous_0)
FNDA:0,(anonymous_1)
FNDA:0,(anonymous_2)
FNDA:0,(anonymous_3)
FNDA:0,(anonymous_4)
FNDA:0,(anonymous_5)
FNDA:0,(anonymous_6)
FNDA:0,(anonymous_7)
FNDA:0,(anonymous_8)
FNDA:0,(anonymous_9)
FNDA:0,(anonymous_10)
FNDA:0,(anonymous_11)
FNDA:0,(anonymous_12)
FNDA:0,(anonymous_13)
FNDA:0,(anonymous_14)
DA:14,0
DA:44,0
DA:46,0
DA:50,0
DA:52,0
DA:53,0
DA:56,0
DA:60,0
DA:61,0
DA:69,0
DA:74,0
DA:77,0
DA:80,0
DA:83,0
DA:93,0
DA:96,0
DA:102,0
DA:103,0
DA:107,0
DA:113,0
LF:20
LH:0
BRDA:66,0,0,0
BRDA:66,0,1,0
BRDA:93,1,0,0
BRDA:93,1,1,0
BRDA:102,2,0,0
BRDA:102,2,1,0
BRDA:107,3,0,0
BRDA:107,3,1,0
BRF:8
BRH:0
end_of_record
TN:
SF:src\store\useNotificationLogStore.ts
FN:24,(anonymous_0)
FN:26,(anonymous_1)
FN:26,(anonymous_2)
FN:36,(anonymous_3)
FN:40,(anonymous_4)
FNF:5
FNH:0
FNDA:0,(anonymous_0)
FNDA:0,(anonymous_1)
FNDA:0,(anonymous_2)
FNDA:0,(anonymous_3)
FNDA:0,(anonymous_4)
DA:22,0
DA:24,0
DA:26,0
DA:36,0
DA:40,0
LF:5
LH:0
BRF:0
BRH:0
end_of_record
TN:
SF:src\store\useSettingsStore.ts
FN:8,(anonymous_0)
FN:11,(anonymous_1)
FN:15,(anonymous_2)
FN:37,(anonymous_3)
FN:47,(anonymous_4)
FN:47,(anonymous_5)
FN:48,(anonymous_6)
FN:48,(anonymous_7)
FN:49,(anonymous_8)
FN:50,(anonymous_9)
FN:51,(anonymous_10)
FN:51,(anonymous_11)
FN:54,(anonymous_12)
FN:54,(anonymous_13)
FN:55,(anonymous_14)
FN:60,(anonymous_15)
FNF:16
FNH:0
FNDA:0,(anonymous_0)
FNDA:0,(anonymous_1)
FNDA:0,(anonymous_2)
FNDA:0,(anonymous_3)
FNDA:0,(anonymous_4)
FNDA:0,(anonymous_5)
FNDA:0,(anonymous_6)
FNDA:0,(anonymous_7)
FNDA:0,(anonymous_8)
FNDA:0,(anonymous_9)
FNDA:0,(anonymous_10)
FNDA:0,(anonymous_11)
FNDA:0,(anonymous_12)
FNDA:0,(anonymous_13)
FNDA:0,(anonymous_14)
FNDA:0,(anonymous_15)
DA:5,0
DA:7,0
DA:9,0
DA:12,0
DA:13,0
DA:16,0
DA:35,0
DA:37,0
DA:47,0
DA:48,0
DA:49,0
DA:50,0
DA:51,0
DA:54,0
DA:55,0
DA:60,0
LF:16
LH:0
BRDA:13,0,0,0
BRDA:13,0,1,0
BRDA:52,1,0,0
BRDA:52,1,1,0
BRF:4
BRH:0
end_of_record
TN:
SF:src\store\useUserStore.ts
FN:12,(anonymous_0)
FN:15,(anonymous_1)
FN:19,(anonymous_2)
FN:42,(anonymous_3)
FN:50,(anonymous_4)
FN:51,(anonymous_5)
FN:52,(anonymous_6)
FN:56,(anonymous_7)
FN:60,(anonymous_8)
FN:61,(anonymous_9)
FNF:10
FNH:0
FNDA:0,(anonymous_0)
FNDA:0,(anonymous_1)
FNDA:0,(anonymous_2)
FNDA:0,(anonymous_3)
FNDA:0,(anonymous_4)
FNDA:0,(anonymous_5)
FNDA:0,(anonymous_6)
FNDA:0,(anonymous_7)
FNDA:0,(anonymous_8)
FNDA:0,(anonymous_9)
DA:7,0
DA:11,0
DA:13,0
DA:16,0
DA:17,0
DA:20,0
DA:40,0
DA:42,0
DA:50,0
DA:51,0
DA:53,0
DA:54,0
DA:56,0
DA:60,0
DA:61,0
LF:15
LH:0
BRDA:17,0,0,0
BRDA:17,0,1,0
BRF:2
BRH:0
end_of_record
