TN:
SF:src\components\AddBudgetSheet.tsx
FN:38,(anonymous_0)
FN:55,(anonymous_1)
FN:58,(anonymous_2)
FN:72,(anonymous_3)
FN:83,(anonymous_4)
FN:89,(anonymous_5)
FN:95,(anonymous_6)
FN:158,(anonymous_7)
FN:168,(anonymous_8)
FN:208,(anonymous_9)
FN:226,(anonymous_10)
FN:240,(anonymous_11)
FN:257,(anonymous_12)
FN:262,(anonymous_13)
FN:312,(anonymous_14)
FN:315,(anonymous_15)
FN:348,(anonymous_16)
FN:353,(anonymous_17)
FN:356,(anonymous_18)
FNF:19
FNH:0
FNDA:0,(anonymous_0)
FNDA:0,(anonymous_1)
FNDA:0,(anonymous_2)
FNDA:0,(anonymous_3)
FNDA:0,(anonymous_4)
FNDA:0,(anonymous_5)
FNDA:0,(anonymous_6)
FNDA:0,(anonymous_7)
FNDA:0,(anonymous_8)
FNDA:0,(anonymous_9)
FNDA:0,(anonymous_10)
FNDA:0,(anonymous_11)
FNDA:0,(anonymous_12)
FNDA:0,(anonymous_13)
FNDA:0,(anonymous_14)
FNDA:0,(anonymous_15)
FNDA:0,(anonymous_16)
FNDA:0,(anonymous_17)
FNDA:0,(anonymous_18)
DA:37,0
DA:39,0
DA:40,0
DA:41,0
DA:42,0
DA:44,0
DA:45,0
DA:46,0
DA:47,0
DA:48,0
DA:51,0
DA:52,0
DA:53,0
DA:55,0
DA:58,0
DA:59,0
DA:60,0
DA:61,0
DA:62,0
DA:64,0
DA:65,0
DA:66,0
DA:68,0
DA:71,0
DA:73,0
DA:74,0
DA:75,0
DA:76,0
DA:77,0
DA:83,0
DA:84,0
DA:85,0
DA:86,0
DA:89,0
DA:91,0
DA:92,0
DA:95,0
DA:96,0
DA:98,0
DA:99,0
DA:100,0
DA:101,0
DA:103,0
DA:109,0
DA:112,0
DA:113,0
DA:114,0
DA:117,0
DA:118,0
DA:119,0
DA:120,0
DA:123,0
DA:124,0
DA:125,0
DA:128,0
DA:129,0
DA:131,0
DA:132,0
DA:135,0
DA:136,0
DA:140,0
DA:142,0
DA:143,0
DA:144,0
DA:145,0
DA:147,0
DA:148,0
DA:151,0
DA:152,0
DA:154,0
DA:158,0
DA:159,0
DA:160,0
DA:161,0
DA:162,0
DA:163,0
DA:164,0
DA:165,0
DA:168,0
DA:169,0
DA:170,0
DA:171,0
DA:175,0
DA:178,0
DA:209,0
DA:210,0
DA:226,0
DA:241,0
DA:242,0
DA:258,0
DA:259,0
DA:263,0
DA:264,0
DA:313,0
DA:316,0
DA:317,0
DA:348,0
DA:354,0
DA:357,0
DA:358,0
DA:408,0
DA:582,0
LF:102
LH:0
BRDA:55,0,0,0
BRDA:55,0,1,0
BRDA:59,1,0,0
BRDA:59,1,1,0
BRDA:62,2,0,0
BRDA:62,2,1,0
BRDA:73,3,0,0
BRDA:73,3,1,0
BRDA:85,4,0,0
BRDA:85,4,1,0
BRDA:98,5,0,0
BRDA:98,5,1,0
BRDA:99,6,0,0
BRDA:99,6,1,0
BRDA:112,7,0,0
BRDA:112,7,1,0
BRDA:118,8,0,0
BRDA:118,8,1,0
BRDA:118,9,0,0
BRDA:118,9,1,0
BRDA:123,10,0,0
BRDA:123,10,1,0
BRDA:132,11,0,0
BRDA:132,11,1,0
BRDA:135,12,0,0
BRDA:135,12,1,0
BRDA:142,13,0,0
BRDA:142,13,1,0
BRDA:147,14,0,0
BRDA:147,14,1,0
BRDA:193,15,0,0
BRDA:193,15,1,0
BRDA:193,16,0,0
BRDA:193,16,1,0
BRDA:204,17,0,0
BRDA:204,17,1,0
BRDA:269,18,0,0
BRDA:269,18,1,0
BRDA:270,19,0,0
BRDA:270,19,1,0
BRDA:279,20,0,0
BRDA:279,20,1,0
BRDA:280,21,0,0
BRDA:280,21,1,0
BRDA:286,22,0,0
BRDA:286,22,1,0
BRDA:305,23,0,0
BRDA:305,23,1,0
BRDA:321,24,0,0
BRDA:321,24,1,0
BRDA:327,25,0,0
BRDA:327,25,1,0
BRDA:330,26,0,0
BRDA:330,26,1,0
BRDA:347,27,0,0
BRDA:347,27,1,0
BRDA:362,28,0,0
BRDA:362,28,1,0
BRDA:367,29,0,0
BRDA:367,29,1,0
BRDA:369,30,0,0
BRDA:369,30,1,0
BRDA:376,31,0,0
BRDA:376,31,1,0
BRDA:388,32,0,0
BRDA:388,32,1,0
BRDA:391,33,0,0
BRDA:391,33,1,0
BRDA:397,34,0,0
BRDA:397,34,1,0
BRF:70
BRH:0
end_of_record
TN:
SF:src\components\AddRecurringSheet.tsx
FN:40,(anonymous_0)
FN:41,(anonymous_1)
FN:52,(anonymous_2)
FN:58,(anonymous_3)
FN:68,(anonymous_4)
FN:107,(anonymous_5)
FN:149,(anonymous_6)
FN:152,(anonymous_7)
FN:230,(anonymous_8)
FN:233,(anonymous_9)
FN:268,(anonymous_10)
FN:271,(anonymous_11)
FN:295,(anonymous_12)
FN:323,(anonymous_13)
FN:326,(anonymous_14)
FN:358,(anonymous_15)
FN:361,(anonymous_16)
FN:393,(anonymous_17)
FNF:18
FNH:0
FNDA:0,(anonymous_0)
FNDA:0,(anonymous_1)
FNDA:0,(anonymous_2)
FNDA:0,(anonymous_3)
FNDA:0,(anonymous_4)
FNDA:0,(anonymous_5)
FNDA:0,(anonymous_6)
FNDA:0,(anonymous_7)
FNDA:0,(anonymous_8)
FNDA:0,(anonymous_9)
FNDA:0,(anonymous_10)
FNDA:0,(anonymous_11)
FNDA:0,(anonymous_12)
FNDA:0,(anonymous_13)
FNDA:0,(anonymous_14)
FNDA:0,(anonymous_15)
FNDA:0,(anonymous_16)
FNDA:0,(anonymous_17)
DA:24,0
DA:30,0
DA:32,0
DA:39,0
DA:41,0
DA:42,0
DA:43,0
DA:44,0
DA:45,0
DA:46,0
DA:47,0
DA:48,0
DA:49,0
DA:51,0
DA:53,0
DA:58,0
DA:59,0
DA:60,0
DA:61,0
DA:62,0
DA:63,0
DA:64,0
DA:65,0
DA:68,0
DA:69,0
DA:70,0
DA:71,0
DA:72,0
DA:74,0
DA:75,0
DA:76,0
DA:79,0
DA:80,0
DA:81,0
DA:91,0
DA:92,0
DA:93,0
DA:94,0
DA:95,0
DA:97,0
DA:100,0
DA:101,0
DA:103,0
DA:107,0
DA:108,0
DA:109,0
DA:110,0
DA:111,0
DA:112,0
DA:113,0
DA:116,0
DA:150,0
DA:152,0
DA:231,0
DA:233,0
DA:269,0
DA:271,0
DA:295,0
DA:324,0
DA:326,0
DA:359,0
DA:361,0
DA:394,0
DA:395,0
DA:396,0
DA:429,0
DA:433,0
LF:67
LH:0
BRDA:53,0,0,0
BRDA:53,0,1,0
BRDA:70,1,0,0
BRDA:70,1,1,0
BRDA:74,2,0,0
BRDA:74,2,1,0
BRDA:74,3,0,0
BRDA:74,3,1,0
BRDA:87,4,0,0
BRDA:87,4,1,0
BRDA:88,5,0,0
BRDA:88,5,1,0
BRDA:92,6,0,0
BRDA:92,6,1,0
BRDA:97,7,0,0
BRDA:97,7,1,0
BRDA:109,8,0,0
BRDA:109,8,1,0
BRDA:111,9,0,0
BRDA:111,9,1,0
BRDA:113,10,0,0
BRDA:113,10,1,0
BRDA:238,11,0,0
BRDA:238,11,1,0
BRDA:239,12,0,0
BRDA:239,12,1,0
BRDA:242,13,0,0
BRDA:242,13,1,0
BRDA:243,14,0,0
BRDA:243,14,1,0
BRDA:252,15,0,0
BRDA:252,15,1,0
BRDA:253,16,0,0
BRDA:253,16,1,0
BRDA:257,17,0,0
BRDA:257,17,1,0
BRDA:276,18,0,0
BRDA:276,18,1,0
BRDA:278,19,0,0
BRDA:278,19,1,0
BRDA:285,20,0,0
BRDA:285,20,1,0
BRDA:293,21,0,0
BRDA:293,21,1,0
BRDA:300,22,0,0
BRDA:300,22,1,0
BRDA:302,23,0,0
BRDA:302,23,1,0
BRDA:309,24,0,0
BRDA:309,24,1,0
BRDA:331,25,0,0
BRDA:331,25,1,0
BRDA:333,26,0,0
BRDA:333,26,1,0
BRDA:342,27,0,0
BRDA:342,27,1,0
BRDA:352,28,0,0
BRDA:352,28,1,0
BRDA:364,29,0,0
BRDA:364,29,1,0
BRDA:370,30,0,0
BRDA:370,30,1,0
BRDA:382,31,0,0
BRDA:382,31,1,0
BRDA:395,32,0,0
BRDA:395,32,1,0
BRDA:395,33,0,0
BRDA:395,33,1,0
BRDA:395,33,2,0
BRDA:396,34,0,0
BRDA:396,34,1,0
BRDA:411,35,0,0
BRDA:411,35,1,0
BRDA:414,36,0,0
BRDA:414,36,1,0
BRF:75
BRH:0
end_of_record
TN:
SF:src\components\GoogleIcon.tsx
FN:4,(anonymous_0)
FNF:1
FNH:0
FNDA:0,(anonymous_0)
DA:4,0
DA:5,0
LF:2
LH:0
BRDA:4,0,0,0
BRF:1
BRH:0
end_of_record
TN:
SF:src\components\PremiumBackground.tsx
FN:15,(anonymous_0)
FN:19,(anonymous_1)
FN:32,(anonymous_2)
FN:41,(anonymous_3)
FNF:4
FNH:0
FNDA:0,(anonymous_0)
FNDA:0,(anonymous_1)
FNDA:0,(anonymous_2)
FNDA:0,(anonymous_3)
DA:13,0
DA:15,0
DA:16,0
DA:17,0
DA:19,0
DA:20,0
DA:25,0
DA:32,0
DA:41,0
DA:50,0
DA:67,0
LF:11
LH:0
BRF:0
BRH:0
end_of_record
TN:
SF:src\components\Skeleton.tsx
FN:11,(anonymous_0)
FNF:1
FNH:0
FNDA:0,(anonymous_0)
DA:11,0
DA:12,0
LF:2
LH:0
BRDA:11,0,0,0
BRDA:11,1,0,0
BRF:2
BRH:0
end_of_record
TN:
SF:src\components\SmartInputSheet.tsx
FN:38,getDistance
FN:55,(anonymous_1)
FN:56,(anonymous_2)
FN:83,(anonymous_3)
FN:88,(anonymous_4)
FN:113,(anonymous_5)
FN:124,(anonymous_6)
FN:130,(anonymous_7)
FN:136,(anonymous_8)
FN:164,(anonymous_9)
FN:170,(anonymous_10)
FN:171,(anonymous_11)
FN:179,(anonymous_12)
FN:185,(anonymous_13)
FN:191,(anonymous_14)
FN:208,(anonymous_15)
FN:212,(anonymous_16)
FN:214,(anonymous_17)
FN:252,(anonymous_18)
FN:270,(anonymous_19)
FN:297,(anonymous_20)
FN:298,(anonymous_21)
FN:307,(anonymous_22)
FN:373,(anonymous_23)
FN:382,(anonymous_24)
FN:425,(anonymous_25)
FN:493,(anonymous_26)
FN:502,(anonymous_27)
FN:522,(anonymous_28)
FN:528,(anonymous_29)
FN:582,(anonymous_30)
FN:645,(anonymous_31)
FN:666,(anonymous_32)
FN:672,(anonymous_33)
FN:683,(anonymous_34)
FN:690,(anonymous_35)
FN:700,(anonymous_36)
FN:707,(anonymous_37)
FN:716,(anonymous_38)
FN:719,(anonymous_39)
FNF:40
FNH:0
FNDA:0,getDistance
FNDA:0,(anonymous_1)
FNDA:0,(anonymous_2)
FNDA:0,(anonymous_3)
FNDA:0,(anonymous_4)
FNDA:0,(anonymous_5)
FNDA:0,(anonymous_6)
FNDA:0,(anonymous_7)
FNDA:0,(anonymous_8)
FNDA:0,(anonymous_9)
FNDA:0,(anonymous_10)
FNDA:0,(anonymous_11)
FNDA:0,(anonymous_12)
FNDA:0,(anonymous_13)
FNDA:0,(anonymous_14)
FNDA:0,(anonymous_15)
FNDA:0,(anonymous_16)
FNDA:0,(anonymous_17)
FNDA:0,(anonymous_18)
FNDA:0,(anonymous_19)
FNDA:0,(anonymous_20)
FNDA:0,(anonymous_21)
FNDA:0,(anonymous_22)
FNDA:0,(anonymous_23)
FNDA:0,(anonymous_24)
FNDA:0,(anonymous_25)
FNDA:0,(anonymous_26)
FNDA:0,(anonymous_27)
FNDA:0,(anonymous_28)
FNDA:0,(anonymous_29)
FNDA:0,(anonymous_30)
FNDA:0,(anonymous_31)
FNDA:0,(anonymous_32)
FNDA:0,(anonymous_33)
FNDA:0,(anonymous_34)
FNDA:0,(anonymous_35)
FNDA:0,(anonymous_36)
FNDA:0,(anonymous_37)
FNDA:0,(anonymous_38)
FNDA:0,(anonymous_39)
DA:39,0
DA:40,0
DA:41,0
DA:42,0
DA:43,0
DA:45,0
DA:48,0
DA:49,0
DA:52,0
DA:55,0
DA:56,0
DA:58,0
DA:59,0
DA:60,0
DA:61,0
DA:67,0
DA:81,0
DA:83,0
DA:84,0
DA:85,0
DA:86,0
DA:87,0
DA:88,0
DA:89,0
DA:90,0
DA:91,0
DA:92,0
DA:93,0
DA:94,0
DA:95,0
DA:96,0
DA:97,0
DA:100,0
DA:101,0
DA:102,0
DA:103,0
DA:104,0
DA:107,0
DA:108,0
DA:113,0
DA:114,0
DA:115,0
DA:116,0
DA:123,0
DA:124,0
DA:126,0
DA:130,0
DA:132,0
DA:135,0
DA:136,0
DA:137,0
DA:138,0
DA:139,0
DA:140,0
DA:141,0
DA:142,0
DA:144,0
DA:153,0
DA:154,0
DA:155,0
DA:156,0
DA:159,0
DA:162,0
DA:164,0
DA:170,0
DA:171,0
DA:172,0
DA:173,0
DA:174,0
DA:176,0
DA:179,0
DA:180,0
DA:181,0
DA:182,0
DA:185,0
DA:186,0
DA:187,0
DA:191,0
DA:192,0
DA:193,0
DA:202,0
DA:204,0
DA:208,0
DA:212,0
DA:214,0
DA:215,0
DA:216,0
DA:217,0
DA:218,0
DA:219,0
DA:220,0
DA:221,0
DA:222,0
DA:224,0
DA:225,0
DA:226,0
DA:228,0
DA:229,0
DA:230,0
DA:231,0
DA:232,0
DA:233,0
DA:234,0
DA:236,0
DA:237,0
DA:238,0
DA:239,0
DA:240,0
DA:241,0
DA:252,0
DA:253,0
DA:256,0
DA:257,0
DA:260,0
DA:261,0
DA:262,0
DA:264,0
DA:266,0
DA:270,0
DA:271,0
DA:272,0
DA:273,0
DA:274,0
DA:275,0
DA:278,0
DA:283,0
DA:288,0
DA:289,0
DA:291,0
DA:292,0
DA:293,0
DA:294,0
DA:295,0
DA:297,0
DA:298,0
DA:301,0
DA:302,0
DA:307,0
DA:308,0
DA:310,0
DA:311,0
DA:312,0
DA:313,0
DA:316,0
DA:317,0
DA:319,0
DA:320,0
DA:321,0
DA:322,0
DA:324,0
DA:325,0
DA:326,0
DA:327,0
DA:330,0
DA:331,0
DA:333,0
DA:335,0
DA:336,0
DA:344,0
DA:346,0
DA:347,0
DA:348,0
DA:349,0
DA:352,0
DA:353,0
DA:354,0
DA:355,0
DA:358,0
DA:359,0
DA:360,0
DA:362,0
DA:365,0
DA:366,0
DA:367,0
DA:369,0
DA:373,0
DA:374,0
DA:375,0
DA:377,0
DA:382,0
DA:389,0
DA:390,0
DA:391,0
DA:393,0
DA:394,0
DA:395,0
DA:396,0
DA:397,0
DA:398,0
DA:400,0
DA:401,0
DA:402,0
DA:403,0
DA:406,0
DA:410,0
DA:415,0
DA:422,0
DA:423,0
DA:424,0
DA:425,0
DA:426,0
DA:427,0
DA:428,0
DA:430,0
DA:433,0
DA:434,0
DA:435,0
DA:442,0
DA:443,0
DA:444,0
DA:446,0
DA:447,0
DA:448,0
DA:457,0
DA:458,0
DA:459,0
DA:463,0
DA:465,0
DA:479,0
DA:480,0
DA:481,0
DA:482,0
DA:484,0
DA:487,0
DA:488,0
DA:489,0
DA:492,0
DA:493,0
DA:494,0
DA:495,0
DA:498,0
DA:499,0
DA:501,0
DA:502,0
DA:505,0
DA:506,0
DA:509,0
DA:510,0
DA:512,0
DA:513,0
DA:514,0
DA:518,0
DA:520,0
DA:522,0
DA:523,0
DA:524,0
DA:528,0
DA:529,0
DA:531,0
DA:532,0
DA:533,0
DA:534,0
DA:535,0
DA:543,0
DA:545,0
DA:546,0
DA:547,0
DA:548,0
DA:549,0
DA:550,0
DA:551,0
DA:555,0
DA:564,0
DA:565,0
DA:566,0
DA:567,0
DA:570,0
DA:572,0
DA:573,0
DA:574,0
DA:576,0
DA:580,0
DA:582,0
DA:583,0
DA:584,0
DA:585,0
DA:588,0
DA:646,0
DA:666,0
DA:672,0
DA:683,0
DA:690,0
DA:700,0
DA:707,0
DA:717,0
DA:720,0
DA:721,0
DA:722,0
DA:806,0
DA:808,0
LF:290
LH:0
BRDA:58,0,0,0
BRDA:58,0,1,0
BRDA:114,1,0,0
BRDA:114,1,1,0
BRDA:123,2,0,0
BRDA:123,2,1,0
BRDA:123,3,0,0
BRDA:123,3,1,0
BRDA:124,4,0,0
BRDA:124,4,1,0
BRDA:135,5,0,0
BRDA:135,5,1,0
BRDA:137,6,0,0
BRDA:137,6,1,0
BRDA:139,7,0,0
BRDA:139,7,1,0
BRDA:141,8,0,0
BRDA:141,8,1,0
BRDA:165,9,0,0
BRDA:165,9,1,0
BRDA:167,10,0,0
BRDA:167,10,1,0
BRDA:173,11,0,0
BRDA:173,11,1,0
BRDA:192,12,0,0
BRDA:192,12,1,0
BRDA:215,13,0,0
BRDA:215,13,1,0
BRDA:215,14,0,0
BRDA:215,14,1,0
BRDA:220,15,0,0
BRDA:220,15,1,0
BRDA:226,16,0,0
BRDA:226,16,1,0
BRDA:228,17,0,0
BRDA:228,17,1,0
BRDA:230,18,0,0
BRDA:230,18,1,0
BRDA:239,19,0,0
BRDA:239,19,1,0
BRDA:240,20,0,0
BRDA:240,20,1,0
BRDA:253,21,0,0
BRDA:253,21,1,0
BRDA:253,22,0,0
BRDA:253,22,1,0
BRDA:256,23,0,0
BRDA:256,23,1,0
BRDA:273,24,0,0
BRDA:273,24,1,0
BRDA:308,25,0,0
BRDA:308,25,1,0
BRDA:311,26,0,0
BRDA:311,26,1,0
BRDA:324,27,0,0
BRDA:324,27,1,0
BRDA:337,28,0,0
BRDA:337,28,1,0
BRDA:338,29,0,0
BRDA:338,29,1,0
BRDA:339,30,0,0
BRDA:339,30,1,0
BRDA:341,31,0,0
BRDA:341,31,1,0
BRDA:346,32,0,0
BRDA:346,32,1,0
BRDA:352,33,0,0
BRDA:352,33,1,0
BRDA:374,34,0,0
BRDA:374,34,1,0
BRDA:394,35,0,0
BRDA:394,35,1,0
BRDA:401,36,0,0
BRDA:401,36,1,0
BRDA:410,37,0,0
BRDA:410,37,1,0
BRDA:418,38,0,0
BRDA:418,38,1,0
BRDA:422,39,0,0
BRDA:422,39,1,0
BRDA:433,40,0,0
BRDA:433,40,1,0
BRDA:433,41,0,0
BRDA:433,41,1,0
BRDA:440,42,0,0
BRDA:440,42,1,0
BRDA:442,43,0,0
BRDA:442,43,1,0
BRDA:446,44,0,0
BRDA:446,44,1,0
BRDA:446,45,0,0
BRDA:446,45,1,0
BRDA:446,45,2,0
BRDA:454,46,0,0
BRDA:454,46,1,0
BRDA:457,47,0,0
BRDA:457,47,1,0
BRDA:474,48,0,0
BRDA:474,48,1,0
BRDA:475,49,0,0
BRDA:475,49,1,0
BRDA:480,50,0,0
BRDA:480,50,1,0
BRDA:494,51,0,0
BRDA:494,51,1,0
BRDA:499,52,0,0
BRDA:499,52,1,0
BRDA:502,53,0,0
BRDA:502,53,1,0
BRDA:505,54,0,0
BRDA:505,54,1,0
BRDA:512,55,0,0
BRDA:512,55,1,0
BRDA:529,56,0,0
BRDA:529,56,1,0
BRDA:529,57,0,0
BRDA:529,57,1,0
BRDA:536,58,0,0
BRDA:536,58,1,0
BRDA:537,59,0,0
BRDA:537,59,1,0
BRDA:538,60,0,0
BRDA:538,60,1,0
BRDA:540,61,0,0
BRDA:540,61,1,0
BRDA:545,62,0,0
BRDA:545,62,1,0
BRDA:548,63,0,0
BRDA:548,63,1,0
BRDA:550,64,0,0
BRDA:550,64,1,0
BRDA:550,65,0,0
BRDA:550,65,1,0
BRDA:556,66,0,0
BRDA:556,66,1,0
BRDA:557,67,0,0
BRDA:557,67,1,0
BRDA:564,68,0,0
BRDA:564,68,1,0
BRDA:599,69,0,0
BRDA:599,69,1,0
BRDA:611,70,0,0
BRDA:611,70,1,0
BRDA:613,71,0,0
BRDA:613,71,1,0
BRDA:624,72,0,0
BRDA:624,72,1,0
BRDA:627,73,0,0
BRDA:627,73,1,0
BRDA:633,74,0,0
BRDA:633,74,1,0
BRDA:658,75,0,0
BRDA:658,75,1,0
BRDA:658,75,2,0
BRDA:667,76,0,0
BRDA:667,76,1,0
BRDA:669,77,0,0
BRDA:669,77,1,0
BRDA:673,78,0,0
BRDA:673,78,1,0
BRDA:675,79,0,0
BRDA:675,79,1,0
BRDA:679,80,0,0
BRDA:679,80,1,0
BRDA:684,81,0,0
BRDA:684,81,1,0
BRDA:690,82,0,0
BRDA:690,82,1,0
BRDA:701,83,0,0
BRDA:701,83,1,0
BRDA:707,84,0,0
BRDA:707,84,1,0
BRDA:713,85,0,0
BRDA:713,85,1,0
BRDA:720,86,0,0
BRDA:720,86,1,0
BRDA:725,87,0,0
BRDA:725,87,1,0
BRDA:725,88,0,0
BRDA:725,88,1,0
BRDA:731,89,0,0
BRDA:731,89,1,0
BRDA:731,90,0,0
BRDA:731,90,1,0
BRDA:751,91,0,0
BRDA:751,91,1,0
BRDA:755,92,0,0
BRDA:755,92,1,0
BRDA:756,93,0,0
BRDA:756,93,1,0
BRDA:760,94,0,0
BRDA:760,94,1,0
BRDA:772,95,0,0
BRDA:772,95,1,0
BRDA:773,96,0,0
BRDA:773,96,1,0
BRDA:785,97,0,0
BRDA:785,97,1,0
BRDA:787,98,0,0
BRDA:787,98,1,0
BRDA:789,99,0,0
BRDA:789,99,1,0
BRF:202
BRH:0
end_of_record
TN:
SF:src\components\SyncStatusBar.tsx
FN:18,SyncStatusBar
FN:23,(anonymous_1)
FN:32,(anonymous_2)
FN:37,(anonymous_3)
FN:40,(anonymous_4)
FN:54,(anonymous_5)
FN:58,(anonymous_6)
FN:66,(anonymous_7)
FN:77,(anonymous_8)
FN:81,(anonymous_9)
FN:84,(anonymous_10)
FN:88,(anonymous_11)
FN:96,(anonymous_12)
FNF:13
FNH:0
FNDA:0,SyncStatusBar
FNDA:0,(anonymous_1)
FNDA:0,(anonymous_2)
FNDA:0,(anonymous_3)
FNDA:0,(anonymous_4)
FNDA:0,(anonymous_5)
FNDA:0,(anonymous_6)
FNDA:0,(anonymous_7)
FNDA:0,(anonymous_8)
FNDA:0,(anonymous_9)
FNDA:0,(anonymous_10)
FNDA:0,(anonymous_11)
FNDA:0,(anonymous_12)
DA:19,0
DA:20,0
DA:21,0
DA:23,0
DA:24,0
DA:25,0
DA:32,0
DA:33,0
DA:37,0
DA:40,0
DA:41,0
DA:42,0
DA:43,0
DA:45,0
DA:46,0
DA:47,0
DA:48,0
DA:50,0
DA:54,0
DA:56,0
DA:58,0
DA:59,0
DA:60,0
DA:62,0
DA:66,0
DA:67,0
DA:68,0
DA:69,0
DA:70,0
DA:71,0
DA:73,0
DA:77,0
DA:78,0
DA:81,0
DA:82,0
DA:83,0
DA:84,0
DA:88,0
DA:89,0
DA:90,0
DA:91,0
DA:92,0
DA:96,0
DA:97,0
DA:98,0
DA:99,0
DA:102,0
DA:104,0
DA:135,0
LF:49
LH:0
BRDA:45,0,0,0
BRDA:45,0,1,0
BRDA:47,1,0,0
BRDA:47,1,1,0
BRDA:59,2,0,0
BRDA:59,2,1,0
BRDA:68,3,0,0
BRDA:68,3,1,0
BRDA:68,4,0,0
BRDA:68,4,1,0
BRDA:70,5,0,0
BRDA:70,5,1,0
BRDA:82,6,0,0
BRDA:82,6,1,0
BRDA:97,7,0,0
BRDA:97,7,1,0
BRDA:102,8,0,0
BRDA:102,8,1,0
BRDA:138,9,0,0
BRDA:138,9,1,0
BRDA:139,10,0,0
BRDA:139,10,1,0
BRDA:157,11,0,0
BRDA:157,11,1,0
BRF:24
BRH:0
end_of_record
TN:
SF:src\components\TransactionDetailSheet.tsx
FN:34,(anonymous_0)
FN:39,(anonymous_1)
FN:41,(anonymous_2)
FN:42,(anonymous_3)
FN:46,(anonymous_4)
FN:52,(anonymous_5)
FN:56,(anonymous_6)
FN:60,(anonymous_7)
FN:119,(anonymous_8)
FN:180,(anonymous_9)
FNF:10
FNH:0
FNDA:0,(anonymous_0)
FNDA:0,(anonymous_1)
FNDA:0,(anonymous_2)
FNDA:0,(anonymous_3)
FNDA:0,(anonymous_4)
FNDA:0,(anonymous_5)
FNDA:0,(anonymous_6)
FNDA:0,(anonymous_7)
FNDA:0,(anonymous_8)
FNDA:0,(anonymous_9)
DA:33,0
DA:35,0
DA:36,0
DA:37,0
DA:39,0
DA:41,0
DA:42,0
DA:45,0
DA:47,0
DA:52,0
DA:53,0
DA:56,0
DA:57,0
DA:60,0
DA:61,0
DA:62,0
DA:63,0
DA:65,0
DA:69,0
DA:120,0
DA:121,0
DA:123,0
DA:181,0
DA:182,0
DA:202,0
DA:206,0
LF:26
LH:0
BRDA:42,0,0,0
BRDA:42,0,1,0
BRDA:47,1,0,0
BRDA:47,1,1,0
BRDA:53,2,0,0
BRDA:53,2,1,0
BRDA:95,3,0,0
BRDA:95,3,1,0
BRDA:98,4,0,0
BRDA:98,4,1,0
BRDA:100,5,0,0
BRDA:100,5,1,0
BRDA:112,6,0,0
BRDA:112,6,1,0
BRDA:125,7,0,0
BRDA:125,7,1,0
BRDA:129,8,0,0
BRDA:129,8,1,0
BRDA:135,9,0,0
BRDA:135,9,1,0
BRDA:142,10,0,0
BRDA:142,10,1,0
BRDA:142,10,2,0
BRDA:146,11,0,0
BRDA:146,11,1,0
BRDA:148,12,0,0
BRDA:148,12,1,0
BRDA:162,13,0,0
BRDA:162,13,1,0
BRDA:170,14,0,0
BRDA:170,14,1,0
BRDA:173,15,0,0
BRDA:173,15,1,0
BRF:33
BRH:0
end_of_record
TN:
SF:src\components\ui\BudgetGauge.tsx
FN:12,BudgetGauge
FN:16,(anonymous_1)
FN:22,(anonymous_2)
FN:24,(anonymous_3)
FN:27,(anonymous_4)
FNF:5
FNH:0
FNDA:0,BudgetGauge
FNDA:0,(anonymous_1)
FNDA:0,(anonymous_2)
FNDA:0,(anonymous_3)
FNDA:0,(anonymous_4)
DA:13,0
DA:16,0
DA:17,0
DA:18,0
DA:19,0
DA:22,0
DA:23,0
DA:24,0
DA:25,0
DA:27,0
DA:30,0
DA:53,0
LF:12
LH:0
BRDA:17,0,0,0
BRDA:17,0,1,0
BRDA:18,1,0,0
BRDA:18,1,1,0
BRDA:25,2,0,0
BRDA:25,2,1,0
BRDA:33,3,0,0
BRDA:33,3,1,0
BRF:8
BRH:0
end_of_record
TN:
SF:src\components\ui\EmojiPicker.tsx
FN:16,(anonymous_0)
FN:25,(anonymous_1)
FN:28,(anonymous_2)
FNF:3
FNH:0
FNDA:0,(anonymous_0)
FNDA:0,(anonymous_1)
FNDA:0,(anonymous_2)
DA:4,0
DA:16,0
DA:17,0
DA:26,0
DA:28,0
DA:42,0
LF:6
LH:0
BRDA:31,0,0,0
BRDA:31,0,1,0
BRF:2
BRH:0
end_of_record
TN:
SF:src\components\ui\EmptyState.tsx
FN:25,EmptyState
FN:31,(anonymous_1)
FN:40,(anonymous_2)
FN:42,(anonymous_3)
FN:45,(anonymous_4)
FNF:5
FNH:0
FNDA:0,EmptyState
FNDA:0,(anonymous_1)
FNDA:0,(anonymous_2)
FNDA:0,(anonymous_3)
FNDA:0,(anonymous_4)
DA:26,0
DA:27,0
DA:28,0
DA:31,0
DA:32,0
DA:35,0
DA:40,0
DA:41,0
DA:42,0
DA:43,0
DA:45,0
DA:48,0
DA:71,0
LF:13
LH:0
BRDA:27,0,0,0
BRDA:27,0,1,0
BRDA:32,1,0,0
BRDA:32,1,1,0
BRDA:35,2,0,0
BRDA:35,2,1,0
BRDA:43,3,0,0
BRDA:43,3,1,0
BRDA:50,4,0,0
BRDA:50,4,1,0
BRF:10
BRH:0
end_of_record
TN:
SF:src\hooks\useHaptic.ts
FN:3,(anonymous_0)
FNF:1
FNH:0
FNDA:0,(anonymous_0)
DA:3,0
DA:4,0
LF:2
LH:0
BRF:0
BRH:0
end_of_record
TN:
SF:src\lib\aiAdvisor.ts
FN:27,getAICache
FN:40,setAICache
FN:50,detectSentimentLocally
FN:56,(anonymous_3)
FN:57,(anonymous_4)
FN:58,(anonymous_5)
FN:65,callGeminiWithFallback
FN:125,buildSystemInstruction
FN:166,parseTransactionLocally
FN:181,(anonymous_9)
FN:202,parseTransactionWithAI
FN:258,generateFinancialSummary
FN:266,(anonymous_12)
FN:293,parseAudioWithAI
FN:349,predictMonthEnd
FN:355,(anonymous_15)
FN:383,recommendBudgets
FN:389,(anonymous_17)
FN:427,parseSearchQuery
FN:466,answerSearchQuery
FN:488,suggestActionsLocally
FNF:21
FNH:0
FNDA:0,getAICache
FNDA:0,setAICache
FNDA:0,detectSentimentLocally
FNDA:0,(anonymous_3)
FNDA:0,(anonymous_4)
FNDA:0,(anonymous_5)
FNDA:0,callGeminiWithFallback
FNDA:0,buildSystemInstruction
FNDA:0,parseTransactionLocally
FNDA:0,(anonymous_9)
FNDA:0,parseTransactionWithAI
FNDA:0,generateFinancialSummary
FNDA:0,(anonymous_12)
FNDA:0,parseAudioWithAI
FNDA:0,predictMonthEnd
FNDA:0,(anonymous_15)
FNDA:0,recommendBudgets
FNDA:0,(anonymous_17)
FNDA:0,parseSearchQuery
FNDA:0,answerSearchQuery
FNDA:0,suggestActionsLocally
DA:6,0
DA:8,0
DA:9,0
DA:12,0
DA:15,0
DA:24,0
DA:25,0
DA:28,0
DA:29,0
DA:30,0
DA:31,0
DA:32,0
DA:33,0
DA:34,0
DA:36,0
DA:37,0
DA:41,0
DA:42,0
DA:43,0
DA:51,0
DA:52,0
DA:53,0
DA:54,0
DA:56,0
DA:57,0
DA:58,0
DA:59,0
DA:71,0
DA:73,0
DA:74,0
DA:75,0
DA:76,0
DA:82,0
DA:83,0
DA:88,0
DA:91,0
DA:93,0
DA:94,0
DA:99,0
DA:126,0
DA:127,0
DA:128,0
DA:130,0
DA:134,0
DA:146,0
DA:148,0
DA:149,0
DA:154,0
DA:155,0
DA:160,0
DA:167,0
DA:168,0
DA:170,0
DA:171,0
DA:173,0
DA:174,0
DA:175,0
DA:176,0
DA:178,0
DA:181,0
DA:182,0
DA:187,0
DA:189,0
DA:207,0
DA:209,0
DA:210,0
DA:211,0
DA:212,0
DA:217,0
DA:240,0
DA:241,0
DA:242,0
DA:248,0
DA:250,0
DA:251,0
DA:259,0
DA:260,0
DA:261,0
DA:263,0
DA:264,0
DA:266,0
DA:273,0
DA:274,0
DA:279,0
DA:280,0
DA:281,0
DA:282,0
DA:283,0
DA:285,0
DA:286,0
DA:299,0
DA:301,0
DA:302,0
DA:303,0
DA:305,0
DA:327,0
DA:332,0
DA:333,0
DA:339,0
DA:341,0
DA:342,0
DA:354,0
DA:355,0
DA:357,0
DA:372,0
DA:373,0
DA:374,0
DA:376,0
DA:388,0
DA:389,0
DA:390,0
DA:391,0
DA:392,0
DA:395,0
DA:407,0
DA:408,0
DA:409,0
DA:411,0
DA:428,0
DA:429,0
DA:430,0
DA:431,0
DA:432,0
DA:435,0
DA:436,0
DA:456,0
DA:457,0
DA:458,0
DA:459,0
DA:461,0
DA:462,0
DA:467,0
DA:468,0
DA:479,0
DA:480,0
DA:481,0
DA:483,0
DA:484,0
DA:489,0
DA:490,0
DA:492,0
DA:493,0
DA:502,0
DA:503,0
DA:512,0
DA:513,0
DA:522,0
LF:147
LH:0
BRDA:8,0,0,0
BRDA:8,0,1,0
BRDA:12,1,0,0
BRDA:12,1,1,0
BRDA:30,2,0,0
BRDA:30,2,1,0
BRDA:32,3,0,0
BRDA:32,3,1,0
BRDA:56,4,0,0
BRDA:56,4,1,0
BRDA:57,5,0,0
BRDA:57,5,1,0
BRDA:58,6,0,0
BRDA:58,6,1,0
BRDA:67,7,0,0
BRDA:82,8,0,0
BRDA:82,8,1,0
BRDA:82,9,0,0
BRDA:82,9,1,0
BRDA:99,10,0,0
BRDA:99,10,1,0
BRDA:126,11,0,0
BRDA:126,11,1,0
BRDA:127,12,0,0
BRDA:127,12,1,0
BRDA:128,13,0,0
BRDA:128,13,1,0
BRDA:130,14,0,0
BRDA:130,14,1,0
BRDA:135,15,0,0
BRDA:135,15,1,0
BRDA:138,16,0,0
BRDA:138,16,1,0
BRDA:141,17,0,0
BRDA:141,17,1,0
BRDA:148,18,0,0
BRDA:148,18,1,0
BRDA:149,19,0,0
BRDA:149,19,1,0
BRDA:154,20,0,0
BRDA:154,20,1,0
BRDA:155,21,0,0
BRDA:155,21,1,0
BRDA:168,22,0,0
BRDA:168,22,1,0
BRDA:173,23,0,0
BRDA:173,23,1,0
BRDA:174,24,0,0
BRDA:174,24,1,0
BRDA:175,25,0,0
BRDA:175,25,1,0
BRDA:178,26,0,0
BRDA:178,26,1,0
BRDA:181,27,0,0
BRDA:181,27,1,0
BRDA:182,28,0,0
BRDA:182,28,1,0
BRDA:187,29,0,0
BRDA:187,29,1,0
BRDA:204,30,0,0
BRDA:207,31,0,0
BRDA:207,31,1,0
BRDA:214,32,0,0
BRDA:214,32,1,0
BRDA:214,33,0,0
BRDA:214,33,1,0
BRDA:259,34,0,0
BRDA:259,34,1,0
BRDA:261,35,0,0
BRDA:261,35,1,0
BRDA:264,36,0,0
BRDA:264,36,1,0
BRDA:276,37,0,0
BRDA:276,37,1,0
BRDA:276,38,0,0
BRDA:276,38,1,0
BRDA:296,39,0,0
BRDA:299,40,0,0
BRDA:299,40,1,0
BRDA:355,41,0,0
BRDA:355,41,1,0
BRDA:390,42,0,0
BRDA:390,42,1,0
BRDA:391,43,0,0
BRDA:391,43,1,0
BRDA:428,44,0,0
BRDA:428,44,1,0
BRDA:430,45,0,0
BRDA:430,45,1,0
BRDA:431,46,0,0
BRDA:431,46,1,0
BRDA:492,47,0,0
BRDA:492,47,1,0
BRDA:492,48,0,0
BRDA:492,48,1,0
BRDA:492,48,2,0
BRDA:492,48,3,0
BRDA:502,49,0,0
BRDA:502,49,1,0
BRDA:502,50,0,0
BRDA:502,50,1,0
BRDA:502,50,2,0
BRDA:512,51,0,0
BRDA:512,51,1,0
BRDA:512,52,0,0
BRDA:512,52,1,0
BRF:106
BRH:0
end_of_record
TN:
SF:src\lib\backgroundTasks.ts
FN:11,(anonymous_0)
FN:48,registerBackgroundFetchAsync
FNF:2
FNH:0
FNDA:0,(anonymous_0)
FNDA:0,registerBackgroundFetchAsync
DA:8,0
DA:9,0
DA:11,0
DA:12,0
DA:14,0
DA:15,0
DA:16,0
DA:17,0
DA:21,0
DA:22,0
DA:24,0
DA:25,0
DA:26,0
DA:31,0
DA:38,0
DA:39,0
DA:40,0
DA:42,0
DA:44,0
DA:49,0
LF:20
LH:0
BRDA:9,0,0,0
BRDA:9,0,1,0
BRDA:15,1,0,0
BRDA:15,1,1,0
BRDA:22,2,0,0
BRDA:22,2,1,0
BRDA:25,3,0,0
BRDA:25,3,1,0
BRDA:38,4,0,0
BRDA:38,4,1,0
BRDA:38,5,0,0
BRDA:38,5,1,0
BRF:12
BRH:0
end_of_record
TN:
SF:src\lib\budgetService.ts
FN:52,getCurrentMonthYear
FN:58,fetchBudgets
FN:75,fetchMonthlySpending
FN:99,(anonymous_3)
FN:108,fetchBudgetsWithSpending
FN:114,(anonymous_5)
FN:132,upsertBudget
FN:176,deleteBudget
FN:191,getLastMonthYear
FN:202,copyBudgetsFromLastMonth
FN:213,(anonymous_10)
FN:216,(anonymous_11)
FN:223,getBudgetHealthSummary
FN:227,(anonymous_13)
FN:241,calculateSpendingForecast
FN:249,(anonymous_15)
FN:271,simulateWhatIf
FNF:17
FNH:13
FNDA:5,getCurrentMonthYear
FNDA:3,fetchBudgets
FNDA:3,fetchMonthlySpending
FNDA:5,(anonymous_3)
FNDA:1,fetchBudgetsWithSpending
FNDA:1,(anonymous_5)
FNDA:4,upsertBudget
FNDA:0,deleteBudget
FNDA:2,getLastMonthYear
FNDA:1,copyBudgetsFromLastMonth
FNDA:2,(anonymous_10)
FNDA:2,(anonymous_11)
FNDA:0,getBudgetHealthSummary
FNDA:0,(anonymous_13)
FNDA:1,calculateSpendingForecast
FNDA:1,(anonymous_15)
FNDA:0,simulateWhatIf
DA:31,1
DA:53,5
DA:54,5
DA:59,3
DA:61,3
DA:67,3
DA:68,0
DA:69,0
DA:71,3
DA:76,3
DA:77,3
DA:80,3
DA:81,3
DA:82,3
DA:83,3
DA:85,3
DA:93,3
DA:94,0
DA:95,0
DA:98,3
DA:99,3
DA:100,5
DA:101,5
DA:104,3
DA:109,1
DA:114,1
DA:115,1
DA:116,1
DA:119,1
DA:121,1
DA:138,4
DA:141,4
DA:149,4
DA:151,1
DA:157,1
DA:158,1
DA:162,3
DA:171,3
DA:172,3
DA:177,0
DA:183,0
DA:184,0
DA:185,0
DA:187,0
DA:192,2
DA:193,2
DA:194,2
DA:195,2
DA:203,1
DA:204,1
DA:206,1
DA:208,1
DA:209,0
DA:212,1
DA:213,2
DA:216,2
DA:217,1
DA:224,0
DA:225,0
DA:227,0
DA:228,0
DA:233,0
DA:247,1
DA:248,1
DA:249,1
DA:251,1
DA:252,1
DA:253,1
DA:254,1
DA:256,1
DA:257,1
DA:259,1
DA:281,0
DA:282,0
DA:284,0
DA:286,0
DA:287,0
DA:288,0
DA:296,0
LF:79
LH:57
BRDA:59,0,0,3
BRDA:59,0,1,0
BRDA:67,1,0,0
BRDA:67,1,1,3
BRDA:71,2,0,3
BRDA:71,2,1,0
BRDA:76,3,0,3
BRDA:76,3,1,0
BRDA:81,4,0,0
BRDA:81,4,1,3
BRDA:82,5,0,0
BRDA:82,5,1,3
BRDA:93,6,0,0
BRDA:93,6,1,3
BRDA:99,7,0,3
BRDA:99,7,1,0
BRDA:100,8,0,5
BRDA:100,8,1,0
BRDA:101,9,0,5
BRDA:101,9,1,4
BRDA:115,10,0,1
BRDA:115,10,1,0
BRDA:116,11,0,1
BRDA:116,11,1,0
BRDA:138,12,0,4
BRDA:138,12,1,2
BRDA:149,13,0,1
BRDA:149,13,1,3
BRDA:149,14,0,4
BRDA:149,14,1,1
BRDA:157,15,0,0
BRDA:157,15,1,1
BRDA:171,16,0,0
BRDA:171,16,1,3
BRDA:183,17,0,0
BRDA:183,17,1,0
BRDA:193,18,0,0
BRDA:193,18,1,2
BRDA:194,19,0,0
BRDA:194,19,1,2
BRDA:208,20,0,0
BRDA:208,20,1,1
BRDA:225,21,0,0
BRDA:225,21,1,0
BRDA:228,22,0,0
BRDA:228,22,1,0
BRDA:230,23,0,0
BRDA:230,23,1,0
BRDA:276,24,0,0
BRF:49
BRH:24
end_of_record
TN:
SF:src\lib\categoryIntelligence.ts
FN:124,predictCategory
FNF:1
FNH:0
FNDA:0,predictCategory
DA:26,0
DA:118,0
DA:125,0
DA:126,0
DA:127,0
DA:128,0
DA:131,0
DA:137,0
LF:8
LH:0
BRDA:126,0,0,0
BRDA:126,0,1,0
BRDA:128,1,0,0
BRDA:128,1,1,0
BRF:4
BRH:0
end_of_record
TN:
SF:src\lib\chatService.ts
FN:18,(anonymous_0)
FN:38,(anonymous_1)
FN:57,(anonymous_2)
FNF:3
FNH:0
FNDA:0,(anonymous_0)
FNDA:0,(anonymous_1)
FNDA:0,(anonymous_2)
DA:14,0
DA:19,0
DA:20,0
DA:27,0
DA:28,0
DA:30,0
DA:31,0
DA:39,0
DA:40,0
DA:48,0
DA:50,0
DA:58,0
DA:59,0
DA:64,0
DA:66,0
LF:15
LH:0
BRDA:27,0,0,0
BRDA:27,0,1,0
BRDA:28,1,0,0
BRDA:28,1,1,0
BRDA:48,2,0,0
BRDA:48,2,1,0
BRDA:64,3,0,0
BRDA:64,3,1,0
BRF:8
BRH:0
end_of_record
TN:
SF:src\lib\cleanupService.ts
FN:13,(anonymous_0)
FNF:1
FNH:0
FNDA:0,(anonymous_0)
DA:8,0
DA:14,0
DA:16,0
DA:18,0
DA:20,0
DA:24,0
DA:26,0
DA:29,0
DA:33,0
DA:35,0
DA:37,0
DA:39,0
LF:12
LH:0
BRDA:19,0,0,0
BRDA:19,0,1,0
BRDA:25,1,0,0
BRDA:25,1,1,0
BRDA:34,2,0,0
BRDA:34,2,1,0
BRF:6
BRH:0
end_of_record
TN:
SF:src\lib\conflictResolution.ts
FN:18,checkLocalDuplicate
FN:22,(anonymous_1)
FN:37,checkCacheDuplicate
FN:45,(anonymous_3)
FN:63,checkServerDuplicate
FN:91,isDuplicateTransaction
FNF:6
FNH:0
FNDA:0,checkLocalDuplicate
FNDA:0,(anonymous_1)
FNDA:0,checkCacheDuplicate
FNDA:0,(anonymous_3)
FNDA:0,checkServerDuplicate
FNDA:0,isDuplicateTransaction
DA:5,0
DA:6,0
DA:19,0
DA:20,0
DA:22,0
DA:23,0
DA:24,0
DA:25,0
DA:26,0
DA:27,0
DA:28,0
DA:30,0
DA:38,0
DA:39,0
DA:41,0
DA:42,0
DA:43,0
DA:45,0
DA:46,0
DA:47,0
DA:48,0
DA:49,0
DA:50,0
DA:51,0
DA:53,0
DA:56,0
DA:64,0
DA:66,0
DA:67,0
DA:68,0
DA:70,0
DA:80,0
DA:81,0
DA:82,0
DA:85,0
DA:93,0
DA:96,0
DA:99,0
DA:100,0
DA:101,0
DA:103,0
LF:41
LH:0
BRDA:6,0,0,0
BRDA:6,0,1,0
BRDA:23,1,0,0
BRDA:23,1,1,0
BRDA:23,2,0,0
BRDA:23,2,1,0
BRDA:30,3,0,0
BRDA:30,3,1,0
BRDA:30,3,2,0
BRDA:30,3,3,0
BRDA:39,4,0,0
BRDA:39,4,1,0
BRDA:46,5,0,0
BRDA:46,5,1,0
BRDA:46,6,0,0
BRDA:46,6,1,0
BRDA:53,7,0,0
BRDA:53,7,1,0
BRDA:53,7,2,0
BRDA:53,7,3,0
BRDA:64,8,0,0
BRDA:64,8,1,0
BRDA:80,9,0,0
BRDA:80,9,1,0
BRDA:85,10,0,0
BRDA:85,10,1,0
BRDA:93,11,0,0
BRDA:93,11,1,0
BRDA:96,12,0,0
BRDA:96,12,1,0
BRF:30
BRH:0
end_of_record
TN:
SF:src\lib\database.types.ts
FNF:0
FNH:0
LF:0
LH:0
BRF:0
BRH:0
end_of_record
TN:
SF:src\lib\gamificationService.ts
FN:9,(anonymous_0)
FN:17,(anonymous_1)
FN:36,(anonymous_2)
FN:64,(anonymous_3)
FNF:4
FNH:0
FNDA:0,(anonymous_0)
FNDA:0,(anonymous_1)
FNDA:0,(anonymous_2)
FNDA:0,(anonymous_3)
DA:9,0
DA:10,0
DA:11,0
DA:13,0
DA:15,0
DA:16,0
DA:17,0
DA:18,0
DA:20,0
DA:24,0
DA:25,0
DA:27,0
DA:33,0
DA:34,0
DA:35,0
DA:36,0
DA:37,0
DA:38,0
DA:41,0
DA:42,0
DA:43,0
DA:44,0
DA:47,0
DA:52,0
DA:53,0
DA:56,0
DA:57,0
DA:60,0
DA:61,0
DA:62,0
DA:63,0
DA:64,0
DA:65,0
DA:70,0
DA:72,0
DA:75,0
LF:36
LH:0
BRDA:16,0,0,0
BRDA:16,0,1,0
BRDA:33,1,0,0
BRDA:33,1,1,0
BRDA:33,2,0,0
BRDA:33,2,1,0
BRDA:37,3,0,0
BRDA:37,3,1,0
BRDA:41,4,0,0
BRDA:41,4,1,0
BRDA:43,5,0,0
BRDA:43,5,1,0
BRDA:44,6,0,0
BRDA:44,6,1,0
BRDA:47,7,0,0
BRDA:47,7,1,0
BRDA:57,8,0,0
BRDA:57,8,1,0
BRDA:57,9,0,0
BRDA:57,9,1,0
BRDA:61,10,0,0
BRDA:61,10,1,0
BRDA:65,11,0,0
BRDA:65,11,1,0
BRDA:70,12,0,0
BRDA:70,12,1,0
BRF:26
BRH:0
end_of_record
TN:
SF:src\lib\geofencing.ts
FN:10,(anonymous_0)
FN:26,getCachedTopSpots
FNF:2
FNH:0
FNDA:0,(anonymous_0)
FNDA:0,getCachedTopSpots
DA:6,0
DA:8,0
DA:10,0
DA:11,0
DA:12,0
DA:13,0
DA:15,0
DA:16,0
DA:27,0
DA:28,0
DA:29,0
DA:31,0
LF:12
LH:0
BRDA:6,0,0,0
BRDA:6,0,1,0
BRDA:11,1,0,0
BRDA:11,1,1,0
BRDA:15,2,0,0
BRDA:15,2,1,0
BRDA:29,3,0,0
BRDA:29,3,1,0
BRF:8
BRH:0
end_of_record
TN:
SF:src\lib\hapticService.ts
FN:10,(anonymous_0)
FN:17,(anonymous_1)
FN:24,(anonymous_2)
FN:31,(anonymous_3)
FN:38,(anonymous_4)
FN:45,(anonymous_5)
FN:52,(anonymous_6)
FN:56,(anonymous_7)
FN:61,(anonymous_8)
FN:64,(anonymous_9)
FNF:10
FNH:0
FNDA:0,(anonymous_0)
FNDA:0,(anonymous_1)
FNDA:0,(anonymous_2)
FNDA:0,(anonymous_3)
FNDA:0,(anonymous_4)
FNDA:0,(anonymous_5)
FNDA:0,(anonymous_6)
FNDA:0,(anonymous_7)
FNDA:0,(anonymous_8)
FNDA:0,(anonymous_9)
DA:8,0
DA:11,0
DA:12,0
DA:18,0
DA:19,0
DA:25,0
DA:26,0
DA:32,0
DA:33,0
DA:39,0
DA:40,0
DA:46,0
DA:47,0
DA:53,0
DA:54,0
DA:56,0
DA:62,0
DA:63,0
DA:64,0
LF:19
LH:0
BRDA:11,0,0,0
BRDA:11,0,1,0
BRDA:18,1,0,0
BRDA:18,1,1,0
BRDA:25,2,0,0
BRDA:25,2,1,0
BRDA:32,3,0,0
BRDA:32,3,1,0
BRDA:39,4,0,0
BRDA:39,4,1,0
BRDA:46,5,0,0
BRDA:46,5,1,0
BRDA:53,6,0,0
BRDA:53,6,1,0
BRDA:62,7,0,0
BRDA:62,7,1,0
BRF:16
BRH:0
end_of_record
TN:
SF:src\lib\i18n.ts
FNF:0
FNH:0
DA:4,0
DA:257,0
DA:258,0
LF:3
LH:0
BRF:0
BRH:0
end_of_record
TN:
SF:src\lib\lottieCache.ts
FN:9,ensureDirExists
FN:20,getCachedLottie
FN:46,clearLottieCache
FNF:3
FNH:0
FNDA:0,ensureDirExists
FNDA:0,getCachedLottie
FNDA:0,clearLottieCache
DA:4,0
DA:10,0
DA:11,0
DA:12,0
DA:21,0
DA:24,0
DA:25,0
DA:27,0
DA:29,0
DA:30,0
DA:33,0
DA:34,0
DA:35,0
DA:36,0
DA:38,0
DA:39,0
DA:47,0
DA:48,0
DA:49,0
LF:19
LH:0
BRDA:11,0,0,0
BRDA:11,0,1,0
BRDA:24,1,0,0
BRDA:24,1,1,0
BRDA:29,2,0,0
BRDA:29,2,1,0
BRDA:48,3,0,0
BRDA:48,3,1,0
BRF:8
BRH:0
end_of_record
TN:
SF:src\lib\networkMonitor.ts
FN:17,getIsConnected
FN:21,startNetworkMonitor
FN:29,handleConnectivityChange
FNF:3
FNH:0
FNDA:0,getIsConnected
FNDA:0,startNetworkMonitor
FNDA:0,handleConnectivityChange
DA:14,0
DA:18,0
DA:22,0
DA:25,0
DA:30,0
DA:31,0
DA:33,0
DA:36,0
DA:37,0
DA:38,0
DA:39,0
DA:40,0
DA:42,0
DA:44,0
DA:45,0
DA:47,0
DA:48,0
LF:17
LH:0
BRDA:31,0,0,0
BRDA:31,0,1,0
BRDA:36,1,0,0
BRDA:36,1,1,0
BRDA:36,2,0,0
BRDA:36,2,1,0
BRDA:38,3,0,0
BRDA:38,3,1,0
BRDA:44,4,0,0
BRDA:44,4,1,0
BRDA:47,5,0,0
BRDA:47,5,1,0
BRF:12
BRH:0
end_of_record
TN:
SF:src\lib\notificationService.ts
FN:18,(anonymous_0)
FN:20,(anonymous_1)
FN:51,(anonymous_2)
FNF:3
FNH:0
FNDA:0,(anonymous_0)
FNDA:0,(anonymous_1)
FNDA:0,(anonymous_2)
DA:11,0
DA:13,0
DA:18,0
DA:20,0
DA:21,0
DA:27,0
DA:32,0
DA:33,0
DA:34,0
DA:35,0
DA:37,0
DA:38,0
DA:41,0
DA:45,0
DA:51,0
DA:52,0
DA:53,0
DA:55,0
DA:56,0
DA:58,0
DA:60,0
DA:62,0
DA:65,0
DA:67,0
DA:68,0
DA:75,0
DA:78,0
DA:79,0
DA:80,0
DA:83,0
DA:84,0
DA:85,0
DA:86,0
DA:87,0
DA:95,0
DA:99,0
DA:100,0
DA:104,0
DA:111,0
DA:112,0
DA:120,0
DA:123,0
DA:124,0
DA:127,0
DA:139,0
DA:148,0
DA:149,0
DA:153,0
DA:156,0
DA:158,0
DA:159,0
LF:51
LH:0
BRDA:12,0,0,0
BRDA:12,0,1,0
BRDA:21,1,0,0
BRDA:21,1,1,0
BRDA:35,2,0,0
BRDA:35,2,1,0
BRDA:41,3,0,0
BRDA:41,3,1,0
BRDA:56,4,0,0
BRDA:56,4,1,0
BRDA:60,5,0,0
BRDA:60,5,1,0
BRDA:67,6,0,0
BRDA:67,6,1,0
BRDA:70,7,0,0
BRDA:70,7,1,0
BRDA:84,8,0,0
BRDA:84,8,1,0
BRDA:86,9,0,0
BRDA:86,9,1,0
BRDA:86,10,0,0
BRDA:86,10,1,0
BRDA:89,11,0,0
BRDA:89,11,1,0
BRDA:100,12,0,0
BRDA:100,12,1,0
BRDA:111,13,0,0
BRDA:111,13,1,0
BRDA:114,14,0,0
BRDA:114,14,1,0
BRDA:124,15,0,0
BRDA:124,15,1,0
BRDA:141,16,0,0
BRDA:141,16,1,0
BRDA:148,17,0,0
BRDA:148,17,1,0
BRDA:161,18,0,0
BRDA:161,18,1,0
BRDA:164,19,0,0
BRDA:164,19,1,0
BRF:40
BRH:0
end_of_record
TN:
SF:src\lib\notifications.ts
FN:6,(anonymous_0)
FN:16,refreshDailyReminder
FN:33,formatRp
FN:41,checkBudgetAlert
FN:49,(anonymous_4)
FN:59,(anonymous_5)
FNF:6
FNH:0
FNDA:0,(anonymous_0)
FNDA:0,refreshDailyReminder
FNDA:0,formatRp
FNDA:0,checkBudgetAlert
FNDA:0,(anonymous_4)
FNDA:0,(anonymous_5)
DA:5,0
DA:6,0
DA:17,0
DA:19,0
DA:34,0
DA:42,0
DA:43,0
DA:44,0
DA:49,0
DA:50,0
DA:52,0
DA:53,0
DA:54,0
DA:56,0
DA:57,0
DA:59,0
DA:60,0
DA:61,0
DA:63,0
DA:65,0
DA:73,0
DA:75,0
DA:85,0
LF:23
LH:0
BRDA:50,0,0,0
BRDA:50,0,1,0
BRDA:52,1,0,0
BRDA:52,1,1,0
BRDA:54,2,0,0
BRDA:54,2,1,0
BRDA:60,3,0,0
BRDA:60,3,1,0
BRDA:61,4,0,0
BRDA:61,4,1,0
BRDA:63,5,0,0
BRDA:63,5,1,0
BRDA:73,6,0,0
BRDA:73,6,1,0
BRF:14
BRH:0
end_of_record
TN:
SF:src\lib\offlineSync.ts
FN:42,generateLocalId
FN:47,getSyncQueue
FN:53,(anonymous_2)
FN:63,getPendingCount
FN:68,enqueueTransaction
FN:91,dequeueTransaction
FN:92,(anonymous_6)
FN:98,incrementRetry
FN:99,(anonymous_8)
FN:113,processSyncQueue
FN:122,(anonymous_10)
FN:144,(anonymous_11)
FN:169,(anonymous_12)
FN:170,(anonymous_13)
FN:173,(anonymous_14)
FNF:15
FNH:0
FNDA:0,generateLocalId
FNDA:0,getSyncQueue
FNDA:0,(anonymous_2)
FNDA:0,getPendingCount
FNDA:0,enqueueTransaction
FNDA:0,dequeueTransaction
FNDA:0,(anonymous_6)
FNDA:0,incrementRetry
FNDA:0,(anonymous_8)
FNDA:0,processSyncQueue
FNDA:0,(anonymous_10)
FNDA:0,(anonymous_11)
FNDA:0,(anonymous_12)
FNDA:0,(anonymous_13)
FNDA:0,(anonymous_14)
DA:16,0
DA:19,0
DA:43,0
DA:48,0
DA:49,0
DA:50,0
DA:51,0
DA:53,0
DA:58,0
DA:64,0
DA:72,0
DA:73,0
DA:74,0
DA:81,0
DA:82,0
DA:85,0
DA:87,0
DA:92,0
DA:93,0
DA:94,0
DA:99,0
DA:100,0
DA:101,0
DA:103,0
DA:105,0
DA:108,0
DA:114,0
DA:116,0
DA:117,0
DA:119,0
DA:121,0
DA:122,0
DA:125,0
DA:126,0
DA:140,0
DA:141,0
DA:142,0
DA:143,0
DA:144,0
DA:146,0
DA:150,0
DA:151,0
DA:152,0
DA:156,0
DA:159,0
DA:162,0
DA:163,0
DA:164,0
DA:166,0
DA:169,0
DA:170,0
DA:173,0
DA:174,0
DA:175,0
DA:176,0
DA:180,0
DA:181,0
DA:182,0
DA:185,0
DA:187,0
LF:60
LH:0
BRDA:17,0,0,0
BRDA:17,0,1,0
BRDA:49,1,0,0
BRDA:49,1,1,0
BRDA:55,2,0,0
BRDA:55,2,1,0
BRDA:70,3,0,0
BRDA:100,4,0,0
BRDA:100,4,1,0
BRDA:114,5,0,0
BRDA:114,5,1,0
BRDA:117,6,0,0
BRDA:117,6,1,0
BRDA:125,7,0,0
BRDA:125,7,1,0
BRDA:131,8,0,0
BRDA:131,8,1,0
BRDA:132,9,0,0
BRDA:132,9,1,0
BRDA:133,10,0,0
BRDA:133,10,1,0
BRDA:137,11,0,0
BRDA:137,11,1,0
BRDA:138,12,0,0
BRDA:138,12,1,0
BRDA:142,13,0,0
BRDA:142,13,1,0
BRDA:142,14,0,0
BRDA:142,14,1,0
BRDA:144,15,0,0
BRDA:144,15,1,0
BRDA:151,16,0,0
BRDA:151,16,1,0
BRDA:151,17,0,0
BRDA:151,17,1,0
BRDA:159,18,0,0
BRDA:159,18,1,0
BRDA:163,19,0,0
BRDA:163,19,1,0
BRDA:163,20,0,0
BRDA:163,20,1,0
BRDA:174,21,0,0
BRDA:174,21,1,0
BRDA:180,22,0,0
BRDA:180,22,1,0
BRF:45
BRH:0
end_of_record
TN:
SF:src\lib\realtimeSync.ts
FN:6,(anonymous_0)
FN:21,(anonymous_1)
FN:26,(anonymous_2)
FN:31,(anonymous_3)
FNF:4
FNH:0
FNDA:0,(anonymous_0)
FNDA:0,(anonymous_1)
FNDA:0,(anonymous_2)
FNDA:0,(anonymous_3)
DA:4,0
DA:6,0
DA:7,0
DA:8,0
DA:11,0
DA:22,0
DA:23,0
DA:27,0
DA:31,0
DA:32,0
DA:33,0
DA:34,0
LF:12
LH:0
BRDA:7,0,0,0
BRDA:7,0,1,0
BRDA:32,1,0,0
BRDA:32,1,1,0
BRF:4
BRH:0
end_of_record
TN:
SF:src\lib\recurringService.ts
FN:60,getFrequencyLabel
FN:65,calculateNextDue
FN:99,advanceNextDue
FN:117,fetchRecurringTransactions
FN:132,createRecurring
FN:156,toggleRecurring
FN:175,deleteRecurring
FN:201,processDueRecurrences
FN:215,(anonymous_8)
FN:238,(anonymous_9)
FNF:10
FNH:0
FNDA:0,getFrequencyLabel
FNDA:0,calculateNextDue
FNDA:0,advanceNextDue
FNDA:0,fetchRecurringTransactions
FNDA:0,createRecurring
FNDA:0,toggleRecurring
FNDA:0,deleteRecurring
FNDA:0,processDueRecurrences
FNDA:0,(anonymous_8)
FNDA:0,(anonymous_9)
DA:54,0
DA:61,0
DA:66,0
DA:67,0
DA:69,0
DA:71,0
DA:72,0
DA:73,0
DA:76,0
DA:77,0
DA:78,0
DA:79,0
DA:80,0
DA:81,0
DA:82,0
DA:83,0
DA:86,0
DA:87,0
DA:88,0
DA:89,0
DA:90,0
DA:92,0
DA:95,0
DA:100,0
DA:102,0
DA:103,0
DA:104,0
DA:105,0
DA:106,0
DA:107,0
DA:108,0
DA:109,0
DA:113,0
DA:118,0
DA:124,0
DA:125,0
DA:126,0
DA:128,0
DA:133,0
DA:135,0
DA:136,0
DA:138,0
DA:151,0
DA:152,0
DA:157,0
DA:158,0
DA:159,0
DA:161,0
DA:167,0
DA:168,0
DA:169,0
DA:171,0
DA:176,0
DA:177,0
DA:178,0
DA:180,0
DA:186,0
DA:187,0
DA:188,0
DA:190,0
DA:202,0
DA:204,0
DA:211,0
DA:212,0
DA:215,0
DA:217,0
DA:230,0
DA:231,0
DA:237,0
DA:238,0
DA:240,0
DA:241,0
DA:244,0
LF:73
LH:0
BRDA:61,0,0,0
BRDA:61,0,1,0
BRDA:69,1,0,0
BRDA:69,1,1,0
BRDA:76,2,0,0
BRDA:76,2,1,0
BRDA:77,3,0,0
BRDA:77,3,1,0
BRDA:80,4,0,0
BRDA:80,4,1,0
BRDA:86,5,0,0
BRDA:86,5,1,0
BRDA:87,6,0,0
BRDA:87,6,1,0
BRDA:89,7,0,0
BRDA:89,7,1,0
BRDA:102,8,0,0
BRDA:102,8,1,0
BRDA:104,9,0,0
BRDA:104,9,1,0
BRDA:106,10,0,0
BRDA:106,10,1,0
BRDA:108,11,0,0
BRDA:108,11,1,0
BRDA:124,12,0,0
BRDA:124,12,1,0
BRDA:128,13,0,0
BRDA:128,13,1,0
BRDA:139,14,0,0
BRDA:139,14,1,0
BRDA:145,15,0,0
BRDA:145,15,1,0
BRDA:145,16,0,0
BRDA:145,16,1,0
BRDA:146,17,0,0
BRDA:146,17,1,0
BRDA:146,18,0,0
BRDA:146,18,1,0
BRDA:151,19,0,0
BRDA:151,19,1,0
BRDA:159,20,0,0
BRDA:159,20,1,0
BRDA:167,21,0,0
BRDA:167,21,1,0
BRDA:178,22,0,0
BRDA:178,22,1,0
BRDA:186,23,0,0
BRDA:186,23,1,0
BRDA:211,24,0,0
BRDA:211,24,1,0
BRDA:211,25,0,0
BRDA:211,25,1,0
BRDA:211,25,2,0
BRDA:240,26,0,0
BRDA:240,26,1,0
BRF:55
BRH:0
end_of_record
TN:
SF:src\lib\storage.ts
FN:8,(anonymous_0)
FN:11,(anonymous_1)
FN:15,(anonymous_2)
FNF:3
FNH:0
FNDA:0,(anonymous_0)
FNDA:0,(anonymous_1)
FNDA:0,(anonymous_2)
DA:4,0
DA:7,0
DA:9,0
DA:12,0
DA:13,0
DA:16,0
LF:6
LH:0
BRDA:5,0,0,0
BRDA:5,0,1,0
BRDA:13,1,0,0
BRDA:13,1,1,0
BRF:4
BRH:0
end_of_record
TN:
SF:src\lib\supabase.ts
FN:7,(anonymous_0)
FN:10,(anonymous_1)
FN:13,(anonymous_2)
FNF:3
FNH:0
FNDA:0,(anonymous_0)
FNDA:0,(anonymous_1)
FNDA:0,(anonymous_2)
DA:6,0
DA:8,0
DA:11,0
DA:14,0
DA:18,0
DA:19,0
DA:21,0
LF:7
LH:0
BRDA:18,0,0,0
BRDA:18,0,1,0
BRDA:19,1,0,0
BRDA:19,1,1,0
BRF:4
BRH:0
end_of_record
TN:
SF:src\lib\transactionService.ts
FN:9,createTransaction
FN:53,updateTransaction
FN:91,deleteTransaction
FNF:3
FNH:3
FNDA:2,createTransaction
FNDA:2,updateTransaction
FNDA:2,deleteTransaction
DA:21,2
DA:22,2
DA:24,2
DA:25,1
DA:26,1
DA:30,1
DA:31,1
DA:33,0
DA:39,1
DA:47,1
DA:58,2
DA:60,2
DA:61,1
DA:62,1
DA:64,1
DA:70,1
DA:71,1
DA:73,0
DA:74,0
DA:79,1
DA:85,1
DA:92,2
DA:93,2
DA:94,1
DA:95,1
DA:97,1
DA:102,1
DA:103,1
DA:105,0
DA:106,0
DA:111,1
DA:116,1
LF:32
LH:27
BRDA:22,0,0,2
BRDA:22,0,1,2
BRDA:24,1,0,1
BRDA:24,1,1,1
BRDA:30,2,0,0
BRDA:30,2,1,1
BRDA:42,3,0,1
BRDA:42,3,1,1
BRDA:43,4,0,1
BRDA:43,4,1,1
BRDA:44,5,0,1
BRDA:44,5,1,1
BRDA:60,6,0,1
BRDA:60,6,1,1
BRDA:62,7,0,0
BRDA:62,7,1,1
BRDA:70,8,0,0
BRDA:70,8,1,1
BRDA:74,9,0,0
BRDA:74,9,1,0
BRDA:93,10,0,1
BRDA:93,10,1,1
BRDA:95,11,0,0
BRDA:95,11,1,1
BRDA:102,12,0,0
BRDA:102,12,1,1
BRDA:106,13,0,0
BRDA:106,13,1,0
BRF:28
BRH:19
end_of_record
TN:
SF:src\lib\transferService.ts
FN:11,createTransfer
FNF:1
FNH:1
FNDA:4,createTransfer
DA:19,4
DA:21,4
DA:22,1
DA:25,3
DA:26,1
DA:28,2
DA:31,2
DA:33,2
DA:35,2
DA:36,1
DA:38,1
DA:63,1
DA:68,1
DA:70,0
DA:71,0
DA:75,1
DA:90,1
DA:105,1
LF:18
LH:16
BRDA:21,0,0,1
BRDA:21,0,1,3
BRDA:25,1,0,1
BRDA:25,1,1,2
BRDA:28,2,0,2
BRDA:28,2,1,0
BRDA:28,3,0,2
BRDA:28,3,1,2
BRDA:35,4,0,1
BRDA:35,4,1,1
BRDA:63,5,0,0
BRDA:63,5,1,1
BRF:12
BRH:10
end_of_record
TN:
SF:src\store\useCategoryStore.ts
FN:46,(anonymous_0)
FN:49,(anonymous_1)
FN:50,(anonymous_2)
FN:51,(anonymous_3)
FN:52,(anonymous_4)
FN:53,(anonymous_5)
FN:55,(anonymous_6)
FN:56,(anonymous_7)
FN:59,(anonymous_8)
FN:61,(anonymous_9)
FN:69,(anonymous_10)
FN:76,(anonymous_11)
FN:83,(anonymous_12)
FN:96,(anonymous_13)
FN:113,(anonymous_14)
FNF:15
FNH:0
FNDA:0,(anonymous_0)
FNDA:0,(anonymous_1)
FNDA:0,(anonymous_2)
FNDA:0,(anonymous_3)
FNDA:0,(anonymous_4)
FNDA:0,(anonymous_5)
FNDA:0,(anonymous_6)
FNDA:0,(anonymous_7)
FNDA:0,(anonymous_8)
FNDA:0,(anonymous_9)
FNDA:0,(anonymous_10)
FNDA:0,(anonymous_11)
FNDA:0,(anonymous_12)
FNDA:0,(anonymous_13)
FNDA:0,(anonymous_14)
DA:14,0
DA:44,0
DA:46,0
DA:50,0
DA:52,0
DA:53,0
DA:56,0
DA:60,0
DA:61,0
DA:69,0
DA:74,0
DA:77,0
DA:80,0
DA:83,0
DA:93,0
DA:96,0
DA:102,0
DA:103,0
DA:107,0
DA:113,0
LF:20
LH:0
BRDA:66,0,0,0
BRDA:66,0,1,0
BRDA:93,1,0,0
BRDA:93,1,1,0
BRDA:102,2,0,0
BRDA:102,2,1,0
BRDA:107,3,0,0
BRDA:107,3,1,0
BRF:8
BRH:0
end_of_record
TN:
SF:src\store\useGamificationStore.ts
FN:8,(anonymous_0)
FN:9,(anonymous_1)
FN:10,(anonymous_2)
FN:46,(anonymous_3)
FN:83,(anonymous_4)
FN:85,(anonymous_5)
FN:85,(anonymous_6)
FN:86,(anonymous_7)
FN:93,(anonymous_8)
FN:93,(anonymous_9)
FN:111,(anonymous_10)
FNF:11
FNH:0
FNDA:0,(anonymous_0)
FNDA:0,(anonymous_1)
FNDA:0,(anonymous_2)
FNDA:0,(anonymous_3)
FNDA:0,(anonymous_4)
FNDA:0,(anonymous_5)
FNDA:0,(anonymous_6)
FNDA:0,(anonymous_7)
FNDA:0,(anonymous_8)
FNDA:0,(anonymous_9)
FNDA:0,(anonymous_10)
DA:5,0
DA:7,0
DA:8,0
DA:9,0
DA:10,0
DA:44,0
DA:46,0
DA:83,0
DA:85,0
DA:87,0
DA:93,0
DA:94,0
DA:95,0
DA:97,0
DA:98,0
DA:99,0
DA:101,0
DA:103,0
DA:111,0
LF:19
LH:0
BRDA:5,0,0,0
BRDA:5,0,1,0
BRDA:9,1,0,0
BRDA:9,1,1,0
BRDA:87,2,0,0
BRDA:87,2,1,0
BRDA:87,3,0,0
BRDA:87,3,1,0
BRDA:95,4,0,0
BRDA:95,4,1,0
BRDA:101,5,0,0
BRDA:101,5,1,0
BRF:12
BRH:0
end_of_record
TN:
SF:src\store\useNotificationLogStore.ts
FN:24,(anonymous_0)
FN:26,(anonymous_1)
FN:26,(anonymous_2)
FN:36,(anonymous_3)
FN:40,(anonymous_4)
FNF:5
FNH:0
FNDA:0,(anonymous_0)
FNDA:0,(anonymous_1)
FNDA:0,(anonymous_2)
FNDA:0,(anonymous_3)
FNDA:0,(anonymous_4)
DA:22,0
DA:24,0
DA:26,0
DA:36,0
DA:40,0
LF:5
LH:0
BRF:0
BRH:0
end_of_record
TN:
SF:src\store\useSettingsStore.ts
FN:8,(anonymous_0)
FN:11,(anonymous_1)
FN:15,(anonymous_2)
FN:62,(anonymous_3)
FN:80,(anonymous_4)
FN:80,(anonymous_5)
FN:81,(anonymous_6)
FN:81,(anonymous_7)
FN:82,(anonymous_8)
FN:83,(anonymous_9)
FN:84,(anonymous_10)
FN:85,(anonymous_11)
FN:86,(anonymous_12)
FN:86,(anonymous_13)
FN:89,(anonymous_14)
FN:91,(anonymous_15)
FN:91,(anonymous_16)
FN:98,(anonymous_17)
FN:98,(anonymous_18)
FN:99,(anonymous_19)
FN:102,(anonymous_20)
FN:102,(anonymous_21)
FN:103,(anonymous_22)
FN:106,(anonymous_23)
FN:106,(anonymous_24)
FN:107,(anonymous_25)
FN:110,(anonymous_26)
FN:110,(anonymous_27)
FN:113,(anonymous_28)
FN:113,(anonymous_29)
FN:114,(anonymous_30)
FN:119,(anonymous_31)
FNF:32
FNH:0
FNDA:0,(anonymous_0)
FNDA:0,(anonymous_1)
FNDA:0,(anonymous_2)
FNDA:0,(anonymous_3)
FNDA:0,(anonymous_4)
FNDA:0,(anonymous_5)
FNDA:0,(anonymous_6)
FNDA:0,(anonymous_7)
FNDA:0,(anonymous_8)
FNDA:0,(anonymous_9)
FNDA:0,(anonymous_10)
FNDA:0,(anonymous_11)
FNDA:0,(anonymous_12)
FNDA:0,(anonymous_13)
FNDA:0,(anonymous_14)
FNDA:0,(anonymous_15)
FNDA:0,(anonymous_16)
FNDA:0,(anonymous_17)
FNDA:0,(anonymous_18)
FNDA:0,(anonymous_19)
FNDA:0,(anonymous_20)
FNDA:0,(anonymous_21)
FNDA:0,(anonymous_22)
FNDA:0,(anonymous_23)
FNDA:0,(anonymous_24)
FNDA:0,(anonymous_25)
FNDA:0,(anonymous_26)
FNDA:0,(anonymous_27)
FNDA:0,(anonymous_28)
FNDA:0,(anonymous_29)
FNDA:0,(anonymous_30)
FNDA:0,(anonymous_31)
DA:5,0
DA:7,0
DA:9,0
DA:12,0
DA:13,0
DA:16,0
DA:60,0
DA:62,0
DA:80,0
DA:81,0
DA:82,0
DA:83,0
DA:84,0
DA:85,0
DA:86,0
DA:89,0
DA:91,0
DA:98,0
DA:99,0
DA:102,0
DA:103,0
DA:106,0
DA:107,0
DA:110,0
DA:113,0
DA:114,0
DA:119,0
LF:27
LH:0
BRDA:5,0,0,0
BRDA:5,0,1,0
BRDA:13,1,0,0
BRDA:13,1,1,0
BRDA:103,2,0,0
BRDA:103,2,1,0
BRDA:107,3,0,0
BRDA:107,3,1,0
BRDA:111,4,0,0
BRDA:111,4,1,0
BRF:10
BRH:0
end_of_record
TN:
SF:src\store\useUserStore.ts
FN:11,(anonymous_0)
FN:14,(anonymous_1)
FN:18,(anonymous_2)
FN:41,(anonymous_3)
FN:49,(anonymous_4)
FN:50,(anonymous_5)
FN:51,(anonymous_6)
FN:55,(anonymous_7)
FN:59,(anonymous_8)
FN:60,(anonymous_9)
FNF:10
FNH:0
FNDA:0,(anonymous_0)
FNDA:0,(anonymous_1)
FNDA:0,(anonymous_2)
FNDA:0,(anonymous_3)
FNDA:0,(anonymous_4)
FNDA:0,(anonymous_5)
FNDA:0,(anonymous_6)
FNDA:0,(anonymous_7)
FNDA:0,(anonymous_8)
FNDA:0,(anonymous_9)
DA:7,0
DA:10,0
DA:12,0
DA:15,0
DA:16,0
DA:19,0
DA:39,0
DA:41,0
DA:49,0
DA:50,0
DA:52,0
DA:53,0
DA:55,0
DA:59,0
DA:60,0
LF:15
LH:0
BRDA:8,0,0,0
BRDA:8,0,1,0
BRDA:16,1,0,0
BRDA:16,1,1,0
BRF:4
BRH:0
end_of_record
